<?xml version="1.0" encoding="UTF-8"?>
<testsuite xmlns:xsi="http://www.w3.org/2001/XMLSchema-instance" xsi:noNamespaceSchemaLocation="https://maven.apache.org/surefire/maven-surefire-plugin/xsd/surefire-test-report.xsd" version="3.0.2" name="com.lakehouse.spark.SparkIcebergJDBCIntegrationTest" time="39.848" tests="1" errors="0" skipped="0" failures="0">
  <properties>
[...]
</properties>
  <testcase name="should_QueryAggregatedData_When_UsingJdbcCatalog" classname="com.lakehouse.spark.SparkIcebergJDBCIntegrationTest" time="38.58">
    <system-err><![CDATA[Using Spark's default log4j profile: org/apache/spark/log4j2-defaults.properties
26/04/15 12:51:14 INFO SparkContext: Running Spark version 3.5.4
26/04/15 12:51:14 INFO SparkContext: OS info Windows 11, 10.0, amd64
26/04/15 12:51:14 INFO SparkContext: Java version 21.0.10
26/04/15 12:51:14 WARN NativeCodeLoader: Unable to load native-hadoop library for your platform... using builtin-java classes where applicable
26/04/15 12:51:14 INFO ResourceUtils: ==============================================================
26/04/15 12:51:14 INFO ResourceUtils: No custom resources configured for spark.driver.
26/04/15 12:51:14 INFO ResourceUtils: ==============================================================
26/04/15 12:51:14 INFO SparkContext: Submitted application: Spark JDBC Catalog Integration Test
26/04/15 12:51:14 INFO ResourceProfile: Default ResourceProfile created, executor resources: Map(cores -> name: cores, amount: 1, script: , vendor: , memory -> name: memory, amount: 1024, script: , vendor: , offHeap -> name: offHeap, amount: 0, script: , vendor: ), task resources: Map(cpus -> name: cpus, amount: 1.0)
26/04/15 12:51:14 INFO ResourceProfile: Limiting resource is cpu
26/04/15 12:51:14 INFO ResourceProfileManager: Added ResourceProfile id: 0
26/04/15 12:51:14 INFO SecurityManager: Changing view acls to: HW
26/04/15 12:51:14 INFO SecurityManager: Changing modify acls to: HW
26/04/15 12:51:14 INFO SecurityManager: Changing view acls groups to: 
26/04/15 12:51:14 INFO SecurityManager: Changing modify acls groups to: 
26/04/15 12:51:14 INFO SecurityManager: SecurityManager: authentication disabled; ui acls disabled; users with view permissions: HW; groups with view permissions: EMPTY; users with modify permissions: HW; groups with modify permissions: EMPTY
26/04/15 12:51:14 INFO Utils: Successfully started service 'sparkDriver' on port 46880.
26/04/15 12:51:14 INFO SparkEnv: Registering MapOutputTracker
26/04/15 12:51:14 INFO SparkEnv: Registering BlockManagerMaster
26/04/15 12:51:14 INFO BlockManagerMasterEndpoint: Using org.apache.spark.storage.DefaultTopologyMapper for getting topology information
26/04/15 12:51:14 INFO BlockManagerMasterEndpoint: BlockManagerMasterEndpoint up
26/04/15 12:51:14 INFO SparkEnv: Registering BlockManagerMasterHeartbeat
26/04/15 12:51:14 INFO DiskBlockManager: Created local directory at C:\Users\HW\AppData\Local\Temp\blockmgr-abb708b2-8348-496b-b70c-b338b7fa3e1a
26/04/15 12:51:14 INFO MemoryStore: MemoryStore started with capacity 2.2 GiB
26/04/15 12:51:14 INFO SparkEnv: Registering OutputCommitCoordinator
26/04/15 12:51:15 INFO JettyUtils: Start Jetty 0.0.0.0:4040 for SparkUI
26/04/15 12:51:15 INFO Utils: Successfully started service 'SparkUI' on port 4040.
26/04/15 12:51:15 INFO Executor: Starting executor ID driver on host LAPTOP-Q6THT75P
26/04/15 12:51:15 INFO Executor: OS info Windows 11, 10.0, amd64
26/04/15 12:51:15 INFO Executor: Java version 21.0.10
26/04/15 12:51:15 INFO Executor: Starting executor with user classpath (userClassPathFirst = false): ''
26/04/15 12:51:15 INFO Executor: Created or updated repl class loader org.apache.spark.util.MutableURLClassLoader@32f1fafe for default.
26/04/15 12:51:15 INFO Utils: Successfully started service 'org.apache.spark.network.netty.NettyBlockTransferService' on port 46885.
26/04/15 12:51:15 INFO NettyBlockTransferService: Server created on LAPTOP-Q6THT75P:46885
26/04/15 12:51:15 INFO BlockManager: Using org.apache.spark.storage.RandomBlockReplicationPolicy for block replication policy
26/04/15 12:51:15 INFO BlockManagerMaster: Registering BlockManager BlockManagerId(driver, LAPTOP-Q6THT75P, 46885, None)
26/04/15 12:51:15 INFO BlockManagerMasterEndpoint: Registering block manager LAPTOP-Q6THT75P:46885 with 2.2 GiB RAM, BlockManagerId(driver, LAPTOP-Q6THT75P, 46885, None)
26/04/15 12:51:15 INFO BlockManagerMaster: Registered BlockManager BlockManagerId(driver, LAPTOP-Q6THT75P, 46885, None)
26/04/15 12:51:15 INFO BlockManager: Initialized BlockManager: BlockManagerId(driver, LAPTOP-Q6THT75P, 46885, None)
26/04/15 12:51:15 INFO SharedState: Setting hive.metastore.warehouse.dir ('null') to the value of spark.sql.warehouse.dir.
26/04/15 12:51:15 INFO SharedState: Warehouse path is 'file:/D:/Workspace/catalog/spark-client/spark-warehouse'.
26/04/15 12:51:17 INFO CatalogUtil: Loading custom FileIO implementation: org.apache.iceberg.hadoop.HadoopFileIO
26/04/15 12:51:18 INFO BaseMetastoreCatalog: Table properties set at catalog level through catalog properties: {}
26/04/15 12:51:18 INFO BaseMetastoreCatalog: Table properties enforced at catalog level through catalog properties: {}
26/04/15 12:51:19 INFO BaseMetastoreTableOperations: Successfully committed to table db.orders in 676 ms
26/04/15 12:51:19 INFO BaseMetastoreTableOperations: Refreshing table metadata from new version: file:/C:/Users/HW/AppData/Local/Temp/junit-1968324579176899920/warehouse/db/orders/metadata/00000-cd6a2fa0-45b1-4930-a87e-c97535c06773.metadata.json
26/04/15 12:51:19 INFO SparkWrite: Requesting 0 bytes advisory partition size for table jdbc_lakehouse_61c7b303a21843cf8607096ac34b1f44.db.orders
26/04/15 12:51:19 INFO SparkWrite: Requesting UnspecifiedDistribution as write distribution for table jdbc_lakehouse_61c7b303a21843cf8607096ac34b1f44.db.orders
26/04/15 12:51:19 INFO SparkWrite: Requesting [] as write ordering for table jdbc_lakehouse_61c7b303a21843cf8607096ac34b1f44.db.orders
26/04/15 12:51:19 INFO CodeGenerator: Code generated in 244.9463 ms
26/04/15 12:51:20 INFO MemoryStore: Block broadcast_0 stored as values in memory (estimated size 32.0 KiB, free 2.2 GiB)
26/04/15 12:51:20 INFO MemoryStore: Block broadcast_0_piece0 stored as bytes in memory (estimated size 29.1 KiB, free 2.2 GiB)
26/04/15 12:51:20 INFO BlockManagerInfo: Added broadcast_0_piece0 in memory on LAPTOP-Q6THT75P:46885 (size: 29.1 KiB, free: 2.2 GiB)
26/04/15 12:51:20 INFO SparkContext: Created broadcast 0 from broadcast at SparkWrite.java:193
26/04/15 12:51:20 INFO AppendDataExec: Start processing data source write support: IcebergBatchWrite(table=jdbc_lakehouse_61c7b303a21843cf8607096ac34b1f44.db.orders, format=PARQUET). The input RDD has 4 partitions.
26/04/15 12:51:20 INFO SparkContext: Starting job: sql at SparkIcebergJDBCIntegrationTest.java:82
26/04/15 12:51:20 INFO DAGScheduler: Got job 0 (sql at SparkIcebergJDBCIntegrationTest.java:82) with 4 output partitions
26/04/15 12:51:20 INFO DAGScheduler: Final stage: ResultStage 0 (sql at SparkIcebergJDBCIntegrationTest.java:82)
26/04/15 12:51:20 INFO DAGScheduler: Parents of final stage: List()
26/04/15 12:51:20 INFO DAGScheduler: Missing parents: List()
26/04/15 12:51:20 INFO DAGScheduler: Submitting ResultStage 0 (MapPartitionsRDD[1] at sql at SparkIcebergJDBCIntegrationTest.java:82), which has no missing parents
26/04/15 12:51:20 INFO MemoryStore: Block broadcast_1 stored as values in memory (estimated size 7.9 KiB, free 2.2 GiB)
26/04/15 12:51:20 INFO MemoryStore: Block broadcast_1_piece0 stored as bytes in memory (estimated size 4.4 KiB, free 2.2 GiB)
26/04/15 12:51:20 INFO BlockManagerInfo: Added broadcast_1_piece0 in memory on LAPTOP-Q6THT75P:46885 (size: 4.4 KiB, free: 2.2 GiB)
26/04/15 12:51:20 INFO SparkContext: Created broadcast 1 from broadcast at DAGScheduler.scala:1585
26/04/15 12:51:20 INFO DAGScheduler: Submitting 4 missing tasks from ResultStage 0 (MapPartitionsRDD[1] at sql at SparkIcebergJDBCIntegrationTest.java:82) (first 15 tasks are for partitions Vector(0, 1, 2, 3))
26/04/15 12:51:20 INFO TaskSchedulerImpl: Adding task set 0.0 with 4 tasks resource profile 0
26/04/15 12:51:20 INFO TaskSetManager: Starting task 0.0 in stage 0.0 (TID 0) (LAPTOP-Q6THT75P, executor driver, partition 0, PROCESS_LOCAL, 9211 bytes) 
26/04/15 12:51:20 INFO TaskSetManager: Starting task 1.0 in stage 0.0 (TID 1) (LAPTOP-Q6THT75P, executor driver, partition 1, PROCESS_LOCAL, 9211 bytes) 
26/04/15 12:51:20 INFO TaskSetManager: Starting task 2.0 in stage 0.0 (TID 2) (LAPTOP-Q6THT75P, executor driver, partition 2, PROCESS_LOCAL, 9211 bytes) 
26/04/15 12:51:20 INFO TaskSetManager: Starting task 3.0 in stage 0.0 (TID 3) (LAPTOP-Q6THT75P, executor driver, partition 3, PROCESS_LOCAL, 9211 bytes) 
26/04/15 12:51:20 INFO Executor: Running task 1.0 in stage 0.0 (TID 1)
26/04/15 12:51:20 INFO Executor: Running task 0.0 in stage 0.0 (TID 0)
26/04/15 12:51:20 INFO Executor: Running task 3.0 in stage 0.0 (TID 3)
26/04/15 12:51:20 INFO Executor: Running task 2.0 in stage 0.0 (TID 2)
26/04/15 12:51:20 INFO CodecPool: Got brand-new compressor [.zstd]
26/04/15 12:51:20 INFO CodecPool: Got brand-new compressor [.zstd]
26/04/15 12:51:20 INFO CodecPool: Got brand-new compressor [.zstd]
26/04/15 12:51:20 INFO CodecPool: Got brand-new compressor [.zstd]
26/04/15 12:51:20 INFO DataWritingSparkTask: Writer for partition 1 is committing.
26/04/15 12:51:20 INFO DataWritingSparkTask: Writer for partition 0 is committing.
26/04/15 12:51:20 INFO DataWritingSparkTask: Writer for partition 2 is committing.
26/04/15 12:51:20 INFO DataWritingSparkTask: Writer for partition 3 is committing.
26/04/15 12:51:21 INFO DataWritingSparkTask: Committed partition 2 (task 2, attempt 0, stage 0.0)
26/04/15 12:51:21 INFO DataWritingSparkTask: Committed partition 3 (task 3, attempt 0, stage 0.0)
26/04/15 12:51:21 INFO DataWritingSparkTask: Committed partition 0 (task 0, attempt 0, stage 0.0)
26/04/15 12:51:21 INFO DataWritingSparkTask: Committed partition 1 (task 1, attempt 0, stage 0.0)
26/04/15 12:51:21 INFO Executor: Finished task 1.0 in stage 0.0 (TID 1). 4182 bytes result sent to driver
26/04/15 12:51:21 INFO Executor: Finished task 0.0 in stage 0.0 (TID 0). 4139 bytes result sent to driver
26/04/15 12:51:21 INFO Executor: Finished task 3.0 in stage 0.0 (TID 3). 4182 bytes result sent to driver
26/04/15 12:51:21 INFO Executor: Finished task 2.0 in stage 0.0 (TID 2). 4182 bytes result sent to driver
26/04/15 12:51:21 INFO TaskSetManager: Finished task 2.0 in stage 0.0 (TID 2) in 1310 ms on LAPTOP-Q6THT75P (executor driver) (1/4)
26/04/15 12:51:21 INFO TaskSetManager: Finished task 1.0 in stage 0.0 (TID 1) in 1316 ms on LAPTOP-Q6THT75P (executor driver) (2/4)
26/04/15 12:51:21 INFO TaskSetManager: Finished task 0.0 in stage 0.0 (TID 0) in 1347 ms on LAPTOP-Q6THT75P (executor driver) (3/4)
26/04/15 12:51:21 INFO TaskSetManager: Finished task 3.0 in stage 0.0 (TID 3) in 1318 ms on LAPTOP-Q6THT75P (executor driver) (4/4)
26/04/15 12:51:21 INFO TaskSchedulerImpl: Removed TaskSet 0.0, whose tasks have all completed, from pool 
26/04/15 12:51:21 INFO DAGScheduler: ResultStage 0 (sql at SparkIcebergJDBCIntegrationTest.java:82) finished in 1.470 s
26/04/15 12:51:21 INFO DAGScheduler: Job 0 is finished. Cancelling potential speculative or zombie tasks for this job
26/04/15 12:51:21 INFO TaskSchedulerImpl: Killing all running tasks in stage 0: Stage finished
26/04/15 12:51:21 INFO DAGScheduler: Job 0 finished: sql at SparkIcebergJDBCIntegrationTest.java:82, took 1.522623 s
26/04/15 12:51:21 INFO AppendDataExec: Data source write support IcebergBatchWrite(table=jdbc_lakehouse_61c7b303a21843cf8607096ac34b1f44.db.orders, format=PARQUET) is committing.
26/04/15 12:51:21 INFO SparkWrite: Committing append with 4 new data files to table jdbc_lakehouse_61c7b303a21843cf8607096ac34b1f44.db.orders
26/04/15 12:51:22 INFO BaseMetastoreTableOperations: Successfully committed to table db.orders in 171 ms
26/04/15 12:51:22 INFO SnapshotProducer: Committed snapshot 5497135637440489605 (MergeAppend)
26/04/15 12:51:22 INFO BaseMetastoreTableOperations: Refreshing table metadata from new version: file:/C:/Users/HW/AppData/Local/Temp/junit-1968324579176899920/warehouse/db/orders/metadata/00001-522195c2-353c-4e25-8223-9c6c5e1acd44.metadata.json
26/04/15 12:51:22 INFO BlockManagerInfo: Removed broadcast_1_piece0 on LAPTOP-Q6THT75P:46885 in memory (size: 4.4 KiB, free: 2.2 GiB)
26/04/15 12:51:22 INFO LoggingMetricsReporter: Received metrics report: CommitReport{tableName=jdbc_lakehouse_61c7b303a21843cf8607096ac34b1f44.db.orders, snapshotId=5497135637440489605, sequenceNumber=1, operation=append, commitMetrics=CommitMetricsResult{totalDuration=TimerResult{timeUnit=NANOSECONDS, totalDuration=PT0.9102987S, count=1}, attempts=CounterResult{unit=COUNT, value=1}, addedDataFiles=CounterResult{unit=COUNT, value=4}, removedDataFiles=null, totalDataFiles=CounterResult{unit=COUNT, value=4}, addedDeleteFiles=null, addedEqualityDeleteFiles=null, addedPositionalDeleteFiles=null, removedDeleteFiles=null, removedEqualityDeleteFiles=null, removedPositionalDeleteFiles=null, totalDeleteFiles=CounterResult{unit=COUNT, value=0}, addedRecords=CounterResult{unit=COUNT, value=4}, removedRecords=null, totalRecords=CounterResult{unit=COUNT, value=4}, addedFilesSizeInBytes=CounterResult{unit=BYTES, value=4828}, removedFilesSizeInBytes=null, totalFilesSizeInBytes=CounterResult{unit=BYTES, value=4828}, addedPositionalDeletes=null, removedPositionalDeletes=null, totalPositionalDeletes=CounterResult{unit=COUNT, value=0}, addedEqualityDeletes=null, removedEqualityDeletes=null, totalEqualityDeletes=CounterResult{unit=COUNT, value=0}}, metadata={engine-version=3.5.4, app-id=local-1776228675229, engine-name=spark, iceberg-version=Apache Iceberg 1.7.1 (commit 4a432839233f2343a9eae8255532f911f06358ef)}}
26/04/15 12:51:22 INFO SparkWrite: Committed in 970 ms
26/04/15 12:51:22 INFO AppendDataExec: Data source write support IcebergBatchWrite(table=jdbc_lakehouse_61c7b303a21843cf8607096ac34b1f44.db.orders, format=PARQUET) committed.
26/04/15 12:51:23 INFO V2ScanRelationPushDown: 
Pushing operators to jdbc_lakehouse_61c7b303a21843cf8607096ac34b1f44.db.orders
Pushed Filters: dt IS NOT NULL, dt = '2026-04-15'
Post-Scan Filters: isnotnull(dt#17),(dt#17 = 2026-04-15)
         
26/04/15 12:51:23 INFO V2ScanRelationPushDown: 
Output: user_id#15L, amount#16, dt#17
         
26/04/15 12:51:23 INFO SnapshotScan: Scanning table jdbc_lakehouse_61c7b303a21843cf8607096ac34b1f44.db.orders snapshot 5497135637440489605 created at 2026-04-15T04:51:22.490+00:00 with filter (dt IS NOT NULL AND dt = (date-today))
26/04/15 12:51:23 INFO BaseDistributedDataScan: Planning file tasks locally for table jdbc_lakehouse_61c7b303a21843cf8607096ac34b1f44.db.orders
26/04/15 12:51:23 INFO SparkPartitioningAwareScan: Reporting UnknownPartitioning with 1 partition(s) for table jdbc_lakehouse_61c7b303a21843cf8607096ac34b1f44.db.orders
26/04/15 12:51:23 INFO MemoryStore: Block broadcast_2 stored as values in memory (estimated size 32.0 KiB, free 2.2 GiB)
26/04/15 12:51:23 INFO MemoryStore: Block broadcast_2_piece0 stored as bytes in memory (estimated size 29.3 KiB, free 2.2 GiB)
26/04/15 12:51:23 INFO BlockManagerInfo: Added broadcast_2_piece0 in memory on LAPTOP-Q6THT75P:46885 (size: 29.3 KiB, free: 2.2 GiB)
26/04/15 12:51:23 INFO SparkContext: Created broadcast 2 from broadcast at SparkBatch.java:79
26/04/15 12:51:23 INFO MemoryStore: Block broadcast_3 stored as values in memory (estimated size 32.0 KiB, free 2.2 GiB)
26/04/15 12:51:23 INFO MemoryStore: Block broadcast_3_piece0 stored as bytes in memory (estimated size 29.4 KiB, free 2.2 GiB)
26/04/15 12:51:23 INFO BlockManagerInfo: Added broadcast_3_piece0 in memory on LAPTOP-Q6THT75P:46885 (size: 29.4 KiB, free: 2.2 GiB)
26/04/15 12:51:23 INFO SparkContext: Created broadcast 3 from broadcast at SparkBatch.java:79
26/04/15 12:51:24 INFO CodeGenerator: Code generated in 192.6488 ms
26/04/15 12:51:24 INFO DAGScheduler: Registering RDD 5 (collectAsList at SparkIcebergJDBCIntegrationTest.java:95) as input to shuffle 0
26/04/15 12:51:24 INFO DAGScheduler: Got map stage job 1 (collectAsList at SparkIcebergJDBCIntegrationTest.java:95) with 1 output partitions
26/04/15 12:51:24 INFO DAGScheduler: Final stage: ShuffleMapStage 1 (collectAsList at SparkIcebergJDBCIntegrationTest.java:95)
26/04/15 12:51:24 INFO DAGScheduler: Parents of final stage: List()
26/04/15 12:51:24 INFO DAGScheduler: Missing parents: List()
26/04/15 12:51:24 INFO DAGScheduler: Submitting ShuffleMapStage 1 (MapPartitionsRDD[5] at collectAsList at SparkIcebergJDBCIntegrationTest.java:95), which has no missing parents
26/04/15 12:51:24 INFO MemoryStore: Block broadcast_4 stored as values in memory (estimated size 44.9 KiB, free 2.2 GiB)
26/04/15 12:51:24 INFO MemoryStore: Block broadcast_4_piece0 stored as bytes in memory (estimated size 19.3 KiB, free 2.2 GiB)
26/04/15 12:51:24 INFO BlockManagerInfo: Added broadcast_4_piece0 in memory on LAPTOP-Q6THT75P:46885 (size: 19.3 KiB, free: 2.2 GiB)
26/04/15 12:51:24 INFO SparkContext: Created broadcast 4 from broadcast at DAGScheduler.scala:1585
26/04/15 12:51:24 INFO DAGScheduler: Submitting 1 missing tasks from ShuffleMapStage 1 (MapPartitionsRDD[5] at collectAsList at SparkIcebergJDBCIntegrationTest.java:95) (first 15 tasks are for partitions Vector(0))
26/04/15 12:51:24 INFO TaskSchedulerImpl: Adding task set 1.0 with 1 tasks resource profile 0
26/04/15 12:51:24 INFO TaskSetManager: Starting task 0.0 in stage 1.0 (TID 4) (LAPTOP-Q6THT75P, executor driver, partition 0, PROCESS_LOCAL, 14808 bytes) 
26/04/15 12:51:24 INFO Executor: Running task 0.0 in stage 1.0 (TID 4)
26/04/15 12:51:24 INFO CodeGenerator: Code generated in 86.4656 ms
26/04/15 12:51:24 INFO CodeGenerator: Code generated in 15.6748 ms
26/04/15 12:51:24 INFO CodeGenerator: Code generated in 11.0573 ms
26/04/15 12:51:24 INFO CodeGenerator: Code generated in 11.8587 ms
26/04/15 12:51:24 INFO CodeGenerator: Code generated in 11.4518 ms
26/04/15 12:51:24 INFO VectorizedSparkParquetReaders: Enabling arrow.enable_unsafe_memory_access
26/04/15 12:51:24 INFO VectorizedSparkParquetReaders: Disabling arrow.enable_null_check_for_get
26/04/15 12:51:24 INFO BaseAllocator: Debug mode disabled. Enable with the VM option -Darrow.memory.debug.allocator=true.
26/04/15 12:51:24 INFO DefaultAllocationManagerOption: allocation manager type not specified, using netty as the default type
26/04/15 12:51:24 INFO CheckAllocator: Using DefaultAllocationManager at memory/DefaultAllocationManagerFactory.class
26/04/15 12:51:25 INFO CodecPool: Got brand-new decompressor [.zstd]
26/04/15 12:51:25 INFO CodecPool: Got brand-new decompressor [.zstd]
26/04/15 12:51:25 INFO CodecPool: Got brand-new decompressor [.zstd]
26/04/15 12:51:25 INFO Executor: Finished task 0.0 in stage 1.0 (TID 4). 5502 bytes result sent to driver
26/04/15 12:51:25 INFO TaskSetManager: Finished task 0.0 in stage 1.0 (TID 4) in 1045 ms on LAPTOP-Q6THT75P (executor driver) (1/1)
26/04/15 12:51:25 INFO TaskSchedulerImpl: Removed TaskSet 1.0, whose tasks have all completed, from pool 
26/04/15 12:51:25 INFO DAGScheduler: ShuffleMapStage 1 (collectAsList at SparkIcebergJDBCIntegrationTest.java:95) finished in 1.078 s
26/04/15 12:51:25 INFO DAGScheduler: looking for newly runnable stages
26/04/15 12:51:25 INFO DAGScheduler: running: Set()
26/04/15 12:51:25 INFO DAGScheduler: waiting: Set()
26/04/15 12:51:25 INFO DAGScheduler: failed: Set()
26/04/15 12:51:25 INFO ShufflePartitionsUtil: For shuffle(0), advisory target size: 67108864, actual target size 1048576, minimum partition size: 1048576
26/04/15 12:51:25 INFO HashAggregateExec: spark.sql.codegen.aggregate.map.twolevel.enabled is set to true, but current version of codegened fast hashmap does not support this aggregate.
26/04/15 12:51:25 INFO CodeGenerator: Code generated in 32.7783 ms
26/04/15 12:51:25 INFO CodeGenerator: Code generated in 28.3098 ms
26/04/15 12:51:25 INFO SparkContext: Starting job: collectAsList at SparkIcebergJDBCIntegrationTest.java:95
26/04/15 12:51:25 INFO DAGScheduler: Got job 2 (collectAsList at SparkIcebergJDBCIntegrationTest.java:95) with 1 output partitions
26/04/15 12:51:25 INFO DAGScheduler: Final stage: ResultStage 3 (collectAsList at SparkIcebergJDBCIntegrationTest.java:95)
26/04/15 12:51:25 INFO DAGScheduler: Parents of final stage: List(ShuffleMapStage 2)
26/04/15 12:51:25 INFO DAGScheduler: Missing parents: List()
26/04/15 12:51:25 INFO DAGScheduler: Submitting ResultStage 3 (MapPartitionsRDD[10] at collectAsList at SparkIcebergJDBCIntegrationTest.java:95), which has no missing parents
26/04/15 12:51:25 INFO MemoryStore: Block broadcast_5 stored as values in memory (estimated size 47.4 KiB, free 2.2 GiB)
26/04/15 12:51:25 INFO MemoryStore: Block broadcast_5_piece0 stored as bytes in memory (estimated size 21.3 KiB, free 2.2 GiB)
26/04/15 12:51:25 INFO BlockManagerInfo: Added broadcast_5_piece0 in memory on LAPTOP-Q6THT75P:46885 (size: 21.3 KiB, free: 2.2 GiB)
26/04/15 12:51:25 INFO SparkContext: Created broadcast 5 from broadcast at DAGScheduler.scala:1585
26/04/15 12:51:25 INFO DAGScheduler: Submitting 1 missing tasks from ResultStage 3 (MapPartitionsRDD[10] at collectAsList at SparkIcebergJDBCIntegrationTest.java:95) (first 15 tasks are for partitions Vector(0))
26/04/15 12:51:25 INFO TaskSchedulerImpl: Adding task set 3.0 with 1 tasks resource profile 0
26/04/15 12:51:25 INFO TaskSetManager: Starting task 0.0 in stage 3.0 (TID 5) (LAPTOP-Q6THT75P, executor driver, partition 0, NODE_LOCAL, 8999 bytes) 
26/04/15 12:51:25 INFO Executor: Running task 0.0 in stage 3.0 (TID 5)
26/04/15 12:51:25 INFO ShuffleBlockFetcherIterator: Getting 1 (144.0 B) non-empty blocks including 1 (144.0 B) local and 0 (0.0 B) host-local and 0 (0.0 B) push-merged-local and 0 (0.0 B) remote blocks
26/04/15 12:51:25 INFO ShuffleBlockFetcherIterator: Started 0 remote fetches in 19 ms
26/04/15 12:51:26 INFO CodeGenerator: Code generated in 29.6898 ms
26/04/15 12:51:26 INFO CodeGenerator: Code generated in 12.2516 ms
26/04/15 12:51:26 INFO Executor: Finished task 0.0 in stage 3.0 (TID 5). 8025 bytes result sent to driver
26/04/15 12:51:26 INFO TaskSetManager: Finished task 0.0 in stage 3.0 (TID 5) in 189 ms on LAPTOP-Q6THT75P (executor driver) (1/1)
26/04/15 12:51:26 INFO TaskSchedulerImpl: Removed TaskSet 3.0, whose tasks have all completed, from pool 
26/04/15 12:51:26 INFO DAGScheduler: ResultStage 3 (collectAsList at SparkIcebergJDBCIntegrationTest.java:95) finished in 0.206 s
26/04/15 12:51:26 INFO DAGScheduler: Job 2 is finished. Cancelling potential speculative or zombie tasks for this job
26/04/15 12:51:26 INFO TaskSchedulerImpl: Killing all running tasks in stage 3: Stage finished
26/04/15 12:51:26 INFO DAGScheduler: Job 2 finished: collectAsList at SparkIcebergJDBCIntegrationTest.java:95, took 0.230224 s
26/04/15 12:51:26 INFO DAGScheduler: Registering RDD 11 (collectAsList at SparkIcebergJDBCIntegrationTest.java:95) as input to shuffle 1
26/04/15 12:51:26 INFO DAGScheduler: Got map stage job 3 (collectAsList at SparkIcebergJDBCIntegrationTest.java:95) with 1 output partitions
26/04/15 12:51:26 INFO DAGScheduler: Final stage: ShuffleMapStage 5 (collectAsList at SparkIcebergJDBCIntegrationTest.java:95)
26/04/15 12:51:26 INFO DAGScheduler: Parents of final stage: List(ShuffleMapStage 4)
26/04/15 12:51:26 INFO DAGScheduler: Missing parents: List()
26/04/15 12:51:26 INFO DAGScheduler: Submitting ShuffleMapStage 5 (MapPartitionsRDD[11] at collectAsList at SparkIcebergJDBCIntegrationTest.java:95), which has no missing parents
26/04/15 12:51:26 INFO MemoryStore: Block broadcast_6 stored as values in memory (estimated size 47.7 KiB, free 2.2 GiB)
26/04/15 12:51:26 INFO MemoryStore: Block broadcast_6_piece0 stored as bytes in memory (estimated size 21.5 KiB, free 2.2 GiB)
26/04/15 12:51:26 INFO BlockManagerInfo: Added broadcast_6_piece0 in memory on LAPTOP-Q6THT75P:46885 (size: 21.5 KiB, free: 2.2 GiB)
26/04/15 12:51:26 INFO SparkContext: Created broadcast 6 from broadcast at DAGScheduler.scala:1585
26/04/15 12:51:26 INFO DAGScheduler: Submitting 1 missing tasks from ShuffleMapStage 5 (MapPartitionsRDD[11] at collectAsList at SparkIcebergJDBCIntegrationTest.java:95) (first 15 tasks are for partitions Vector(0))
26/04/15 12:51:26 INFO TaskSchedulerImpl: Adding task set 5.0 with 1 tasks resource profile 0
26/04/15 12:51:26 INFO TaskSetManager: Starting task 0.0 in stage 5.0 (TID 6) (LAPTOP-Q6THT75P, executor driver, partition 0, NODE_LOCAL, 8988 bytes) 
26/04/15 12:51:26 INFO Executor: Running task 0.0 in stage 5.0 (TID 6)
26/04/15 12:51:26 INFO CodeGenerator: Code generated in 14.9083 ms
26/04/15 12:51:26 INFO ShuffleBlockFetcherIterator: Getting 1 (144.0 B) non-empty blocks including 1 (144.0 B) local and 0 (0.0 B) host-local and 0 (0.0 B) push-merged-local and 0 (0.0 B) remote blocks
26/04/15 12:51:26 INFO ShuffleBlockFetcherIterator: Started 0 remote fetches in 3 ms
26/04/15 12:51:26 INFO Executor: Finished task 0.0 in stage 5.0 (TID 6). 8040 bytes result sent to driver
26/04/15 12:51:26 INFO TaskSetManager: Finished task 0.0 in stage 5.0 (TID 6) in 109 ms on LAPTOP-Q6THT75P (executor driver) (1/1)
26/04/15 12:51:26 INFO TaskSchedulerImpl: Removed TaskSet 5.0, whose tasks have all completed, from pool 
26/04/15 12:51:26 INFO DAGScheduler: ShuffleMapStage 5 (collectAsList at SparkIcebergJDBCIntegrationTest.java:95) finished in 0.134 s
26/04/15 12:51:26 INFO DAGScheduler: looking for newly runnable stages
26/04/15 12:51:26 INFO DAGScheduler: running: Set()
26/04/15 12:51:26 INFO DAGScheduler: waiting: Set()
26/04/15 12:51:26 INFO DAGScheduler: failed: Set()
26/04/15 12:51:26 INFO ShufflePartitionsUtil: For shuffle(1), advisory target size: 67108864, actual target size 1048576, minimum partition size: 1048576
26/04/15 12:51:26 INFO CodeGenerator: Code generated in 33.9116 ms
26/04/15 12:51:26 INFO SparkContext: Starting job: collectAsList at SparkIcebergJDBCIntegrationTest.java:95
26/04/15 12:51:26 INFO DAGScheduler: Got job 4 (collectAsList at SparkIcebergJDBCIntegrationTest.java:95) with 1 output partitions
26/04/15 12:51:26 INFO DAGScheduler: Final stage: ResultStage 8 (collectAsList at SparkIcebergJDBCIntegrationTest.java:95)
26/04/15 12:51:26 INFO DAGScheduler: Parents of final stage: List(ShuffleMapStage 7)
26/04/15 12:51:26 INFO DAGScheduler: Missing parents: List()
26/04/15 12:51:26 INFO DAGScheduler: Submitting ResultStage 8 (MapPartitionsRDD[14] at collectAsList at SparkIcebergJDBCIntegrationTest.java:95), which has no missing parents
26/04/15 12:51:26 INFO MemoryStore: Block broadcast_7 stored as values in memory (estimated size 43.4 KiB, free 2.2 GiB)
26/04/15 12:51:26 INFO MemoryStore: Block broadcast_7_piece0 stored as bytes in memory (estimated size 20.1 KiB, free 2.2 GiB)
26/04/15 12:51:26 INFO BlockManagerInfo: Added broadcast_7_piece0 in memory on LAPTOP-Q6THT75P:46885 (size: 20.1 KiB, free: 2.2 GiB)
26/04/15 12:51:26 INFO SparkContext: Created broadcast 7 from broadcast at DAGScheduler.scala:1585
26/04/15 12:51:26 INFO DAGScheduler: Submitting 1 missing tasks from ResultStage 8 (MapPartitionsRDD[14] at collectAsList at SparkIcebergJDBCIntegrationTest.java:95) (first 15 tasks are for partitions Vector(0))
26/04/15 12:51:26 INFO TaskSchedulerImpl: Adding task set 8.0 with 1 tasks resource profile 0
26/04/15 12:51:26 INFO TaskSetManager: Starting task 0.0 in stage 8.0 (TID 7) (LAPTOP-Q6THT75P, executor driver, partition 0, NODE_LOCAL, 8999 bytes) 
26/04/15 12:51:26 INFO Executor: Running task 0.0 in stage 8.0 (TID 7)
26/04/15 12:51:26 INFO ShuffleBlockFetcherIterator: Getting 1 (144.0 B) non-empty blocks including 1 (144.0 B) local and 0 (0.0 B) host-local and 0 (0.0 B) push-merged-local and 0 (0.0 B) remote blocks
26/04/15 12:51:26 INFO ShuffleBlockFetcherIterator: Started 0 remote fetches in 1 ms
26/04/15 12:51:26 INFO CodeGenerator: Code generated in 17.2911 ms
26/04/15 12:51:26 INFO CodeGenerator: Code generated in 14.3397 ms
26/04/15 12:51:26 INFO CodeGenerator: Code generated in 14.713 ms
26/04/15 12:51:26 INFO Executor: Finished task 0.0 in stage 8.0 (TID 7). 9388 bytes result sent to driver
26/04/15 12:51:26 INFO TaskSetManager: Finished task 0.0 in stage 8.0 (TID 7) in 145 ms on LAPTOP-Q6THT75P (executor driver) (1/1)
26/04/15 12:51:26 INFO TaskSchedulerImpl: Removed TaskSet 8.0, whose tasks have all completed, from pool 
26/04/15 12:51:26 INFO DAGScheduler: ResultStage 8 (collectAsList at SparkIcebergJDBCIntegrationTest.java:95) finished in 0.159 s
26/04/15 12:51:26 INFO DAGScheduler: Job 4 is finished. Cancelling potential speculative or zombie tasks for this job
26/04/15 12:51:26 INFO TaskSchedulerImpl: Killing all running tasks in stage 8: Stage finished
26/04/15 12:51:26 INFO DAGScheduler: Job 4 finished: collectAsList at SparkIcebergJDBCIntegrationTest.java:95, took 0.168501 s
26/04/15 12:51:26 INFO CodeGenerator: Code generated in 13.056 ms
26/04/15 12:51:28 INFO CodeGenerator: Code generated in 31.937 ms
26/04/15 12:51:28 INFO CodeGenerator: Code generated in 8.3399 ms
26/04/15 12:51:28 INFO CodeGenerator: Code generated in 10.6099 ms
26/04/15 12:51:28 INFO JdbcCatalog: Dropped table: db.orders
26/04/15 12:51:28 INFO MemoryStore: Block broadcast_8 stored as values in memory (estimated size 32.0 KiB, free 2.2 GiB)
26/04/15 12:51:28 INFO MemoryStore: Block broadcast_8_piece0 stored as bytes in memory (estimated size 29.3 KiB, free 2.2 GiB)
26/04/15 12:51:28 INFO BlockManagerInfo: Added broadcast_8_piece0 in memory on LAPTOP-Q6THT75P:46885 (size: 29.3 KiB, free: 2.2 GiB)
26/04/15 12:51:28 INFO SparkContext: Created broadcast 8 from broadcast at BaseSparkAction.java:148
26/04/15 12:51:28 INFO CodeGenerator: Code generated in 15.8232 ms
26/04/15 12:51:28 INFO V2ScanRelationPushDown: 
Output: content#63, path#64, length#65L, partition_spec_id#66, added_snapshot_id#67L
         
26/04/15 12:51:28 INFO V2ScanRelationPushDown: 
Output: path#123
         
26/04/15 12:51:28 INFO BaseAllMetadataTableScan: Scanning metadata table file:/C:/Users/HW/AppData/Local/Temp/junit-1968324579176899920/warehouse/db/orders/metadata/00001-522195c2-353c-4e25-8223-9c6c5e1acd44.metadata.json.all_manifests with filter true.
26/04/15 12:51:28 INFO SparkPartitioningAwareScan: Reporting UnknownPartitioning with 1 partition(s) for table file:/C:/Users/HW/AppData/Local/Temp/junit-1968324579176899920/warehouse/db/orders/metadata/00001-522195c2-353c-4e25-8223-9c6c5e1acd44.metadata.json#all_manifests
26/04/15 12:51:28 INFO BaseAllMetadataTableScan: Scanning metadata table file:/C:/Users/HW/AppData/Local/Temp/junit-1968324579176899920/warehouse/db/orders/metadata/00001-522195c2-353c-4e25-8223-9c6c5e1acd44.metadata.json.all_manifests with filter true.
26/04/15 12:51:28 INFO SparkPartitioningAwareScan: Reporting UnknownPartitioning with 1 partition(s) for table file:/C:/Users/HW/AppData/Local/Temp/junit-1968324579176899920/warehouse/db/orders/metadata/00001-522195c2-353c-4e25-8223-9c6c5e1acd44.metadata.json#all_manifests
26/04/15 12:51:28 INFO MemoryStore: Block broadcast_9 stored as values in memory (estimated size 32.0 KiB, free 2.2 GiB)
26/04/15 12:51:28 INFO MemoryStore: Block broadcast_9_piece0 stored as bytes in memory (estimated size 29.7 KiB, free 2.2 GiB)
26/04/15 12:51:28 INFO BlockManagerInfo: Added broadcast_9_piece0 in memory on LAPTOP-Q6THT75P:46885 (size: 29.7 KiB, free: 2.2 GiB)
26/04/15 12:51:28 INFO SparkContext: Created broadcast 9 from broadcast at SparkBatch.java:79
26/04/15 12:51:28 INFO MemoryStore: Block broadcast_10 stored as values in memory (estimated size 32.0 KiB, free 2.2 GiB)
26/04/15 12:51:28 INFO MemoryStore: Block broadcast_10_piece0 stored as bytes in memory (estimated size 29.7 KiB, free 2.2 GiB)
26/04/15 12:51:28 INFO BlockManagerInfo: Added broadcast_10_piece0 in memory on LAPTOP-Q6THT75P:46885 (size: 29.7 KiB, free: 2.2 GiB)
26/04/15 12:51:28 INFO SparkContext: Created broadcast 10 from broadcast at SparkBatch.java:79
26/04/15 12:51:28 INFO MemoryStore: Block broadcast_11 stored as values in memory (estimated size 32.0 KiB, free 2.2 GiB)
26/04/15 12:51:28 INFO MemoryStore: Block broadcast_11_piece0 stored as bytes in memory (estimated size 29.7 KiB, free 2.2 GiB)
26/04/15 12:51:28 INFO BlockManagerInfo: Added broadcast_11_piece0 in memory on LAPTOP-Q6THT75P:46885 (size: 29.7 KiB, free: 2.2 GiB)
26/04/15 12:51:28 INFO SparkContext: Created broadcast 11 from broadcast at SparkBatch.java:79
26/04/15 12:51:28 INFO BlockManagerInfo: Removed broadcast_4_piece0 on LAPTOP-Q6THT75P:46885 in memory (size: 19.3 KiB, free: 2.2 GiB)
26/04/15 12:51:28 INFO MemoryStore: Block broadcast_12 stored as values in memory (estimated size 32.0 KiB, free 2.2 GiB)
26/04/15 12:51:28 INFO MemoryStore: Block broadcast_12_piece0 stored as bytes in memory (estimated size 29.7 KiB, free 2.2 GiB)
26/04/15 12:51:28 INFO BlockManagerInfo: Added broadcast_12_piece0 in memory on LAPTOP-Q6THT75P:46885 (size: 29.7 KiB, free: 2.2 GiB)
26/04/15 12:51:28 INFO SparkContext: Created broadcast 12 from broadcast at SparkBatch.java:79
26/04/15 12:51:28 INFO BlockManagerInfo: Removed broadcast_3_piece0 on LAPTOP-Q6THT75P:46885 in memory (size: 29.4 KiB, free: 2.2 GiB)
26/04/15 12:51:28 INFO BlockManagerInfo: Removed broadcast_5_piece0 on LAPTOP-Q6THT75P:46885 in memory (size: 21.3 KiB, free: 2.2 GiB)
26/04/15 12:51:29 INFO BlockManagerInfo: Removed broadcast_2_piece0 on LAPTOP-Q6THT75P:46885 in memory (size: 29.3 KiB, free: 2.2 GiB)
26/04/15 12:51:29 INFO BlockManagerInfo: Removed broadcast_6_piece0 on LAPTOP-Q6THT75P:46885 in memory (size: 21.5 KiB, free: 2.2 GiB)
26/04/15 12:51:29 INFO BlockManagerInfo: Removed broadcast_7_piece0 on LAPTOP-Q6THT75P:46885 in memory (size: 20.1 KiB, free: 2.2 GiB)
26/04/15 12:51:29 INFO BlockManagerInfo: Removed broadcast_0_piece0 on LAPTOP-Q6THT75P:46885 in memory (size: 29.1 KiB, free: 2.2 GiB)
26/04/15 12:51:29 INFO CodeGenerator: Code generated in 46.8423 ms
26/04/15 12:51:29 INFO DAGScheduler: Registering RDD 18 (collectAsList at DeleteReachableFilesSparkAction.java:111) as input to shuffle 2
26/04/15 12:51:29 INFO DAGScheduler: Got map stage job 5 (collectAsList at DeleteReachableFilesSparkAction.java:111) with 1 output partitions
26/04/15 12:51:29 INFO DAGScheduler: Final stage: ShuffleMapStage 9 (collectAsList at DeleteReachableFilesSparkAction.java:111)
26/04/15 12:51:29 INFO DAGScheduler: Parents of final stage: List()
26/04/15 12:51:29 INFO DAGScheduler: Missing parents: List()
26/04/15 12:51:29 INFO DAGScheduler: Submitting ShuffleMapStage 9 (MapPartitionsRDD[18] at collectAsList at DeleteReachableFilesSparkAction.java:111), which has no missing parents
26/04/15 12:51:29 INFO MemoryStore: Block broadcast_13 stored as values in memory (estimated size 49.0 KiB, free 2.2 GiB)
26/04/15 12:51:29 INFO MemoryStore: Block broadcast_13_piece0 stored as bytes in memory (estimated size 19.9 KiB, free 2.2 GiB)
26/04/15 12:51:29 INFO BlockManagerInfo: Added broadcast_13_piece0 in memory on LAPTOP-Q6THT75P:46885 (size: 19.9 KiB, free: 2.2 GiB)
26/04/15 12:51:29 INFO SparkContext: Created broadcast 13 from broadcast at DAGScheduler.scala:1585
26/04/15 12:51:29 INFO DAGScheduler: Submitting 1 missing tasks from ShuffleMapStage 9 (MapPartitionsRDD[18] at collectAsList at DeleteReachableFilesSparkAction.java:111) (first 15 tasks are for partitions Vector(0))
26/04/15 12:51:29 INFO TaskSchedulerImpl: Adding task set 9.0 with 1 tasks resource profile 0
26/04/15 12:51:29 INFO TaskSetManager: Starting task 0.0 in stage 9.0 (TID 8) (LAPTOP-Q6THT75P, executor driver, partition 0, PROCESS_LOCAL, 72195 bytes) 
26/04/15 12:51:29 INFO Executor: Running task 0.0 in stage 9.0 (TID 8)
26/04/15 12:51:29 INFO CodeGenerator: Code generated in 50.8349 ms
26/04/15 12:51:29 INFO CodeGenerator: Code generated in 15.0932 ms
26/04/15 12:51:29 INFO CodeGenerator: Code generated in 11.1208 ms
26/04/15 12:51:29 INFO CodeGenerator: Code generated in 14.8108 ms
26/04/15 12:51:29 INFO CodeGenerator: Code generated in 9.6347 ms
26/04/15 12:51:29 INFO Executor: Finished task 0.0 in stage 9.0 (TID 8). 5264 bytes result sent to driver
26/04/15 12:51:29 INFO TaskSetManager: Finished task 0.0 in stage 9.0 (TID 8) in 246 ms on LAPTOP-Q6THT75P (executor driver) (1/1)
26/04/15 12:51:29 INFO TaskSchedulerImpl: Removed TaskSet 9.0, whose tasks have all completed, from pool 
26/04/15 12:51:29 INFO DAGScheduler: ShuffleMapStage 9 (collectAsList at DeleteReachableFilesSparkAction.java:111) finished in 0.256 s
26/04/15 12:51:29 INFO DAGScheduler: looking for newly runnable stages
26/04/15 12:51:29 INFO DAGScheduler: running: Set()
26/04/15 12:51:29 INFO DAGScheduler: waiting: Set()
26/04/15 12:51:29 INFO DAGScheduler: failed: Set()
26/04/15 12:51:29 INFO MemoryStore: Block broadcast_14 stored as values in memory (estimated size 32.0 KiB, free 2.2 GiB)
26/04/15 12:51:29 INFO MemoryStore: Block broadcast_14_piece0 stored as bytes in memory (estimated size 29.7 KiB, free 2.2 GiB)
26/04/15 12:51:29 INFO BlockManagerInfo: Added broadcast_14_piece0 in memory on LAPTOP-Q6THT75P:46885 (size: 29.7 KiB, free: 2.2 GiB)
26/04/15 12:51:29 INFO SparkContext: Created broadcast 14 from broadcast at SparkBatch.java:79
26/04/15 12:51:29 INFO ShufflePartitionsUtil: For shuffle(2), advisory target size: 67108864, actual target size 1048576, minimum partition size: 1048576
26/04/15 12:51:29 INFO HashAggregateExec: spark.sql.codegen.aggregate.map.twolevel.enabled is set to true, but current version of codegened fast hashmap does not support this aggregate.
26/04/15 12:51:29 INFO CodeGenerator: Code generated in 276.4078 ms
26/04/15 12:51:29 INFO DAGScheduler: Registering RDD 22 (collectAsList at DeleteReachableFilesSparkAction.java:111) as input to shuffle 3
26/04/15 12:51:29 INFO DAGScheduler: Got map stage job 6 (collectAsList at DeleteReachableFilesSparkAction.java:111) with 1 output partitions
26/04/15 12:51:29 INFO DAGScheduler: Final stage: ShuffleMapStage 11 (collectAsList at DeleteReachableFilesSparkAction.java:111)
26/04/15 12:51:29 INFO DAGScheduler: Parents of final stage: List(ShuffleMapStage 10)
26/04/15 12:51:29 INFO DAGScheduler: Missing parents: List()
26/04/15 12:51:29 INFO DAGScheduler: Submitting ShuffleMapStage 11 (MapPartitionsRDD[22] at collectAsList at DeleteReachableFilesSparkAction.java:111), which has no missing parents
26/04/15 12:51:29 INFO MemoryStore: Block broadcast_15 stored as values in memory (estimated size 60.8 KiB, free 2.2 GiB)
26/04/15 12:51:29 INFO MemoryStore: Block broadcast_15_piece0 stored as bytes in memory (estimated size 23.7 KiB, free 2.2 GiB)
26/04/15 12:51:29 INFO BlockManagerInfo: Added broadcast_15_piece0 in memory on LAPTOP-Q6THT75P:46885 (size: 23.7 KiB, free: 2.2 GiB)
26/04/15 12:51:29 INFO SparkContext: Created broadcast 15 from broadcast at DAGScheduler.scala:1585
26/04/15 12:51:29 INFO DAGScheduler: Submitting 1 missing tasks from ShuffleMapStage 11 (MapPartitionsRDD[22] at collectAsList at DeleteReachableFilesSparkAction.java:111) (first 15 tasks are for partitions Vector(0))
26/04/15 12:51:29 INFO TaskSchedulerImpl: Adding task set 11.0 with 1 tasks resource profile 0
26/04/15 12:51:29 INFO TaskSetManager: Starting task 0.0 in stage 11.0 (TID 9) (LAPTOP-Q6THT75P, executor driver, partition 0, NODE_LOCAL, 8988 bytes) 
26/04/15 12:51:29 INFO Executor: Running task 0.0 in stage 11.0 (TID 9)
26/04/15 12:51:29 INFO ShuffleBlockFetcherIterator: Getting 1 (251.0 B) non-empty blocks including 1 (251.0 B) local and 0 (0.0 B) host-local and 0 (0.0 B) push-merged-local and 0 (0.0 B) remote blocks
26/04/15 12:51:29 INFO ShuffleBlockFetcherIterator: Started 0 remote fetches in 4 ms
26/04/15 12:51:29 INFO CodeGenerator: Code generated in 57.3782 ms
26/04/15 12:51:30 INFO Executor: Finished task 0.0 in stage 11.0 (TID 9). 8003 bytes result sent to driver
26/04/15 12:51:30 INFO TaskSetManager: Finished task 0.0 in stage 11.0 (TID 9) in 271 ms on LAPTOP-Q6THT75P (executor driver) (1/1)
26/04/15 12:51:30 INFO TaskSchedulerImpl: Removed TaskSet 11.0, whose tasks have all completed, from pool 
26/04/15 12:51:30 INFO DAGScheduler: ShuffleMapStage 11 (collectAsList at DeleteReachableFilesSparkAction.java:111) finished in 0.317 s
26/04/15 12:51:30 INFO DAGScheduler: looking for newly runnable stages
26/04/15 12:51:30 INFO DAGScheduler: running: Set()
26/04/15 12:51:30 INFO DAGScheduler: waiting: Set()
26/04/15 12:51:30 INFO DAGScheduler: failed: Set()
26/04/15 12:51:30 INFO MemoryStore: Block broadcast_16 stored as values in memory (estimated size 32.0 KiB, free 2.2 GiB)
26/04/15 12:51:30 INFO MemoryStore: Block broadcast_16_piece0 stored as bytes in memory (estimated size 29.7 KiB, free 2.2 GiB)
26/04/15 12:51:30 INFO BlockManagerInfo: Added broadcast_16_piece0 in memory on LAPTOP-Q6THT75P:46885 (size: 29.7 KiB, free: 2.2 GiB)
26/04/15 12:51:30 INFO SparkContext: Created broadcast 16 from broadcast at SparkBatch.java:79
26/04/15 12:51:30 INFO CodeGenerator: Code generated in 42.6098 ms
26/04/15 12:51:30 INFO CodeGenerator: Code generated in 24.8985 ms
26/04/15 12:51:30 INFO CodeGenerator: Code generated in 14.2578 ms
26/04/15 12:51:30 INFO CodeGenerator: Code generated in 44.2126 ms
26/04/15 12:51:30 WARN GarbageCollectionMetrics: To enable non-built-in garbage collector(s) List(G1 Concurrent GC), users should configure it(them) to spark.eventLog.gcMetrics.youngGenerationGarbageCollectors or spark.eventLog.gcMetrics.oldGenerationGarbageCollectors
26/04/15 12:51:30 INFO DAGScheduler: Registering RDD 36 (collectAsList at DeleteReachableFilesSparkAction.java:111) as input to shuffle 4
26/04/15 12:51:30 INFO DAGScheduler: Got map stage job 7 (collectAsList at DeleteReachableFilesSparkAction.java:111) with 205 output partitions
26/04/15 12:51:30 INFO DAGScheduler: Final stage: ShuffleMapStage 14 (collectAsList at DeleteReachableFilesSparkAction.java:111)
26/04/15 12:51:30 INFO DAGScheduler: Parents of final stage: List(ShuffleMapStage 13)
26/04/15 12:51:30 INFO DAGScheduler: Missing parents: List()
26/04/15 12:51:30 INFO DAGScheduler: Submitting ShuffleMapStage 14 (MapPartitionsRDD[36] at collectAsList at DeleteReachableFilesSparkAction.java:111), which has no missing parents
26/04/15 12:51:30 INFO MemoryStore: Block broadcast_17 stored as values in memory (estimated size 83.1 KiB, free 2.2 GiB)
26/04/15 12:51:30 INFO MemoryStore: Block broadcast_17_piece0 stored as bytes in memory (estimated size 34.3 KiB, free 2.2 GiB)
26/04/15 12:51:30 INFO BlockManagerInfo: Added broadcast_17_piece0 in memory on LAPTOP-Q6THT75P:46885 (size: 34.3 KiB, free: 2.2 GiB)
26/04/15 12:51:30 INFO SparkContext: Created broadcast 17 from broadcast at DAGScheduler.scala:1585
26/04/15 12:51:30 INFO DAGScheduler: Submitting 205 missing tasks from ShuffleMapStage 14 (MapPartitionsRDD[36] at collectAsList at DeleteReachableFilesSparkAction.java:111) (first 15 tasks are for partitions Vector(0, 1, 2, 3, 4, 5, 6, 7, 8, 9, 10, 11, 12, 13, 14))
26/04/15 12:51:30 INFO TaskSchedulerImpl: Adding task set 14.0 with 205 tasks resource profile 0
26/04/15 12:51:30 INFO TaskSetManager: Starting task 29.0 in stage 14.0 (TID 10) (LAPTOP-Q6THT75P, executor driver, partition 29, NODE_LOCAL, 9097 bytes) 
26/04/15 12:51:30 INFO TaskSetManager: Starting task 0.0 in stage 14.0 (TID 11) (LAPTOP-Q6THT75P, executor driver, partition 0, PROCESS_LOCAL, 9097 bytes) 
26/04/15 12:51:30 INFO TaskSetManager: Starting task 1.0 in stage 14.0 (TID 12) (LAPTOP-Q6THT75P, executor driver, partition 1, PROCESS_LOCAL, 9097 bytes) 
26/04/15 12:51:30 INFO TaskSetManager: Starting task 2.0 in stage 14.0 (TID 13) (LAPTOP-Q6THT75P, executor driver, partition 2, PROCESS_LOCAL, 9097 bytes) 
26/04/15 12:51:30 INFO TaskSetManager: Starting task 3.0 in stage 14.0 (TID 14) (LAPTOP-Q6THT75P, executor driver, partition 3, PROCESS_LOCAL, 9097 bytes) 
26/04/15 12:51:30 INFO TaskSetManager: Starting task 4.0 in stage 14.0 (TID 15) (LAPTOP-Q6THT75P, executor driver, partition 4, PROCESS_LOCAL, 9097 bytes) 
26/04/15 12:51:30 INFO TaskSetManager: Starting task 5.0 in stage 14.0 (TID 16) (LAPTOP-Q6THT75P, executor driver, partition 5, PROCESS_LOCAL, 9097 bytes) 
26/04/15 12:51:30 INFO TaskSetManager: Starting task 6.0 in stage 14.0 (TID 17) (LAPTOP-Q6THT75P, executor driver, partition 6, PROCESS_LOCAL, 9097 bytes) 
26/04/15 12:51:30 INFO Executor: Running task 0.0 in stage 14.0 (TID 11)
26/04/15 12:51:30 INFO Executor: Running task 2.0 in stage 14.0 (TID 13)
26/04/15 12:51:30 INFO Executor: Running task 29.0 in stage 14.0 (TID 10)
26/04/15 12:51:30 INFO Executor: Running task 1.0 in stage 14.0 (TID 12)
26/04/15 12:51:30 INFO Executor: Running task 6.0 in stage 14.0 (TID 17)
26/04/15 12:51:30 INFO Executor: Running task 5.0 in stage 14.0 (TID 16)
26/04/15 12:51:30 INFO Executor: Running task 3.0 in stage 14.0 (TID 14)
26/04/15 12:51:30 INFO Executor: Running task 4.0 in stage 14.0 (TID 15)
26/04/15 12:51:30 INFO ShuffleBlockFetcherIterator: Getting 0 (0.0 B) non-empty blocks including 0 (0.0 B) local and 0 (0.0 B) host-local and 0 (0.0 B) push-merged-local and 0 (0.0 B) remote blocks
26/04/15 12:51:30 INFO ShuffleBlockFetcherIterator: Getting 0 (0.0 B) non-empty blocks including 0 (0.0 B) local and 0 (0.0 B) host-local and 0 (0.0 B) push-merged-local and 0 (0.0 B) remote blocks
26/04/15 12:51:30 INFO ShuffleBlockFetcherIterator: Started 0 remote fetches in 0 ms
26/04/15 12:51:30 INFO ShuffleBlockFetcherIterator: Started 0 remote fetches in 1 ms
26/04/15 12:51:30 INFO ShuffleBlockFetcherIterator: Getting 0 (0.0 B) non-empty blocks including 0 (0.0 B) local and 0 (0.0 B) host-local and 0 (0.0 B) push-merged-local and 0 (0.0 B) remote blocks
26/04/15 12:51:30 INFO ShuffleBlockFetcherIterator: Started 0 remote fetches in 0 ms
26/04/15 12:51:30 INFO ShuffleBlockFetcherIterator: Getting 0 (0.0 B) non-empty blocks including 0 (0.0 B) local and 0 (0.0 B) host-local and 0 (0.0 B) push-merged-local and 0 (0.0 B) remote blocks
26/04/15 12:51:30 INFO ShuffleBlockFetcherIterator: Started 0 remote fetches in 3 ms
26/04/15 12:51:30 INFO ShuffleBlockFetcherIterator: Getting 1 (228.0 B) non-empty blocks including 1 (228.0 B) local and 0 (0.0 B) host-local and 0 (0.0 B) push-merged-local and 0 (0.0 B) remote blocks
26/04/15 12:51:30 INFO ShuffleBlockFetcherIterator: Started 0 remote fetches in 2 ms
26/04/15 12:51:30 INFO ShuffleBlockFetcherIterator: Getting 0 (0.0 B) non-empty blocks including 0 (0.0 B) local and 0 (0.0 B) host-local and 0 (0.0 B) push-merged-local and 0 (0.0 B) remote blocks
26/04/15 12:51:30 INFO ShuffleBlockFetcherIterator: Started 0 remote fetches in 8 ms
26/04/15 12:51:30 INFO ShuffleBlockFetcherIterator: Getting 0 (0.0 B) non-empty blocks including 0 (0.0 B) local and 0 (0.0 B) host-local and 0 (0.0 B) push-merged-local and 0 (0.0 B) remote blocks
26/04/15 12:51:30 INFO ShuffleBlockFetcherIterator: Started 0 remote fetches in 10 ms
26/04/15 12:51:30 INFO ShuffleBlockFetcherIterator: Getting 0 (0.0 B) non-empty blocks including 0 (0.0 B) local and 0 (0.0 B) host-local and 0 (0.0 B) push-merged-local and 0 (0.0 B) remote blocks
26/04/15 12:51:30 INFO ShuffleBlockFetcherIterator: Started 0 remote fetches in 1 ms
26/04/15 12:51:30 INFO CodeGenerator: Code generated in 19.1122 ms
26/04/15 12:51:30 INFO CodeGenerator: Code generated in 10.9824 ms
26/04/15 12:51:30 INFO CodeGenerator: Code generated in 31.2914 ms
26/04/15 12:51:30 INFO CodeGenerator: Code generated in 12.8186 ms
26/04/15 12:51:30 INFO CodeGenerator: Code generated in 4.6001 ms
26/04/15 12:51:30 INFO BlockManagerInfo: Removed broadcast_15_piece0 on LAPTOP-Q6THT75P:46885 in memory (size: 23.7 KiB, free: 2.2 GiB)
26/04/15 12:51:30 INFO CodeGenerator: Code generated in 24.6306 ms
26/04/15 12:51:30 INFO Executor: Finished task 3.0 in stage 14.0 (TID 14). 11997 bytes result sent to driver
26/04/15 12:51:30 INFO TaskSetManager: Starting task 7.0 in stage 14.0 (TID 18) (LAPTOP-Q6THT75P, executor driver, partition 7, PROCESS_LOCAL, 9097 bytes) 
26/04/15 12:51:30 INFO Executor: Running task 7.0 in stage 14.0 (TID 18)
26/04/15 12:51:30 INFO Executor: Finished task 2.0 in stage 14.0 (TID 13). 11997 bytes result sent to driver
26/04/15 12:51:30 INFO TaskSetManager: Finished task 3.0 in stage 14.0 (TID 14) in 278 ms on LAPTOP-Q6THT75P (executor driver) (1/205)
26/04/15 12:51:30 INFO Executor: Finished task 5.0 in stage 14.0 (TID 16). 11954 bytes result sent to driver
26/04/15 12:51:30 INFO TaskSetManager: Starting task 8.0 in stage 14.0 (TID 19) (LAPTOP-Q6THT75P, executor driver, partition 8, PROCESS_LOCAL, 9097 bytes) 
26/04/15 12:51:30 INFO Executor: Running task 8.0 in stage 14.0 (TID 19)
26/04/15 12:51:30 INFO TaskSetManager: Starting task 9.0 in stage 14.0 (TID 20) (LAPTOP-Q6THT75P, executor driver, partition 9, PROCESS_LOCAL, 9097 bytes) 
26/04/15 12:51:30 INFO Executor: Finished task 0.0 in stage 14.0 (TID 11). 11954 bytes result sent to driver
26/04/15 12:51:30 INFO Executor: Finished task 6.0 in stage 14.0 (TID 17). 11997 bytes result sent to driver
26/04/15 12:51:30 INFO TaskSetManager: Finished task 2.0 in stage 14.0 (TID 13) in 312 ms on LAPTOP-Q6THT75P (executor driver) (2/205)
26/04/15 12:51:30 INFO Executor: Running task 9.0 in stage 14.0 (TID 20)
26/04/15 12:51:30 INFO TaskSetManager: Finished task 5.0 in stage 14.0 (TID 16) in 314 ms on LAPTOP-Q6THT75P (executor driver) (3/205)
26/04/15 12:51:30 INFO Executor: Finished task 4.0 in stage 14.0 (TID 15). 11997 bytes result sent to driver
26/04/15 12:51:30 INFO Executor: Finished task 1.0 in stage 14.0 (TID 12). 11997 bytes result sent to driver
26/04/15 12:51:30 INFO TaskSetManager: Starting task 10.0 in stage 14.0 (TID 21) (LAPTOP-Q6THT75P, executor driver, partition 10, PROCESS_LOCAL, 9097 bytes) 
26/04/15 12:51:30 INFO TaskSetManager: Starting task 11.0 in stage 14.0 (TID 22) (LAPTOP-Q6THT75P, executor driver, partition 11, PROCESS_LOCAL, 9097 bytes) 
26/04/15 12:51:30 INFO TaskSetManager: Starting task 12.0 in stage 14.0 (TID 23) (LAPTOP-Q6THT75P, executor driver, partition 12, PROCESS_LOCAL, 9097 bytes) 
26/04/15 12:51:30 INFO Executor: Running task 10.0 in stage 14.0 (TID 21)
26/04/15 12:51:30 INFO Executor: Running task 11.0 in stage 14.0 (TID 22)
26/04/15 12:51:30 INFO TaskSetManager: Starting task 13.0 in stage 14.0 (TID 24) (LAPTOP-Q6THT75P, executor driver, partition 13, PROCESS_LOCAL, 9097 bytes) 
26/04/15 12:51:30 INFO Executor: Running task 12.0 in stage 14.0 (TID 23)
26/04/15 12:51:30 INFO Executor: Running task 13.0 in stage 14.0 (TID 24)
26/04/15 12:51:30 INFO TaskSetManager: Finished task 6.0 in stage 14.0 (TID 17) in 326 ms on LAPTOP-Q6THT75P (executor driver) (4/205)
26/04/15 12:51:30 INFO TaskSetManager: Finished task 0.0 in stage 14.0 (TID 11) in 332 ms on LAPTOP-Q6THT75P (executor driver) (5/205)
26/04/15 12:51:30 INFO TaskSetManager: Finished task 4.0 in stage 14.0 (TID 15) in 330 ms on LAPTOP-Q6THT75P (executor driver) (6/205)
26/04/15 12:51:30 INFO TaskSetManager: Finished task 1.0 in stage 14.0 (TID 12) in 331 ms on LAPTOP-Q6THT75P (executor driver) (7/205)
26/04/15 12:51:30 INFO ShuffleBlockFetcherIterator: Getting 0 (0.0 B) non-empty blocks including 0 (0.0 B) local and 0 (0.0 B) host-local and 0 (0.0 B) push-merged-local and 0 (0.0 B) remote blocks
26/04/15 12:51:30 INFO ShuffleBlockFetcherIterator: Getting 0 (0.0 B) non-empty blocks including 0 (0.0 B) local and 0 (0.0 B) host-local and 0 (0.0 B) push-merged-local and 0 (0.0 B) remote blocks
26/04/15 12:51:30 INFO ShuffleBlockFetcherIterator: Started 0 remote fetches in 1 ms
26/04/15 12:51:30 INFO ShuffleBlockFetcherIterator: Started 0 remote fetches in 2 ms
26/04/15 12:51:30 INFO ShuffleBlockFetcherIterator: Getting 0 (0.0 B) non-empty blocks including 0 (0.0 B) local and 0 (0.0 B) host-local and 0 (0.0 B) push-merged-local and 0 (0.0 B) remote blocks
26/04/15 12:51:30 INFO ShuffleBlockFetcherIterator: Getting 0 (0.0 B) non-empty blocks including 0 (0.0 B) local and 0 (0.0 B) host-local and 0 (0.0 B) push-merged-local and 0 (0.0 B) remote blocks
26/04/15 12:51:30 INFO ShuffleBlockFetcherIterator: Started 0 remote fetches in 0 ms
26/04/15 12:51:30 INFO ShuffleBlockFetcherIterator: Started 0 remote fetches in 0 ms
26/04/15 12:51:30 INFO ShuffleBlockFetcherIterator: Getting 0 (0.0 B) non-empty blocks including 0 (0.0 B) local and 0 (0.0 B) host-local and 0 (0.0 B) push-merged-local and 0 (0.0 B) remote blocks
26/04/15 12:51:30 INFO ShuffleBlockFetcherIterator: Started 0 remote fetches in 13 ms
26/04/15 12:51:30 INFO ShuffleBlockFetcherIterator: Getting 0 (0.0 B) non-empty blocks including 0 (0.0 B) local and 0 (0.0 B) host-local and 0 (0.0 B) push-merged-local and 0 (0.0 B) remote blocks
26/04/15 12:51:30 INFO ShuffleBlockFetcherIterator: Started 0 remote fetches in 0 ms
26/04/15 12:51:30 INFO Executor: Finished task 7.0 in stage 14.0 (TID 18). 11911 bytes result sent to driver
26/04/15 12:51:30 INFO BlockManagerInfo: Removed broadcast_16_piece0 on LAPTOP-Q6THT75P:46885 in memory (size: 29.7 KiB, free: 2.2 GiB)
26/04/15 12:51:30 INFO TaskSetManager: Starting task 14.0 in stage 14.0 (TID 25) (LAPTOP-Q6THT75P, executor driver, partition 14, PROCESS_LOCAL, 9097 bytes) 
26/04/15 12:51:30 INFO Executor: Running task 14.0 in stage 14.0 (TID 25)
26/04/15 12:51:30 INFO TaskSetManager: Finished task 7.0 in stage 14.0 (TID 18) in 99 ms on LAPTOP-Q6THT75P (executor driver) (8/205)
26/04/15 12:51:30 INFO ShuffleBlockFetcherIterator: Getting 0 (0.0 B) non-empty blocks including 0 (0.0 B) local and 0 (0.0 B) host-local and 0 (0.0 B) push-merged-local and 0 (0.0 B) remote blocks
26/04/15 12:51:30 INFO ShuffleBlockFetcherIterator: Started 0 remote fetches in 0 ms
26/04/15 12:51:30 INFO Executor: Finished task 8.0 in stage 14.0 (TID 19). 11911 bytes result sent to driver
26/04/15 12:51:30 INFO Executor: Finished task 9.0 in stage 14.0 (TID 20). 11954 bytes result sent to driver
26/04/15 12:51:30 INFO TaskSetManager: Starting task 15.0 in stage 14.0 (TID 26) (LAPTOP-Q6THT75P, executor driver, partition 15, PROCESS_LOCAL, 9097 bytes) 
26/04/15 12:51:30 INFO Executor: Running task 15.0 in stage 14.0 (TID 26)
26/04/15 12:51:30 INFO TaskSetManager: Starting task 16.0 in stage 14.0 (TID 27) (LAPTOP-Q6THT75P, executor driver, partition 16, PROCESS_LOCAL, 9097 bytes) 
26/04/15 12:51:30 INFO TaskSetManager: Finished task 8.0 in stage 14.0 (TID 19) in 86 ms on LAPTOP-Q6THT75P (executor driver) (9/205)
26/04/15 12:51:30 INFO Executor: Running task 16.0 in stage 14.0 (TID 27)
26/04/15 12:51:30 INFO TaskSetManager: Finished task 9.0 in stage 14.0 (TID 20) in 86 ms on LAPTOP-Q6THT75P (executor driver) (10/205)
26/04/15 12:51:30 INFO ShuffleBlockFetcherIterator: Getting 0 (0.0 B) non-empty blocks including 0 (0.0 B) local and 0 (0.0 B) host-local and 0 (0.0 B) push-merged-local and 0 (0.0 B) remote blocks
26/04/15 12:51:30 INFO ShuffleBlockFetcherIterator: Started 0 remote fetches in 0 ms
26/04/15 12:51:30 INFO Executor: Finished task 10.0 in stage 14.0 (TID 21). 11911 bytes result sent to driver
26/04/15 12:51:30 INFO TaskSetManager: Starting task 17.0 in stage 14.0 (TID 28) (LAPTOP-Q6THT75P, executor driver, partition 17, PROCESS_LOCAL, 9097 bytes) 
26/04/15 12:51:30 INFO TaskSetManager: Finished task 10.0 in stage 14.0 (TID 21) in 81 ms on LAPTOP-Q6THT75P (executor driver) (11/205)
26/04/15 12:51:30 INFO Executor: Finished task 11.0 in stage 14.0 (TID 22). 11954 bytes result sent to driver
26/04/15 12:51:30 INFO TaskSetManager: Starting task 18.0 in stage 14.0 (TID 29) (LAPTOP-Q6THT75P, executor driver, partition 18, PROCESS_LOCAL, 9097 bytes) 
26/04/15 12:51:30 INFO TaskSetManager: Finished task 11.0 in stage 14.0 (TID 22) in 82 ms on LAPTOP-Q6THT75P (executor driver) (12/205)
26/04/15 12:51:30 INFO Executor: Finished task 14.0 in stage 14.0 (TID 25). 11911 bytes result sent to driver
26/04/15 12:51:30 INFO Executor: Finished task 12.0 in stage 14.0 (TID 23). 11911 bytes result sent to driver
26/04/15 12:51:30 INFO TaskSetManager: Starting task 19.0 in stage 14.0 (TID 30) (LAPTOP-Q6THT75P, executor driver, partition 19, PROCESS_LOCAL, 9097 bytes) 
26/04/15 12:51:30 INFO TaskSetManager: Finished task 14.0 in stage 14.0 (TID 25) in 46 ms on LAPTOP-Q6THT75P (executor driver) (13/205)
26/04/15 12:51:30 INFO Executor: Running task 19.0 in stage 14.0 (TID 30)
26/04/15 12:51:30 INFO TaskSetManager: Starting task 20.0 in stage 14.0 (TID 31) (LAPTOP-Q6THT75P, executor driver, partition 20, PROCESS_LOCAL, 9097 bytes) 
26/04/15 12:51:30 INFO TaskSetManager: Finished task 12.0 in stage 14.0 (TID 23) in 87 ms on LAPTOP-Q6THT75P (executor driver) (14/205)
26/04/15 12:51:30 INFO Executor: Running task 20.0 in stage 14.0 (TID 31)
26/04/15 12:51:30 INFO ShuffleBlockFetcherIterator: Getting 0 (0.0 B) non-empty blocks including 0 (0.0 B) local and 0 (0.0 B) host-local and 0 (0.0 B) push-merged-local and 0 (0.0 B) remote blocks
26/04/15 12:51:30 INFO ShuffleBlockFetcherIterator: Started 0 remote fetches in 1 ms
26/04/15 12:51:30 INFO ShuffleBlockFetcherIterator: Getting 0 (0.0 B) non-empty blocks including 0 (0.0 B) local and 0 (0.0 B) host-local and 0 (0.0 B) push-merged-local and 0 (0.0 B) remote blocks
26/04/15 12:51:30 INFO ShuffleBlockFetcherIterator: Started 0 remote fetches in 0 ms
26/04/15 12:51:30 INFO ShuffleBlockFetcherIterator: Getting 0 (0.0 B) non-empty blocks including 0 (0.0 B) local and 0 (0.0 B) host-local and 0 (0.0 B) push-merged-local and 0 (0.0 B) remote blocks
26/04/15 12:51:30 INFO Executor: Finished task 13.0 in stage 14.0 (TID 24). 11954 bytes result sent to driver
26/04/15 12:51:30 INFO ShuffleBlockFetcherIterator: Started 0 remote fetches in 0 ms
26/04/15 12:51:30 INFO ShuffleBlockFetcherIterator: Getting 0 (0.0 B) non-empty blocks including 0 (0.0 B) local and 0 (0.0 B) host-local and 0 (0.0 B) push-merged-local and 0 (0.0 B) remote blocks
26/04/15 12:51:30 INFO ShuffleBlockFetcherIterator: Started 0 remote fetches in 0 ms
26/04/15 12:51:30 INFO TaskSetManager: Starting task 21.0 in stage 14.0 (TID 32) (LAPTOP-Q6THT75P, executor driver, partition 21, PROCESS_LOCAL, 9097 bytes) 
26/04/15 12:51:30 INFO TaskSetManager: Finished task 13.0 in stage 14.0 (TID 24) in 101 ms on LAPTOP-Q6THT75P (executor driver) (15/205)
26/04/15 12:51:30 INFO Executor: Running task 21.0 in stage 14.0 (TID 32)
26/04/15 12:51:30 INFO Executor: Finished task 16.0 in stage 14.0 (TID 27). 11911 bytes result sent to driver
26/04/15 12:51:30 INFO Executor: Finished task 19.0 in stage 14.0 (TID 30). 11911 bytes result sent to driver
26/04/15 12:51:31 INFO TaskSetManager: Starting task 22.0 in stage 14.0 (TID 33) (LAPTOP-Q6THT75P, executor driver, partition 22, PROCESS_LOCAL, 9097 bytes) 
26/04/15 12:51:31 INFO Executor: Running task 22.0 in stage 14.0 (TID 33)
26/04/15 12:51:31 INFO TaskSetManager: Finished task 19.0 in stage 14.0 (TID 30) in 42 ms on LAPTOP-Q6THT75P (executor driver) (16/205)
26/04/15 12:51:31 INFO TaskSetManager: Finished task 16.0 in stage 14.0 (TID 27) in 69 ms on LAPTOP-Q6THT75P (executor driver) (17/205)
26/04/15 12:51:31 INFO TaskSetManager: Starting task 23.0 in stage 14.0 (TID 34) (LAPTOP-Q6THT75P, executor driver, partition 23, PROCESS_LOCAL, 9097 bytes) 
26/04/15 12:51:31 INFO Executor: Running task 23.0 in stage 14.0 (TID 34)
26/04/15 12:51:31 INFO ShuffleBlockFetcherIterator: Getting 0 (0.0 B) non-empty blocks including 0 (0.0 B) local and 0 (0.0 B) host-local and 0 (0.0 B) push-merged-local and 0 (0.0 B) remote blocks
26/04/15 12:51:31 INFO Executor: Running task 17.0 in stage 14.0 (TID 28)
26/04/15 12:51:31 INFO Executor: Finished task 20.0 in stage 14.0 (TID 31). 11911 bytes result sent to driver
26/04/15 12:51:31 INFO ShuffleBlockFetcherIterator: Started 0 remote fetches in 0 ms
26/04/15 12:51:31 INFO TaskSetManager: Starting task 24.0 in stage 14.0 (TID 35) (LAPTOP-Q6THT75P, executor driver, partition 24, PROCESS_LOCAL, 9097 bytes) 
26/04/15 12:51:31 INFO TaskSetManager: Finished task 20.0 in stage 14.0 (TID 31) in 72 ms on LAPTOP-Q6THT75P (executor driver) (18/205)
26/04/15 12:51:31 INFO Executor: Running task 24.0 in stage 14.0 (TID 35)
26/04/15 12:51:31 INFO ShuffleBlockFetcherIterator: Getting 0 (0.0 B) non-empty blocks including 0 (0.0 B) local and 0 (0.0 B) host-local and 0 (0.0 B) push-merged-local and 0 (0.0 B) remote blocks
26/04/15 12:51:31 INFO ShuffleBlockFetcherIterator: Started 0 remote fetches in 0 ms
26/04/15 12:51:31 INFO Executor: Running task 18.0 in stage 14.0 (TID 29)
26/04/15 12:51:31 INFO ShuffleBlockFetcherIterator: Getting 0 (0.0 B) non-empty blocks including 0 (0.0 B) local and 0 (0.0 B) host-local and 0 (0.0 B) push-merged-local and 0 (0.0 B) remote blocks
26/04/15 12:51:31 INFO ShuffleBlockFetcherIterator: Started 0 remote fetches in 1 ms
26/04/15 12:51:31 INFO ShuffleBlockFetcherIterator: Getting 0 (0.0 B) non-empty blocks including 0 (0.0 B) local and 0 (0.0 B) host-local and 0 (0.0 B) push-merged-local and 0 (0.0 B) remote blocks
26/04/15 12:51:31 INFO ShuffleBlockFetcherIterator: Started 0 remote fetches in 1 ms
26/04/15 12:51:31 INFO Executor: Finished task 22.0 in stage 14.0 (TID 33). 11997 bytes result sent to driver
26/04/15 12:51:31 INFO TaskSetManager: Starting task 25.0 in stage 14.0 (TID 36) (LAPTOP-Q6THT75P, executor driver, partition 25, PROCESS_LOCAL, 9097 bytes) 
26/04/15 12:51:31 INFO Executor: Running task 25.0 in stage 14.0 (TID 36)
26/04/15 12:51:31 INFO TaskSetManager: Finished task 22.0 in stage 14.0 (TID 33) in 66 ms on LAPTOP-Q6THT75P (executor driver) (19/205)
26/04/15 12:51:31 INFO ShuffleBlockFetcherIterator: Getting 0 (0.0 B) non-empty blocks including 0 (0.0 B) local and 0 (0.0 B) host-local and 0 (0.0 B) push-merged-local and 0 (0.0 B) remote blocks
26/04/15 12:51:31 INFO ShuffleBlockFetcherIterator: Started 0 remote fetches in 2 ms
26/04/15 12:51:31 INFO ShuffleBlockFetcherIterator: Getting 0 (0.0 B) non-empty blocks including 0 (0.0 B) local and 0 (0.0 B) host-local and 0 (0.0 B) push-merged-local and 0 (0.0 B) remote blocks
26/04/15 12:51:31 INFO ShuffleBlockFetcherIterator: Started 0 remote fetches in 0 ms
26/04/15 12:51:31 INFO Executor: Finished task 21.0 in stage 14.0 (TID 32). 11911 bytes result sent to driver
26/04/15 12:51:31 INFO TaskSetManager: Starting task 26.0 in stage 14.0 (TID 37) (LAPTOP-Q6THT75P, executor driver, partition 26, PROCESS_LOCAL, 9097 bytes) 
26/04/15 12:51:31 INFO TaskSetManager: Finished task 21.0 in stage 14.0 (TID 32) in 107 ms on LAPTOP-Q6THT75P (executor driver) (20/205)
26/04/15 12:51:31 INFO Executor: Finished task 23.0 in stage 14.0 (TID 34). 11911 bytes result sent to driver
26/04/15 12:51:31 INFO TaskSetManager: Starting task 27.0 in stage 14.0 (TID 38) (LAPTOP-Q6THT75P, executor driver, partition 27, PROCESS_LOCAL, 9097 bytes) 
26/04/15 12:51:31 INFO Executor: Finished task 15.0 in stage 14.0 (TID 26). 11911 bytes result sent to driver
26/04/15 12:51:31 INFO TaskSetManager: Finished task 23.0 in stage 14.0 (TID 34) in 80 ms on LAPTOP-Q6THT75P (executor driver) (21/205)
26/04/15 12:51:31 INFO Executor: Running task 27.0 in stage 14.0 (TID 38)
26/04/15 12:51:31 INFO TaskSetManager: Starting task 28.0 in stage 14.0 (TID 39) (LAPTOP-Q6THT75P, executor driver, partition 28, PROCESS_LOCAL, 9097 bytes) 
26/04/15 12:51:31 INFO TaskSetManager: Finished task 15.0 in stage 14.0 (TID 26) in 160 ms on LAPTOP-Q6THT75P (executor driver) (22/205)
26/04/15 12:51:31 INFO Executor: Running task 28.0 in stage 14.0 (TID 39)
26/04/15 12:51:31 INFO ShuffleBlockFetcherIterator: Getting 0 (0.0 B) non-empty blocks including 0 (0.0 B) local and 0 (0.0 B) host-local and 0 (0.0 B) push-merged-local and 0 (0.0 B) remote blocks
26/04/15 12:51:31 INFO Executor: Running task 26.0 in stage 14.0 (TID 37)
26/04/15 12:51:31 INFO BlockManagerInfo: Removed broadcast_13_piece0 on LAPTOP-Q6THT75P:46885 in memory (size: 19.9 KiB, free: 2.2 GiB)
26/04/15 12:51:31 INFO Executor: Finished task 17.0 in stage 14.0 (TID 28). 11954 bytes result sent to driver
26/04/15 12:51:31 INFO ShuffleBlockFetcherIterator: Getting 0 (0.0 B) non-empty blocks including 0 (0.0 B) local and 0 (0.0 B) host-local and 0 (0.0 B) push-merged-local and 0 (0.0 B) remote blocks
26/04/15 12:51:31 INFO ShuffleBlockFetcherIterator: Started 0 remote fetches in 13 ms
26/04/15 12:51:31 INFO ShuffleBlockFetcherIterator: Getting 0 (0.0 B) non-empty blocks including 0 (0.0 B) local and 0 (0.0 B) host-local and 0 (0.0 B) push-merged-local and 0 (0.0 B) remote blocks
26/04/15 12:51:31 INFO ShuffleBlockFetcherIterator: Started 0 remote fetches in 14 ms
26/04/15 12:51:31 INFO Executor: Finished task 25.0 in stage 14.0 (TID 36). 11911 bytes result sent to driver
26/04/15 12:51:31 INFO Executor: Finished task 18.0 in stage 14.0 (TID 29). 11911 bytes result sent to driver
26/04/15 12:51:31 INFO TaskSetManager: Starting task 30.0 in stage 14.0 (TID 40) (LAPTOP-Q6THT75P, executor driver, partition 30, PROCESS_LOCAL, 9097 bytes) 
26/04/15 12:51:31 INFO TaskSetManager: Finished task 17.0 in stage 14.0 (TID 28) in 193 ms on LAPTOP-Q6THT75P (executor driver) (23/205)
26/04/15 12:51:31 INFO Executor: Running task 30.0 in stage 14.0 (TID 40)
26/04/15 12:51:31 INFO TaskSetManager: Starting task 31.0 in stage 14.0 (TID 41) (LAPTOP-Q6THT75P, executor driver, partition 31, PROCESS_LOCAL, 9097 bytes) 
26/04/15 12:51:31 INFO TaskSetManager: Finished task 18.0 in stage 14.0 (TID 29) in 190 ms on LAPTOP-Q6THT75P (executor driver) (24/205)
26/04/15 12:51:31 INFO Executor: Running task 31.0 in stage 14.0 (TID 41)
26/04/15 12:51:31 INFO Executor: Finished task 29.0 in stage 14.0 (TID 10). 12126 bytes result sent to driver
26/04/15 12:51:31 INFO TaskSetManager: Starting task 32.0 in stage 14.0 (TID 42) (LAPTOP-Q6THT75P, executor driver, partition 32, PROCESS_LOCAL, 9097 bytes) 
26/04/15 12:51:31 INFO TaskSetManager: Starting task 33.0 in stage 14.0 (TID 43) (LAPTOP-Q6THT75P, executor driver, partition 33, PROCESS_LOCAL, 9097 bytes) 
26/04/15 12:51:31 INFO ShuffleBlockFetcherIterator: Getting 0 (0.0 B) non-empty blocks including 0 (0.0 B) local and 0 (0.0 B) host-local and 0 (0.0 B) push-merged-local and 0 (0.0 B) remote blocks
26/04/15 12:51:31 INFO ShuffleBlockFetcherIterator: Started 0 remote fetches in 0 ms
26/04/15 12:51:31 INFO Executor: Running task 32.0 in stage 14.0 (TID 42)
26/04/15 12:51:31 INFO TaskSetManager: Finished task 25.0 in stage 14.0 (TID 36) in 89 ms on LAPTOP-Q6THT75P (executor driver) (25/205)
26/04/15 12:51:31 INFO Executor: Running task 33.0 in stage 14.0 (TID 43)
26/04/15 12:51:31 INFO TaskSetManager: Finished task 29.0 in stage 14.0 (TID 10) in 614 ms on LAPTOP-Q6THT75P (executor driver) (26/205)
26/04/15 12:51:31 INFO ShuffleBlockFetcherIterator: Getting 0 (0.0 B) non-empty blocks including 0 (0.0 B) local and 0 (0.0 B) host-local and 0 (0.0 B) push-merged-local and 0 (0.0 B) remote blocks
26/04/15 12:51:31 INFO ShuffleBlockFetcherIterator: Started 0 remote fetches in 0 ms
26/04/15 12:51:31 INFO ShuffleBlockFetcherIterator: Started 0 remote fetches in 82 ms
26/04/15 12:51:31 INFO Executor: Finished task 28.0 in stage 14.0 (TID 39). 11954 bytes result sent to driver
26/04/15 12:51:31 INFO ShuffleBlockFetcherIterator: Getting 0 (0.0 B) non-empty blocks including 0 (0.0 B) local and 0 (0.0 B) host-local and 0 (0.0 B) push-merged-local and 0 (0.0 B) remote blocks
26/04/15 12:51:31 INFO TaskSetManager: Starting task 34.0 in stage 14.0 (TID 44) (LAPTOP-Q6THT75P, executor driver, partition 34, PROCESS_LOCAL, 9097 bytes) 
26/04/15 12:51:31 INFO ShuffleBlockFetcherIterator: Started 0 remote fetches in 1 ms
26/04/15 12:51:31 INFO Executor: Running task 34.0 in stage 14.0 (TID 44)
26/04/15 12:51:31 INFO TaskSetManager: Finished task 28.0 in stage 14.0 (TID 39) in 81 ms on LAPTOP-Q6THT75P (executor driver) (27/205)
26/04/15 12:51:31 INFO ShuffleBlockFetcherIterator: Getting 0 (0.0 B) non-empty blocks including 0 (0.0 B) local and 0 (0.0 B) host-local and 0 (0.0 B) push-merged-local and 0 (0.0 B) remote blocks
26/04/15 12:51:31 INFO ShuffleBlockFetcherIterator: Started 0 remote fetches in 0 ms
26/04/15 12:51:31 INFO ShuffleBlockFetcherIterator: Getting 0 (0.0 B) non-empty blocks including 0 (0.0 B) local and 0 (0.0 B) host-local and 0 (0.0 B) push-merged-local and 0 (0.0 B) remote blocks
26/04/15 12:51:31 INFO ShuffleBlockFetcherIterator: Started 0 remote fetches in 0 ms
26/04/15 12:51:31 INFO ShuffleBlockFetcherIterator: Getting 0 (0.0 B) non-empty blocks including 0 (0.0 B) local and 0 (0.0 B) host-local and 0 (0.0 B) push-merged-local and 0 (0.0 B) remote blocks
26/04/15 12:51:31 INFO Executor: Finished task 26.0 in stage 14.0 (TID 37). 11868 bytes result sent to driver
26/04/15 12:51:31 INFO ShuffleBlockFetcherIterator: Started 0 remote fetches in 3 ms
26/04/15 12:51:31 INFO TaskSetManager: Starting task 35.0 in stage 14.0 (TID 45) (LAPTOP-Q6THT75P, executor driver, partition 35, PROCESS_LOCAL, 9097 bytes) 
26/04/15 12:51:31 INFO Executor: Running task 35.0 in stage 14.0 (TID 45)
26/04/15 12:51:31 INFO TaskSetManager: Finished task 26.0 in stage 14.0 (TID 37) in 113 ms on LAPTOP-Q6THT75P (executor driver) (28/205)
26/04/15 12:51:31 INFO Executor: Finished task 31.0 in stage 14.0 (TID 41). 11954 bytes result sent to driver
26/04/15 12:51:31 INFO TaskSetManager: Starting task 36.0 in stage 14.0 (TID 46) (LAPTOP-Q6THT75P, executor driver, partition 36, PROCESS_LOCAL, 9097 bytes) 
26/04/15 12:51:31 INFO TaskSetManager: Finished task 31.0 in stage 14.0 (TID 41) in 61 ms on LAPTOP-Q6THT75P (executor driver) (29/205)
26/04/15 12:51:31 INFO Executor: Running task 36.0 in stage 14.0 (TID 46)
26/04/15 12:51:31 INFO Executor: Finished task 32.0 in stage 14.0 (TID 42). 11868 bytes result sent to driver
26/04/15 12:51:31 INFO Executor: Finished task 30.0 in stage 14.0 (TID 40). 11954 bytes result sent to driver
26/04/15 12:51:31 INFO ShuffleBlockFetcherIterator: Getting 0 (0.0 B) non-empty blocks including 0 (0.0 B) local and 0 (0.0 B) host-local and 0 (0.0 B) push-merged-local and 0 (0.0 B) remote blocks
26/04/15 12:51:31 INFO Executor: Finished task 27.0 in stage 14.0 (TID 38). 11954 bytes result sent to driver
26/04/15 12:51:31 INFO ShuffleBlockFetcherIterator: Started 0 remote fetches in 1 ms
26/04/15 12:51:31 INFO TaskSetManager: Starting task 37.0 in stage 14.0 (TID 47) (LAPTOP-Q6THT75P, executor driver, partition 37, PROCESS_LOCAL, 9097 bytes) 
26/04/15 12:51:31 INFO Executor: Finished task 24.0 in stage 14.0 (TID 35). 11911 bytes result sent to driver
26/04/15 12:51:31 INFO TaskSetManager: Finished task 32.0 in stage 14.0 (TID 42) in 77 ms on LAPTOP-Q6THT75P (executor driver) (30/205)
26/04/15 12:51:31 INFO Executor: Running task 37.0 in stage 14.0 (TID 47)
26/04/15 12:51:31 INFO ShuffleBlockFetcherIterator: Getting 0 (0.0 B) non-empty blocks including 0 (0.0 B) local and 0 (0.0 B) host-local and 0 (0.0 B) push-merged-local and 0 (0.0 B) remote blocks
26/04/15 12:51:31 INFO ShuffleBlockFetcherIterator: Started 0 remote fetches in 3 ms
26/04/15 12:51:31 INFO TaskSetManager: Starting task 38.0 in stage 14.0 (TID 48) (LAPTOP-Q6THT75P, executor driver, partition 38, PROCESS_LOCAL, 9097 bytes) 
26/04/15 12:51:31 INFO TaskSetManager: Starting task 39.0 in stage 14.0 (TID 49) (LAPTOP-Q6THT75P, executor driver, partition 39, PROCESS_LOCAL, 9097 bytes) 
26/04/15 12:51:31 INFO TaskSetManager: Starting task 40.0 in stage 14.0 (TID 50) (LAPTOP-Q6THT75P, executor driver, partition 40, PROCESS_LOCAL, 9097 bytes) 
26/04/15 12:51:31 INFO Executor: Running task 38.0 in stage 14.0 (TID 48)
26/04/15 12:51:31 INFO TaskSetManager: Finished task 24.0 in stage 14.0 (TID 35) in 213 ms on LAPTOP-Q6THT75P (executor driver) (31/205)
26/04/15 12:51:31 INFO Executor: Finished task 35.0 in stage 14.0 (TID 45). 11954 bytes result sent to driver
26/04/15 12:51:31 INFO TaskSetManager: Finished task 27.0 in stage 14.0 (TID 38) in 182 ms on LAPTOP-Q6THT75P (executor driver) (32/205)
26/04/15 12:51:31 INFO TaskSetManager: Finished task 30.0 in stage 14.0 (TID 40) in 131 ms on LAPTOP-Q6THT75P (executor driver) (33/205)
26/04/15 12:51:31 INFO TaskSetManager: Starting task 41.0 in stage 14.0 (TID 51) (LAPTOP-Q6THT75P, executor driver, partition 41, PROCESS_LOCAL, 9097 bytes) 
26/04/15 12:51:31 INFO Executor: Running task 41.0 in stage 14.0 (TID 51)
26/04/15 12:51:31 INFO TaskSetManager: Finished task 35.0 in stage 14.0 (TID 45) in 86 ms on LAPTOP-Q6THT75P (executor driver) (34/205)
26/04/15 12:51:31 INFO ShuffleBlockFetcherIterator: Getting 0 (0.0 B) non-empty blocks including 0 (0.0 B) local and 0 (0.0 B) host-local and 0 (0.0 B) push-merged-local and 0 (0.0 B) remote blocks
26/04/15 12:51:31 INFO ShuffleBlockFetcherIterator: Started 0 remote fetches in 0 ms
26/04/15 12:51:31 INFO Executor: Running task 39.0 in stage 14.0 (TID 49)
26/04/15 12:51:31 INFO ShuffleBlockFetcherIterator: Getting 0 (0.0 B) non-empty blocks including 0 (0.0 B) local and 0 (0.0 B) host-local and 0 (0.0 B) push-merged-local and 0 (0.0 B) remote blocks
26/04/15 12:51:31 INFO ShuffleBlockFetcherIterator: Started 0 remote fetches in 0 ms
26/04/15 12:51:31 INFO Executor: Running task 40.0 in stage 14.0 (TID 50)
26/04/15 12:51:31 INFO Executor: Finished task 34.0 in stage 14.0 (TID 44). 11954 bytes result sent to driver
26/04/15 12:51:31 INFO Executor: Finished task 33.0 in stage 14.0 (TID 43). 11997 bytes result sent to driver
26/04/15 12:51:31 INFO ShuffleBlockFetcherIterator: Getting 0 (0.0 B) non-empty blocks including 0 (0.0 B) local and 0 (0.0 B) host-local and 0 (0.0 B) push-merged-local and 0 (0.0 B) remote blocks
26/04/15 12:51:31 INFO ShuffleBlockFetcherIterator: Started 0 remote fetches in 0 ms
26/04/15 12:51:31 INFO TaskSetManager: Starting task 42.0 in stage 14.0 (TID 52) (LAPTOP-Q6THT75P, executor driver, partition 42, PROCESS_LOCAL, 9097 bytes) 
26/04/15 12:51:31 INFO Executor: Finished task 36.0 in stage 14.0 (TID 46). 11954 bytes result sent to driver
26/04/15 12:51:31 INFO Executor: Running task 42.0 in stage 14.0 (TID 52)
26/04/15 12:51:31 INFO TaskSetManager: Finished task 33.0 in stage 14.0 (TID 43) in 159 ms on LAPTOP-Q6THT75P (executor driver) (35/205)
26/04/15 12:51:31 INFO TaskSetManager: Starting task 43.0 in stage 14.0 (TID 53) (LAPTOP-Q6THT75P, executor driver, partition 43, PROCESS_LOCAL, 9097 bytes) 
26/04/15 12:51:31 INFO TaskSetManager: Starting task 44.0 in stage 14.0 (TID 54) (LAPTOP-Q6THT75P, executor driver, partition 44, PROCESS_LOCAL, 9097 bytes) 
26/04/15 12:51:31 INFO TaskSetManager: Finished task 36.0 in stage 14.0 (TID 46) in 114 ms on LAPTOP-Q6THT75P (executor driver) (36/205)
26/04/15 12:51:31 INFO Executor: Running task 43.0 in stage 14.0 (TID 53)
26/04/15 12:51:31 INFO Executor: Running task 44.0 in stage 14.0 (TID 54)
26/04/15 12:51:31 INFO TaskSetManager: Finished task 34.0 in stage 14.0 (TID 44) in 145 ms on LAPTOP-Q6THT75P (executor driver) (37/205)
26/04/15 12:51:31 INFO Executor: Finished task 41.0 in stage 14.0 (TID 51). 11911 bytes result sent to driver
26/04/15 12:51:31 INFO TaskSetManager: Starting task 45.0 in stage 14.0 (TID 55) (LAPTOP-Q6THT75P, executor driver, partition 45, PROCESS_LOCAL, 9097 bytes) 
26/04/15 12:51:31 INFO ShuffleBlockFetcherIterator: Getting 0 (0.0 B) non-empty blocks including 0 (0.0 B) local and 0 (0.0 B) host-local and 0 (0.0 B) push-merged-local and 0 (0.0 B) remote blocks
26/04/15 12:51:31 INFO ShuffleBlockFetcherIterator: Started 0 remote fetches in 0 ms
26/04/15 12:51:31 INFO Executor: Running task 45.0 in stage 14.0 (TID 55)
26/04/15 12:51:31 INFO TaskSetManager: Finished task 41.0 in stage 14.0 (TID 51) in 47 ms on LAPTOP-Q6THT75P (executor driver) (38/205)
26/04/15 12:51:31 INFO ShuffleBlockFetcherIterator: Getting 0 (0.0 B) non-empty blocks including 0 (0.0 B) local and 0 (0.0 B) host-local and 0 (0.0 B) push-merged-local and 0 (0.0 B) remote blocks
26/04/15 12:51:31 INFO ShuffleBlockFetcherIterator: Started 0 remote fetches in 0 ms
26/04/15 12:51:31 INFO ShuffleBlockFetcherIterator: Getting 0 (0.0 B) non-empty blocks including 0 (0.0 B) local and 0 (0.0 B) host-local and 0 (0.0 B) push-merged-local and 0 (0.0 B) remote blocks
26/04/15 12:51:31 INFO ShuffleBlockFetcherIterator: Started 0 remote fetches in 1 ms
26/04/15 12:51:31 INFO ShuffleBlockFetcherIterator: Getting 0 (0.0 B) non-empty blocks including 0 (0.0 B) local and 0 (0.0 B) host-local and 0 (0.0 B) push-merged-local and 0 (0.0 B) remote blocks
26/04/15 12:51:31 INFO ShuffleBlockFetcherIterator: Started 0 remote fetches in 0 ms
26/04/15 12:51:31 INFO ShuffleBlockFetcherIterator: Getting 0 (0.0 B) non-empty blocks including 0 (0.0 B) local and 0 (0.0 B) host-local and 0 (0.0 B) push-merged-local and 0 (0.0 B) remote blocks
26/04/15 12:51:31 INFO ShuffleBlockFetcherIterator: Started 0 remote fetches in 1 ms
26/04/15 12:51:31 INFO Executor: Finished task 37.0 in stage 14.0 (TID 47). 11954 bytes result sent to driver
26/04/15 12:51:31 INFO TaskSetManager: Starting task 46.0 in stage 14.0 (TID 56) (LAPTOP-Q6THT75P, executor driver, partition 46, PROCESS_LOCAL, 9097 bytes) 
26/04/15 12:51:31 INFO TaskSetManager: Finished task 37.0 in stage 14.0 (TID 47) in 139 ms on LAPTOP-Q6THT75P (executor driver) (39/205)
26/04/15 12:51:31 INFO Executor: Running task 46.0 in stage 14.0 (TID 56)
26/04/15 12:51:31 INFO ShuffleBlockFetcherIterator: Getting 0 (0.0 B) non-empty blocks including 0 (0.0 B) local and 0 (0.0 B) host-local and 0 (0.0 B) push-merged-local and 0 (0.0 B) remote blocks
26/04/15 12:51:31 INFO ShuffleBlockFetcherIterator: Started 0 remote fetches in 0 ms
26/04/15 12:51:31 INFO ShuffleBlockFetcherIterator: Getting 0 (0.0 B) non-empty blocks including 0 (0.0 B) local and 0 (0.0 B) host-local and 0 (0.0 B) push-merged-local and 0 (0.0 B) remote blocks
26/04/15 12:51:31 INFO ShuffleBlockFetcherIterator: Started 0 remote fetches in 1 ms
26/04/15 12:51:31 INFO Executor: Finished task 39.0 in stage 14.0 (TID 49). 11954 bytes result sent to driver
26/04/15 12:51:31 INFO Executor: Finished task 40.0 in stage 14.0 (TID 50). 11868 bytes result sent to driver
26/04/15 12:51:31 INFO TaskSetManager: Starting task 47.0 in stage 14.0 (TID 57) (LAPTOP-Q6THT75P, executor driver, partition 47, PROCESS_LOCAL, 9097 bytes) 
26/04/15 12:51:31 INFO TaskSetManager: Starting task 48.0 in stage 14.0 (TID 58) (LAPTOP-Q6THT75P, executor driver, partition 48, PROCESS_LOCAL, 9097 bytes) 
26/04/15 12:51:31 INFO Executor: Finished task 43.0 in stage 14.0 (TID 53). 11911 bytes result sent to driver
26/04/15 12:51:31 INFO Executor: Running task 47.0 in stage 14.0 (TID 57)
26/04/15 12:51:31 INFO Executor: Running task 48.0 in stage 14.0 (TID 58)
26/04/15 12:51:31 INFO TaskSetManager: Starting task 49.0 in stage 14.0 (TID 59) (LAPTOP-Q6THT75P, executor driver, partition 49, PROCESS_LOCAL, 9097 bytes) 
26/04/15 12:51:31 INFO TaskSetManager: Finished task 40.0 in stage 14.0 (TID 50) in 151 ms on LAPTOP-Q6THT75P (executor driver) (40/205)
26/04/15 12:51:31 INFO TaskSetManager: Finished task 43.0 in stage 14.0 (TID 53) in 83 ms on LAPTOP-Q6THT75P (executor driver) (41/205)
26/04/15 12:51:31 INFO Executor: Finished task 38.0 in stage 14.0 (TID 48). 11868 bytes result sent to driver
26/04/15 12:51:31 INFO Executor: Running task 49.0 in stage 14.0 (TID 59)
26/04/15 12:51:31 INFO ShuffleBlockFetcherIterator: Getting 0 (0.0 B) non-empty blocks including 0 (0.0 B) local and 0 (0.0 B) host-local and 0 (0.0 B) push-merged-local and 0 (0.0 B) remote blocks
26/04/15 12:51:31 INFO Executor: Finished task 42.0 in stage 14.0 (TID 52). 11954 bytes result sent to driver
26/04/15 12:51:31 INFO TaskSetManager: Finished task 39.0 in stage 14.0 (TID 49) in 156 ms on LAPTOP-Q6THT75P (executor driver) (42/205)
26/04/15 12:51:31 INFO TaskSetManager: Starting task 50.0 in stage 14.0 (TID 60) (LAPTOP-Q6THT75P, executor driver, partition 50, PROCESS_LOCAL, 9097 bytes) 
26/04/15 12:51:31 INFO ShuffleBlockFetcherIterator: Started 0 remote fetches in 40 ms
26/04/15 12:51:31 INFO Executor: Running task 50.0 in stage 14.0 (TID 60)
[...]
26/04/15 12:51:33 INFO Executor: Finished task 181.0 in stage 14.0 (TID 191). 11997 bytes result sent to driver
26/04/15 12:51:33 INFO Executor: Finished task 182.0 in stage 14.0 (TID 192). 11911 bytes result sent to driver
26/04/15 12:51:33 INFO TaskSetManager: Starting task 186.0 in stage 14.0 (TID 196) (LAPTOP-Q6THT75P, executor driver, partition 186, PROCESS_LOCAL, 9097 bytes) 
26/04/15 12:51:33 INFO TaskSetManager: Starting task 187.0 in stage 14.0 (TID 197) (LAPTOP-Q6THT75P, executor driver, partition 187, PROCESS_LOCAL, 9097 bytes) 
26/04/15 12:51:33 INFO TaskSetManager: Finished task 181.0 in stage 14.0 (TID 191) in 137 ms on LAPTOP-Q6THT75P (executor driver) (179/205)
26/04/15 12:51:33 INFO TaskSetManager: Finished task 182.0 in stage 14.0 (TID 192) in 136 ms on LAPTOP-Q6THT75P (executor driver) (180/205)
26/04/15 12:51:33 INFO Executor: Running task 187.0 in stage 14.0 (TID 197)
26/04/15 12:51:33 INFO Executor: Running task 186.0 in stage 14.0 (TID 196)
26/04/15 12:51:33 INFO ShuffleBlockFetcherIterator: Getting 0 (0.0 B) non-empty blocks including 0 (0.0 B) local and 0 (0.0 B) host-local and 0 (0.0 B) push-merged-local and 0 (0.0 B) remote blocks
26/04/15 12:51:33 INFO ShuffleBlockFetcherIterator: Started 0 remote fetches in 0 ms
26/04/15 12:51:33 INFO Executor: Finished task 180.0 in stage 14.0 (TID 190). 11954 bytes result sent to driver
26/04/15 12:51:33 INFO ShuffleBlockFetcherIterator: Started 0 remote fetches in 68 ms
26/04/15 12:51:33 INFO TaskSetManager: Starting task 188.0 in stage 14.0 (TID 198) (LAPTOP-Q6THT75P, executor driver, partition 188, PROCESS_LOCAL, 9097 bytes) 
26/04/15 12:51:33 INFO Executor: Finished task 185.0 in stage 14.0 (TID 195). 11911 bytes result sent to driver
26/04/15 12:51:33 INFO Executor: Running task 188.0 in stage 14.0 (TID 198)
26/04/15 12:51:33 INFO TaskSetManager: Finished task 180.0 in stage 14.0 (TID 190) in 188 ms on LAPTOP-Q6THT75P (executor driver) (181/205)
26/04/15 12:51:33 INFO ShuffleBlockFetcherIterator: Getting 0 (0.0 B) non-empty blocks including 0 (0.0 B) local and 0 (0.0 B) host-local and 0 (0.0 B) push-merged-local and 0 (0.0 B) remote blocks
26/04/15 12:51:33 INFO ShuffleBlockFetcherIterator: Started 0 remote fetches in 0 ms
26/04/15 12:51:33 INFO TaskSetManager: Starting task 189.0 in stage 14.0 (TID 199) (LAPTOP-Q6THT75P, executor driver, partition 189, PROCESS_LOCAL, 9097 bytes) 
26/04/15 12:51:33 INFO Executor: Finished task 183.0 in stage 14.0 (TID 193). 11954 bytes result sent to driver
26/04/15 12:51:33 INFO TaskSetManager: Starting task 190.0 in stage 14.0 (TID 200) (LAPTOP-Q6THT75P, executor driver, partition 190, PROCESS_LOCAL, 9097 bytes) 
26/04/15 12:51:33 INFO Executor: Running task 189.0 in stage 14.0 (TID 199)
26/04/15 12:51:33 INFO TaskSetManager: Finished task 185.0 in stage 14.0 (TID 195) in 131 ms on LAPTOP-Q6THT75P (executor driver) (182/205)
26/04/15 12:51:33 INFO TaskSetManager: Finished task 183.0 in stage 14.0 (TID 193) in 182 ms on LAPTOP-Q6THT75P (executor driver) (183/205)
26/04/15 12:51:33 INFO Executor: Running task 190.0 in stage 14.0 (TID 200)
26/04/15 12:51:33 INFO Executor: Finished task 179.0 in stage 14.0 (TID 189). 11954 bytes result sent to driver
26/04/15 12:51:33 INFO ShuffleBlockFetcherIterator: Getting 0 (0.0 B) non-empty blocks including 0 (0.0 B) local and 0 (0.0 B) host-local and 0 (0.0 B) push-merged-local and 0 (0.0 B) remote blocks
26/04/15 12:51:33 INFO ShuffleBlockFetcherIterator: Started 0 remote fetches in 1 ms
26/04/15 12:51:33 INFO TaskSetManager: Starting task 191.0 in stage 14.0 (TID 201) (LAPTOP-Q6THT75P, executor driver, partition 191, PROCESS_LOCAL, 9097 bytes) 
26/04/15 12:51:33 INFO Executor: Finished task 178.0 in stage 14.0 (TID 188). 11997 bytes result sent to driver
26/04/15 12:51:33 INFO Executor: Finished task 184.0 in stage 14.0 (TID 194). 11911 bytes result sent to driver
26/04/15 12:51:33 INFO TaskSetManager: Starting task 192.0 in stage 14.0 (TID 202) (LAPTOP-Q6THT75P, executor driver, partition 192, PROCESS_LOCAL, 9097 bytes) 
26/04/15 12:51:33 INFO Executor: Running task 192.0 in stage 14.0 (TID 202)
26/04/15 12:51:33 INFO TaskSetManager: Starting task 193.0 in stage 14.0 (TID 203) (LAPTOP-Q6THT75P, executor driver, partition 193, PROCESS_LOCAL, 9097 bytes) 
26/04/15 12:51:33 INFO Executor: Running task 191.0 in stage 14.0 (TID 201)
26/04/15 12:51:33 INFO Executor: Finished task 187.0 in stage 14.0 (TID 197). 11954 bytes result sent to driver
26/04/15 12:51:33 INFO Executor: Running task 193.0 in stage 14.0 (TID 203)
26/04/15 12:51:33 INFO TaskSetManager: Finished task 179.0 in stage 14.0 (TID 189) in 249 ms on LAPTOP-Q6THT75P (executor driver) (184/205)
26/04/15 12:51:33 INFO TaskSetManager: Starting task 194.0 in stage 14.0 (TID 204) (LAPTOP-Q6THT75P, executor driver, partition 194, PROCESS_LOCAL, 9097 bytes) 
26/04/15 12:51:33 INFO TaskSetManager: Finished task 184.0 in stage 14.0 (TID 194) in 207 ms on LAPTOP-Q6THT75P (executor driver) (185/205)
26/04/15 12:51:33 INFO TaskSetManager: Finished task 178.0 in stage 14.0 (TID 188) in 280 ms on LAPTOP-Q6THT75P (executor driver) (186/205)
26/04/15 12:51:33 INFO ShuffleBlockFetcherIterator: Getting 0 (0.0 B) non-empty blocks including 0 (0.0 B) local and 0 (0.0 B) host-local and 0 (0.0 B) push-merged-local and 0 (0.0 B) remote blocks
26/04/15 12:51:33 INFO ShuffleBlockFetcherIterator: Started 0 remote fetches in 15 ms
26/04/15 12:51:33 INFO TaskSetManager: Finished task 187.0 in stage 14.0 (TID 197) in 116 ms on LAPTOP-Q6THT75P (executor driver) (187/205)
26/04/15 12:51:33 INFO ShuffleBlockFetcherIterator: Getting 0 (0.0 B) non-empty blocks including 0 (0.0 B) local and 0 (0.0 B) host-local and 0 (0.0 B) push-merged-local and 0 (0.0 B) remote blocks
26/04/15 12:51:33 INFO ShuffleBlockFetcherIterator: Started 0 remote fetches in 0 ms
26/04/15 12:51:33 INFO Executor: Running task 194.0 in stage 14.0 (TID 204)
26/04/15 12:51:33 INFO ShuffleBlockFetcherIterator: Getting 0 (0.0 B) non-empty blocks including 0 (0.0 B) local and 0 (0.0 B) host-local and 0 (0.0 B) push-merged-local and 0 (0.0 B) remote blocks
26/04/15 12:51:33 INFO ShuffleBlockFetcherIterator: Started 0 remote fetches in 1 ms
26/04/15 12:51:33 INFO Executor: Finished task 186.0 in stage 14.0 (TID 196). 11997 bytes result sent to driver
26/04/15 12:51:33 INFO TaskSetManager: Starting task 195.0 in stage 14.0 (TID 205) (LAPTOP-Q6THT75P, executor driver, partition 195, PROCESS_LOCAL, 9097 bytes) 
26/04/15 12:51:33 INFO ShuffleBlockFetcherIterator: Getting 0 (0.0 B) non-empty blocks including 0 (0.0 B) local and 0 (0.0 B) host-local and 0 (0.0 B) push-merged-local and 0 (0.0 B) remote blocks
26/04/15 12:51:33 INFO ShuffleBlockFetcherIterator: Started 0 remote fetches in 4 ms
26/04/15 12:51:33 INFO Executor: Running task 195.0 in stage 14.0 (TID 205)
26/04/15 12:51:33 INFO TaskSetManager: Finished task 186.0 in stage 14.0 (TID 196) in 153 ms on LAPTOP-Q6THT75P (executor driver) (188/205)
26/04/15 12:51:33 INFO Executor: Finished task 188.0 in stage 14.0 (TID 198). 11954 bytes result sent to driver
26/04/15 12:51:33 INFO Executor: Finished task 192.0 in stage 14.0 (TID 202). 11954 bytes result sent to driver
26/04/15 12:51:33 INFO ShuffleBlockFetcherIterator: Getting 0 (0.0 B) non-empty blocks including 0 (0.0 B) local and 0 (0.0 B) host-local and 0 (0.0 B) push-merged-local and 0 (0.0 B) remote blocks
26/04/15 12:51:33 INFO ShuffleBlockFetcherIterator: Started 0 remote fetches in 3 ms
26/04/15 12:51:33 INFO ShuffleBlockFetcherIterator: Getting 0 (0.0 B) non-empty blocks including 0 (0.0 B) local and 0 (0.0 B) host-local and 0 (0.0 B) push-merged-local and 0 (0.0 B) remote blocks
26/04/15 12:51:33 INFO ShuffleBlockFetcherIterator: Started 0 remote fetches in 0 ms
26/04/15 12:51:33 INFO ShuffleBlockFetcherIterator: Getting 0 (0.0 B) non-empty blocks including 0 (0.0 B) local and 0 (0.0 B) host-local and 0 (0.0 B) push-merged-local and 0 (0.0 B) remote blocks
26/04/15 12:51:33 INFO ShuffleBlockFetcherIterator: Started 0 remote fetches in 4 ms
26/04/15 12:51:33 INFO TaskSetManager: Starting task 196.0 in stage 14.0 (TID 206) (LAPTOP-Q6THT75P, executor driver, partition 196, PROCESS_LOCAL, 9097 bytes) 
26/04/15 12:51:33 INFO TaskSetManager: Starting task 197.0 in stage 14.0 (TID 207) (LAPTOP-Q6THT75P, executor driver, partition 197, PROCESS_LOCAL, 9097 bytes) 
26/04/15 12:51:33 INFO Executor: Running task 197.0 in stage 14.0 (TID 207)
26/04/15 12:51:33 INFO TaskSetManager: Finished task 192.0 in stage 14.0 (TID 202) in 113 ms on LAPTOP-Q6THT75P (executor driver) (189/205)
26/04/15 12:51:33 INFO Executor: Running task 196.0 in stage 14.0 (TID 206)
26/04/15 12:51:33 INFO TaskSetManager: Finished task 188.0 in stage 14.0 (TID 198) in 170 ms on LAPTOP-Q6THT75P (executor driver) (190/205)
26/04/15 12:51:33 INFO ShuffleBlockFetcherIterator: Getting 0 (0.0 B) non-empty blocks including 0 (0.0 B) local and 0 (0.0 B) host-local and 0 (0.0 B) push-merged-local and 0 (0.0 B) remote blocks
26/04/15 12:51:33 INFO ShuffleBlockFetcherIterator: Started 0 remote fetches in 0 ms
26/04/15 12:51:33 INFO ShuffleBlockFetcherIterator: Getting 0 (0.0 B) non-empty blocks including 0 (0.0 B) local and 0 (0.0 B) host-local and 0 (0.0 B) push-merged-local and 0 (0.0 B) remote blocks
26/04/15 12:51:33 INFO ShuffleBlockFetcherIterator: Started 0 remote fetches in 0 ms
26/04/15 12:51:33 INFO Executor: Finished task 194.0 in stage 14.0 (TID 204). 11954 bytes result sent to driver
26/04/15 12:51:33 INFO TaskSetManager: Starting task 198.0 in stage 14.0 (TID 208) (LAPTOP-Q6THT75P, executor driver, partition 198, PROCESS_LOCAL, 9097 bytes) 
26/04/15 12:51:33 INFO Executor: Finished task 191.0 in stage 14.0 (TID 201). 11911 bytes result sent to driver
26/04/15 12:51:33 INFO TaskSetManager: Finished task 194.0 in stage 14.0 (TID 204) in 157 ms on LAPTOP-Q6THT75P (executor driver) (191/205)
26/04/15 12:51:33 INFO Executor: Finished task 196.0 in stage 14.0 (TID 206). 11954 bytes result sent to driver
26/04/15 12:51:33 INFO TaskSetManager: Starting task 199.0 in stage 14.0 (TID 209) (LAPTOP-Q6THT75P, executor driver, partition 199, PROCESS_LOCAL, 9097 bytes) 
26/04/15 12:51:33 INFO TaskSetManager: Finished task 191.0 in stage 14.0 (TID 201) in 175 ms on LAPTOP-Q6THT75P (executor driver) (192/205)
26/04/15 12:51:33 INFO Executor: Running task 198.0 in stage 14.0 (TID 208)
26/04/15 12:51:33 INFO Executor: Running task 199.0 in stage 14.0 (TID 209)
26/04/15 12:51:33 INFO Executor: Finished task 195.0 in stage 14.0 (TID 205). 11954 bytes result sent to driver
26/04/15 12:51:33 INFO TaskSetManager: Starting task 200.0 in stage 14.0 (TID 210) (LAPTOP-Q6THT75P, executor driver, partition 200, PROCESS_LOCAL, 71918 bytes) 
26/04/15 12:51:33 INFO TaskSetManager: Starting task 201.0 in stage 14.0 (TID 211) (LAPTOP-Q6THT75P, executor driver, partition 201, PROCESS_LOCAL, 9453 bytes) 
26/04/15 12:51:33 INFO Executor: Running task 200.0 in stage 14.0 (TID 210)
26/04/15 12:51:33 INFO Executor: Running task 201.0 in stage 14.0 (TID 211)
26/04/15 12:51:33 INFO TaskSetManager: Finished task 195.0 in stage 14.0 (TID 205) in 142 ms on LAPTOP-Q6THT75P (executor driver) (193/205)
26/04/15 12:51:33 INFO ShuffleBlockFetcherIterator: Getting 0 (0.0 B) non-empty blocks including 0 (0.0 B) local and 0 (0.0 B) host-local and 0 (0.0 B) push-merged-local and 0 (0.0 B) remote blocks
26/04/15 12:51:33 INFO ShuffleBlockFetcherIterator: Started 0 remote fetches in 0 ms
26/04/15 12:51:33 INFO TaskSetManager: Finished task 196.0 in stage 14.0 (TID 206) in 86 ms on LAPTOP-Q6THT75P (executor driver) (194/205)
26/04/15 12:51:33 INFO ShuffleBlockFetcherIterator: Getting 0 (0.0 B) non-empty blocks including 0 (0.0 B) local and 0 (0.0 B) host-local and 0 (0.0 B) push-merged-local and 0 (0.0 B) remote blocks
26/04/15 12:51:33 INFO ShuffleBlockFetcherIterator: Started 0 remote fetches in 0 ms
26/04/15 12:51:33 INFO Executor: Finished task 197.0 in stage 14.0 (TID 207). 11997 bytes result sent to driver
26/04/15 12:51:33 INFO TaskSetManager: Starting task 202.0 in stage 14.0 (TID 212) (LAPTOP-Q6THT75P, executor driver, partition 202, PROCESS_LOCAL, 9437 bytes) 
26/04/15 12:51:33 INFO TaskSetManager: Finished task 197.0 in stage 14.0 (TID 207) in 109 ms on LAPTOP-Q6THT75P (executor driver) (195/205)
26/04/15 12:51:33 INFO Executor: Running task 202.0 in stage 14.0 (TID 212)
26/04/15 12:51:33 INFO Executor: Finished task 189.0 in stage 14.0 (TID 199). 11954 bytes result sent to driver
26/04/15 12:51:33 INFO TaskSetManager: Starting task 203.0 in stage 14.0 (TID 213) (LAPTOP-Q6THT75P, executor driver, partition 203, PROCESS_LOCAL, 9437 bytes) 
26/04/15 12:51:34 INFO Executor: Finished task 190.0 in stage 14.0 (TID 200). 11911 bytes result sent to driver
26/04/15 12:51:34 INFO Executor: Running task 203.0 in stage 14.0 (TID 213)
26/04/15 12:51:34 INFO TaskSetManager: Starting task 204.0 in stage 14.0 (TID 214) (LAPTOP-Q6THT75P, executor driver, partition 204, PROCESS_LOCAL, 9397 bytes) 
26/04/15 12:51:34 INFO TaskSetManager: Finished task 189.0 in stage 14.0 (TID 199) in 313 ms on LAPTOP-Q6THT75P (executor driver) (196/205)
26/04/15 12:51:34 INFO TaskSetManager: Finished task 190.0 in stage 14.0 (TID 200) in 313 ms on LAPTOP-Q6THT75P (executor driver) (197/205)
26/04/15 12:51:34 INFO Executor: Finished task 193.0 in stage 14.0 (TID 203). 11954 bytes result sent to driver
26/04/15 12:51:34 INFO Executor: Running task 204.0 in stage 14.0 (TID 214)
26/04/15 12:51:34 INFO CodeGenerator: Code generated in 138.8301 ms
26/04/15 12:51:34 INFO Executor: Finished task 198.0 in stage 14.0 (TID 208). 11954 bytes result sent to driver
26/04/15 12:51:34 INFO TaskSetManager: Finished task 193.0 in stage 14.0 (TID 203) in 351 ms on LAPTOP-Q6THT75P (executor driver) (198/205)
26/04/15 12:51:34 INFO Executor: Finished task 199.0 in stage 14.0 (TID 209). 11911 bytes result sent to driver
26/04/15 12:51:34 INFO TaskSetManager: Finished task 198.0 in stage 14.0 (TID 208) in 190 ms on LAPTOP-Q6THT75P (executor driver) (199/205)
26/04/15 12:51:34 INFO TaskSetManager: Finished task 199.0 in stage 14.0 (TID 209) in 186 ms on LAPTOP-Q6THT75P (executor driver) (200/205)
26/04/15 12:51:34 INFO Executor: Finished task 203.0 in stage 14.0 (TID 213). 11438 bytes result sent to driver
26/04/15 12:51:34 INFO TaskSetManager: Finished task 203.0 in stage 14.0 (TID 213) in 203 ms on LAPTOP-Q6THT75P (executor driver) (201/205)
26/04/15 12:51:34 INFO Executor: Finished task 202.0 in stage 14.0 (TID 212). 11352 bytes result sent to driver
26/04/15 12:51:34 INFO TaskSetManager: Finished task 202.0 in stage 14.0 (TID 212) in 238 ms on LAPTOP-Q6THT75P (executor driver) (202/205)
26/04/15 12:51:34 INFO Executor: Finished task 204.0 in stage 14.0 (TID 214). 11395 bytes result sent to driver
26/04/15 12:51:34 INFO TaskSetManager: Finished task 204.0 in stage 14.0 (TID 214) in 189 ms on LAPTOP-Q6THT75P (executor driver) (203/205)
26/04/15 12:51:34 INFO Executor: Finished task 201.0 in stage 14.0 (TID 211). 11352 bytes result sent to driver
26/04/15 12:51:34 INFO TaskSetManager: Finished task 201.0 in stage 14.0 (TID 211) in 295 ms on LAPTOP-Q6THT75P (executor driver) (204/205)
26/04/15 12:51:34 INFO Executor: Finished task 200.0 in stage 14.0 (TID 210). 11481 bytes result sent to driver
26/04/15 12:51:34 INFO TaskSetManager: Finished task 200.0 in stage 14.0 (TID 210) in 465 ms on LAPTOP-Q6THT75P (executor driver) (205/205)
26/04/15 12:51:34 INFO TaskSchedulerImpl: Removed TaskSet 14.0, whose tasks have all completed, from pool 
26/04/15 12:51:34 INFO DAGScheduler: ShuffleMapStage 14 (collectAsList at DeleteReachableFilesSparkAction.java:111) finished in 3.862 s
26/04/15 12:51:34 INFO DAGScheduler: looking for newly runnable stages
26/04/15 12:51:34 INFO DAGScheduler: running: Set()
26/04/15 12:51:34 INFO DAGScheduler: waiting: Set()
26/04/15 12:51:34 INFO DAGScheduler: failed: Set()
26/04/15 12:51:34 INFO ShufflePartitionsUtil: For shuffle(4), advisory target size: 67108864, actual target size 1048576, minimum partition size: 1048576
26/04/15 12:51:34 INFO CodeGenerator: Code generated in 89.5167 ms
26/04/15 12:51:34 INFO SparkContext: Starting job: collectAsList at DeleteReachableFilesSparkAction.java:111
26/04/15 12:51:34 INFO DAGScheduler: Got job 8 (collectAsList at DeleteReachableFilesSparkAction.java:111) with 1 output partitions
26/04/15 12:51:34 INFO DAGScheduler: Final stage: ResultStage 18 (collectAsList at DeleteReachableFilesSparkAction.java:111)
26/04/15 12:51:34 INFO DAGScheduler: Parents of final stage: List(ShuffleMapStage 17)
26/04/15 12:51:34 INFO DAGScheduler: Missing parents: List()
26/04/15 12:51:34 INFO DAGScheduler: Submitting ResultStage 18 (MapPartitionsRDD[39] at collectAsList at DeleteReachableFilesSparkAction.java:111), which has no missing parents
26/04/15 12:51:34 INFO MemoryStore: Block broadcast_18 stored as values in memory (estimated size 79.5 KiB, free 2.2 GiB)
26/04/15 12:51:34 INFO MemoryStore: Block broadcast_18_piece0 stored as bytes in memory (estimated size 33.1 KiB, free 2.2 GiB)
26/04/15 12:51:34 INFO BlockManagerInfo: Added broadcast_18_piece0 in memory on LAPTOP-Q6THT75P:46885 (size: 33.1 KiB, free: 2.2 GiB)
26/04/15 12:51:34 INFO SparkContext: Created broadcast 18 from broadcast at DAGScheduler.scala:1585
26/04/15 12:51:34 INFO DAGScheduler: Submitting 1 missing tasks from ResultStage 18 (MapPartitionsRDD[39] at collectAsList at DeleteReachableFilesSparkAction.java:111) (first 15 tasks are for partitions Vector(0))
26/04/15 12:51:34 INFO TaskSchedulerImpl: Adding task set 18.0 with 1 tasks resource profile 0
26/04/15 12:51:34 INFO TaskSetManager: Starting task 0.0 in stage 18.0 (TID 215) (LAPTOP-Q6THT75P, executor driver, partition 0, NODE_LOCAL, 8999 bytes) 
26/04/15 12:51:34 INFO Executor: Running task 0.0 in stage 18.0 (TID 215)
26/04/15 12:51:34 INFO ShuffleBlockFetcherIterator: Getting 6 (2036.0 B) non-empty blocks including 6 (2036.0 B) local and 0 (0.0 B) host-local and 0 (0.0 B) push-merged-local and 0 (0.0 B) remote blocks
26/04/15 12:51:34 INFO ShuffleBlockFetcherIterator: Started 0 remote fetches in 7 ms
26/04/15 12:51:34 INFO CodeGenerator: Code generated in 55.6657 ms
26/04/15 12:51:34 INFO BlockManagerInfo: Removed broadcast_17_piece0 on LAPTOP-Q6THT75P:46885 in memory (size: 34.3 KiB, free: 2.2 GiB)
26/04/15 12:51:34 INFO Executor: Finished task 0.0 in stage 18.0 (TID 215). 13913 bytes result sent to driver
26/04/15 12:51:34 INFO TaskSetManager: Finished task 0.0 in stage 18.0 (TID 215) in 115 ms on LAPTOP-Q6THT75P (executor driver) (1/1)
26/04/15 12:51:34 INFO TaskSchedulerImpl: Removed TaskSet 18.0, whose tasks have all completed, from pool 
26/04/15 12:51:34 INFO DAGScheduler: ResultStage 18 (collectAsList at DeleteReachableFilesSparkAction.java:111) finished in 0.140 s
26/04/15 12:51:34 INFO DAGScheduler: Job 8 is finished. Cancelling potential speculative or zombie tasks for this job
26/04/15 12:51:34 INFO TaskSchedulerImpl: Killing all running tasks in stage 18: Stage finished
26/04/15 12:51:34 INFO DAGScheduler: Job 8 finished: collectAsList at DeleteReachableFilesSparkAction.java:111, took 0.154211 s
26/04/15 12:51:34 INFO CodeGenerator: Code generated in 9.7448 ms
26/04/15 12:51:34 INFO DeleteReachableFilesSparkAction: Deleted 9 total files
26/04/15 12:51:34 INFO SparkContext: SparkContext is stopping with exitCode 0.
26/04/15 12:51:34 INFO SparkUI: Stopped Spark web UI at http://LAPTOP-Q6THT75P:4040
26/04/15 12:51:34 INFO MapOutputTrackerMasterEndpoint: MapOutputTrackerMasterEndpoint stopped!
26/04/15 12:51:35 INFO MemoryStore: MemoryStore cleared
26/04/15 12:51:35 INFO BlockManager: BlockManager stopped
26/04/15 12:51:35 INFO BlockManagerMaster: BlockManagerMaster stopped
26/04/15 12:51:35 INFO OutputCommitCoordinator$OutputCommitCoordinatorEndpoint: OutputCommitCoordinator stopped!
26/04/15 12:51:35 INFO SparkContext: Successfully stopped SparkContext
]]></system-err>
  </testcase>
</testsuite>