<?xml version="1.0" encoding="UTF-8"?>
<testsuite xmlns:xsi="http://www.w3.org/2001/XMLSchema-instance" xsi:noNamespaceSchemaLocation="https://maven.apache.org/surefire/maven-surefire-plugin/xsd/surefire-test-report.xsd" version="3.0.2" name="com.lakehouse.catalog.config.CatalogConfigTest" time="0.026" tests="3" errors="0" skipped="0" failures="0">
  <properties>
[...]
</properties>
  <testcase name="should_MaskSecretKey_When_ToStringCalled" classname="com.lakehouse.catalog.config.CatalogConfigTest" time="0.019"/>
  <testcase name="should_OverrideDefaults_When_CustomValuesProvided" classname="com.lakehouse.catalog.config.CatalogConfigTest" time="0.003"/>
  <testcase name="should_UseDefaults_When_NoCustomization" classname="com.lakehouse.catalog.config.CatalogConfigTest" time="0.001"/>
</testsuite>