<?xml version="1.0" encoding="UTF-8"?>
<testsuite xmlns:xsi="http://www.w3.org/2001/XMLSchema-instance" xsi:noNamespaceSchemaLocation="https://maven.apache.org/surefire/maven-surefire-plugin/xsd/surefire-test-report.xsd" version="3.0.2" name="com.lakehouse.catalog.client.IcebergCatalogClientTest" time="1.299" tests="18" errors="0" skipped="0" failures="0">
  <properties>
[...]
</properties>
  <testcase name="should_ReturnFalse_When_TableDoesNotExist" classname="com.lakehouse.catalog.client.IcebergCatalogClientTest" time="0.015">
    <system-out><![CDATA[11:43:20.993 [main] INFO  c.l.c.client.IcebergCatalogClient - IcebergCatalogClient initialized with injected catalog, namespace=test_tenant
11:43:20.998 [main] INFO  c.l.c.client.IcebergCatalogClient - IcebergCatalogClient closed
]]></system-out>
  </testcase>
  <testcase name="should_AppendRecords_When_WrittenMultipleTimes" classname="com.lakehouse.catalog.client.IcebergCatalogClientTest" time="0.497">
    <system-out><![CDATA[11:43:21.000 [main] INFO  c.l.c.client.IcebergCatalogClient - IcebergCatalogClient initialized with injected catalog, namespace=test_tenant
11:43:21.002 [main] INFO  c.l.c.client.IcebergCatalogClient - Creating table: test_tenant.users
11:43:21.002 [main] INFO  o.a.iceberg.BaseMetastoreCatalog - Table properties set at catalog level through catalog properties: {}
11:43:21.002 [main] INFO  o.a.iceberg.BaseMetastoreCatalog - Table properties enforced at catalog level through catalog properties: {}
11:43:21.009 [main] INFO  o.a.i.BaseMetastoreTableOperations - Successfully committed to table test-catalog.test_tenant.users in 5 ms
11:43:21.010 [main] INFO  o.a.i.BaseMetastoreTableOperations - Refreshing table metadata from new version: /test_tenant/users/metadata/00000-6bd5db14-910e-4df0-bbca-d3cb184b3fb2.metadata.json
11:43:21.013 [main] INFO  c.l.c.client.IcebergCatalogClient - Table created: test_tenant.users, location=/test_tenant/users
11:43:21.014 [main] DEBUG c.l.c.client.IcebergCatalogClient - Loading table: test_tenant.users
11:43:21.016 [main] INFO  o.a.i.BaseMetastoreTableOperations - Refreshing table metadata from new version: /test_tenant/users/metadata/00000-6bd5db14-910e-4df0-bbca-d3cb184b3fb2.metadata.json
11:43:21.016 [main] INFO  o.a.iceberg.BaseMetastoreCatalog - Table loaded by catalog: test-catalog.test_tenant.users
11:43:21.016 [main] INFO  c.l.c.client.IcebergCatalogClient - Writing 3 records to table users as Parquet: /test_tenant/users/data/be02abf9-e9ea-4788-9fc2-9040f89fc5db.parquet
11:43:21.178 [main] INFO  o.a.i.BaseMetastoreTableOperations - Successfully committed to table test-catalog.test_tenant.users in 3 ms
11:43:21.179 [main] INFO  org.apache.iceberg.SnapshotProducer - Committed snapshot 745214922858210376 (MergeAppend)
11:43:21.185 [main] INFO  o.a.i.BaseMetastoreTableOperations - Refreshing table metadata from new version: /test_tenant/users/metadata/00001-2b7a568f-0e25-4614-add8-ac040da6b5a1.metadata.json
11:43:21.187 [main] INFO  o.a.i.metrics.LoggingMetricsReporter - Received metrics report: CommitReport{tableName=test-catalog.test_tenant.users, snapshotId=745214922858210376, sequenceNumber=1, operation=append, commitMetrics=CommitMetricsResult{totalDuration=TimerResult{timeUnit=NANOSECONDS, totalDuration=PT0.1290273S, count=1}, attempts=CounterResult{unit=COUNT, value=1}, addedDataFiles=CounterResult{unit=COUNT, value=1}, removedDataFiles=null, totalDataFiles=CounterResult{unit=COUNT, value=1}, addedDeleteFiles=null, addedEqualityDeleteFiles=null, addedPositionalDeleteFiles=null, removedDeleteFiles=null, removedEqualityDeleteFiles=null, removedPositionalDeleteFiles=null, totalDeleteFiles=CounterResult{unit=COUNT, value=0}, addedRecords=CounterResult{unit=COUNT, value=3}, removedRecords=null, totalRecords=CounterResult{unit=COUNT, value=3}, addedFilesSizeInBytes=CounterResult{unit=BYTES, value=982}, removedFilesSizeInBytes=null, totalFilesSizeInBytes=CounterResult{unit=BYTES, value=982}, addedPositionalDeletes=null, removedPositionalDeletes=null, totalPositionalDeletes=CounterResult{unit=COUNT, value=0}, addedEqualityDeletes=null, removedEqualityDeletes=null, totalEqualityDeletes=CounterResult{unit=COUNT, value=0}}, metadata={iceberg-version=Apache Iceberg 1.7.1 (commit 4a432839233f2343a9eae8255532f911f06358ef)}}
11:43:21.187 [main] INFO  c.l.c.client.IcebergCatalogClient - Committed 3 records to table users
11:43:21.187 [main] DEBUG c.l.c.client.IcebergCatalogClient - Loading table: test_tenant.users
11:43:21.187 [main] INFO  o.a.i.BaseMetastoreTableOperations - Refreshing table metadata from new version: /test_tenant/users/metadata/00001-2b7a568f-0e25-4614-add8-ac040da6b5a1.metadata.json
11:43:21.189 [main] INFO  o.a.iceberg.BaseMetastoreCatalog - Table loaded by catalog: test-catalog.test_tenant.users
11:43:21.189 [main] INFO  c.l.c.client.IcebergCatalogClient - Writing 2 records to table users as Parquet: /test_tenant/users/data/b1fa4915-512f-4434-8f13-335791d43040.parquet
11:43:21.286 [main] INFO  o.a.i.BaseMetastoreTableOperations - Successfully committed to table test-catalog.test_tenant.users in 1 ms
11:43:21.286 [main] INFO  org.apache.iceberg.SnapshotProducer - Committed snapshot 2436386668312620788 (MergeAppend)
11:43:21.290 [main] INFO  o.a.i.BaseMetastoreTableOperations - Refreshing table metadata from new version: /test_tenant/users/metadata/00002-79e554ab-f455-4dbb-a446-b53bec6528fe.metadata.json
11:43:21.291 [main] INFO  o.a.i.metrics.LoggingMetricsReporter - Received metrics report: CommitReport{tableName=test-catalog.test_tenant.users, snapshotId=2436386668312620788, sequenceNumber=2, operation=append, commitMetrics=CommitMetricsResult{totalDuration=TimerResult{timeUnit=NANOSECONDS, totalDuration=PT0.0893252S, count=1}, attempts=CounterResult{unit=COUNT, value=1}, addedDataFiles=CounterResult{unit=COUNT, value=1}, removedDataFiles=null, totalDataFiles=CounterResult{unit=COUNT, value=2}, addedDeleteFiles=null, addedEqualityDeleteFiles=null, addedPositionalDeleteFiles=null, removedDeleteFiles=null, removedEqualityDeleteFiles=null, removedPositionalDeleteFiles=null, totalDeleteFiles=CounterResult{unit=COUNT, value=0}, addedRecords=CounterResult{unit=COUNT, value=2}, removedRecords=null, totalRecords=CounterResult{unit=COUNT, value=5}, addedFilesSizeInBytes=CounterResult{unit=BYTES, value=973}, removedFilesSizeInBytes=null, totalFilesSizeInBytes=CounterResult{unit=BYTES, value=1955}, addedPositionalDeletes=null, removedPositionalDeletes=null, totalPositionalDeletes=CounterResult{unit=COUNT, value=0}, addedEqualityDeletes=null, removedEqualityDeletes=null, totalEqualityDeletes=CounterResult{unit=COUNT, value=0}}, metadata={iceberg-version=Apache Iceberg 1.7.1 (commit 4a432839233f2343a9eae8255532f911f06358ef)}}
11:43:21.291 [main] INFO  c.l.c.client.IcebergCatalogClient - Committed 2 records to table users
11:43:21.291 [main] DEBUG c.l.c.client.IcebergCatalogClient - Loading table: test_tenant.users
11:43:21.291 [main] INFO  o.a.i.BaseMetastoreTableOperations - Refreshing table metadata from new version: /test_tenant/users/metadata/00002-79e554ab-f455-4dbb-a446-b53bec6528fe.metadata.json
11:43:21.294 [main] INFO  o.a.iceberg.BaseMetastoreCatalog - Table loaded by catalog: test-catalog.test_tenant.users
11:43:21.294 [main] INFO  c.l.c.client.IcebergCatalogClient - Reading records from table: users
11:43:21.311 [main] INFO  org.apache.iceberg.SnapshotScan - Scanning table test-catalog.test_tenant.users snapshot 2436386668312620788 created at 2026-04-15T03:43:21.284+00:00 with filter true
11:43:21.470 [main] INFO  c.l.c.client.IcebergCatalogClient - Read 5 records from table users
11:43:21.479 [main] INFO  o.a.i.metrics.LoggingMetricsReporter - Received metrics report: ScanReport{tableName=test-catalog.test_tenant.users, snapshotId=2436386668312620788, filter=true, schemaId=0, projectedFieldIds=[1, 2, 3], projectedFieldNames=[id, name, email], scanMetrics=ScanMetricsResult{totalPlanningDuration=TimerResult{timeUnit=NANOSECONDS, totalDuration=PT0.1579338S, count=1}, resultDataFiles=CounterResult{unit=COUNT, value=2}, resultDeleteFiles=CounterResult{unit=COUNT, value=0}, totalDataManifests=CounterResult{unit=COUNT, value=2}, totalDeleteManifests=CounterResult{unit=COUNT, value=0}, scannedDataManifests=CounterResult{unit=COUNT, value=2}, skippedDataManifests=CounterResult{unit=COUNT, value=0}, totalFileSizeInBytes=CounterResult{unit=BYTES, value=1955}, totalDeleteFileSizeInBytes=CounterResult{unit=BYTES, value=0}, skippedDataFiles=CounterResult{unit=COUNT, value=0}, skippedDeleteFiles=CounterResult{unit=COUNT, value=0}, scannedDeleteManifests=CounterResult{unit=COUNT, value=0}, skippedDeleteManifests=CounterResult{unit=COUNT, value=0}, indexedDeleteFiles=CounterResult{unit=COUNT, value=0}, equalityDeleteFiles=CounterResult{unit=COUNT, value=0}, positionalDeleteFiles=CounterResult{unit=COUNT, value=0}}, metadata={iceberg-version=Apache Iceberg 1.7.1 (commit 4a432839233f2343a9eae8255532f911f06358ef)}}
11:43:21.495 [main] INFO  c.l.c.client.IcebergCatalogClient - IcebergCatalogClient closed
]]></system-out>
  </testcase>
  <testcase name="should_SkipWrite_When_NullRecordsList" classname="com.lakehouse.catalog.client.IcebergCatalogClientTest" time="0.015">
    <system-out><![CDATA[11:43:21.499 [main] INFO  c.l.c.client.IcebergCatalogClient - IcebergCatalogClient initialized with injected catalog, namespace=test_tenant
11:43:21.499 [main] INFO  c.l.c.client.IcebergCatalogClient - Creating table: test_tenant.users
11:43:21.499 [main] INFO  o.a.iceberg.BaseMetastoreCatalog - Table properties set at catalog level through catalog properties: {}
11:43:21.499 [main] INFO  o.a.iceberg.BaseMetastoreCatalog - Table properties enforced at catalog level through catalog properties: {}
11:43:21.504 [main] INFO  o.a.i.BaseMetastoreTableOperations - Successfully committed to table test-catalog.test_tenant.users in 2 ms
11:43:21.504 [main] INFO  o.a.i.BaseMetastoreTableOperations - Refreshing table metadata from new version: /test_tenant/users/metadata/00000-937c0844-0e5f-4867-850c-f76d88567276.metadata.json
11:43:21.504 [main] INFO  c.l.c.client.IcebergCatalogClient - Table created: test_tenant.users, location=/test_tenant/users
11:43:21.505 [main] WARN  c.l.c.client.IcebergCatalogClient - No records to write to table users
11:43:21.505 [main] DEBUG c.l.c.client.IcebergCatalogClient - Loading table: test_tenant.users
11:43:21.506 [main] INFO  o.a.i.BaseMetastoreTableOperations - Refreshing table metadata from new version: /test_tenant/users/metadata/00000-937c0844-0e5f-4867-850c-f76d88567276.metadata.json
11:43:21.512 [main] INFO  o.a.iceberg.BaseMetastoreCatalog - Table loaded by catalog: test-catalog.test_tenant.users
11:43:21.512 [main] INFO  c.l.c.client.IcebergCatalogClient - Reading records from table: users
11:43:21.512 [main] INFO  org.apache.iceberg.SnapshotScan - Scanning empty table test-catalog.test_tenant.users
11:43:21.512 [main] INFO  c.l.c.client.IcebergCatalogClient - Read 0 records from table users
11:43:21.512 [main] INFO  c.l.c.client.IcebergCatalogClient - IcebergCatalogClient closed
]]></system-out>
  </testcase>
  <testcase name="should_ReadRecordsWithCorrectValues_When_DataWritten" classname="com.lakehouse.catalog.client.IcebergCatalogClientTest" time="0.109">
    <system-out><![CDATA[11:43:21.516 [main] INFO  c.l.c.client.IcebergCatalogClient - IcebergCatalogClient initialized with injected catalog, namespace=test_tenant
11:43:21.517 [main] INFO  c.l.c.client.IcebergCatalogClient - Creating table: test_tenant.users
11:43:21.517 [main] INFO  o.a.iceberg.BaseMetastoreCatalog - Table properties set at catalog level through catalog properties: {}
11:43:21.517 [main] INFO  o.a.iceberg.BaseMetastoreCatalog - Table properties enforced at catalog level through catalog properties: {}
11:43:21.519 [main] INFO  o.a.i.BaseMetastoreTableOperations - Successfully committed to table test-catalog.test_tenant.users in 2 ms
11:43:21.519 [main] INFO  o.a.i.BaseMetastoreTableOperations - Refreshing table metadata from new version: /test_tenant/users/metadata/00000-bdf96541-3262-455e-8295-8086cc8713a6.metadata.json
11:43:21.519 [main] INFO  c.l.c.client.IcebergCatalogClient - Table created: test_tenant.users, location=/test_tenant/users
11:43:21.520 [main] DEBUG c.l.c.client.IcebergCatalogClient - Loading table: test_tenant.users
11:43:21.520 [main] INFO  o.a.i.BaseMetastoreTableOperations - Refreshing table metadata from new version: /test_tenant/users/metadata/00000-bdf96541-3262-455e-8295-8086cc8713a6.metadata.json
11:43:21.520 [main] INFO  o.a.iceberg.BaseMetastoreCatalog - Table loaded by catalog: test-catalog.test_tenant.users
11:43:21.520 [main] INFO  c.l.c.client.IcebergCatalogClient - Writing 1 records to table users as Parquet: /test_tenant/users/data/b792b4c0-e1f0-480f-975e-7b5124247e7f.parquet
11:43:21.596 [main] INFO  o.a.i.BaseMetastoreTableOperations - Successfully committed to table test-catalog.test_tenant.users in 2 ms
11:43:21.596 [main] INFO  org.apache.iceberg.SnapshotProducer - Committed snapshot 7170656667138472447 (MergeAppend)
11:43:21.600 [main] INFO  o.a.i.BaseMetastoreTableOperations - Refreshing table metadata from new version: /test_tenant/users/metadata/00001-a087be88-5fe3-4f30-921c-afc68020fafe.metadata.json
11:43:21.601 [main] INFO  o.a.i.metrics.LoggingMetricsReporter - Received metrics report: CommitReport{tableName=test-catalog.test_tenant.users, snapshotId=7170656667138472447, sequenceNumber=1, operation=append, commitMetrics=CommitMetricsResult{totalDuration=TimerResult{timeUnit=NANOSECONDS, totalDuration=PT0.0653795S, count=1}, attempts=CounterResult{unit=COUNT, value=1}, addedDataFiles=CounterResult{unit=COUNT, value=1}, removedDataFiles=null, totalDataFiles=CounterResult{unit=COUNT, value=1}, addedDeleteFiles=null, addedEqualityDeleteFiles=null, addedPositionalDeleteFiles=null, removedDeleteFiles=null, removedEqualityDeleteFiles=null, removedPositionalDeleteFiles=null, totalDeleteFiles=CounterResult{unit=COUNT, value=0}, addedRecords=CounterResult{unit=COUNT, value=1}, removedRecords=null, totalRecords=CounterResult{unit=COUNT, value=1}, addedFilesSizeInBytes=CounterResult{unit=BYTES, value=1019}, removedFilesSizeInBytes=null, totalFilesSizeInBytes=CounterResult{unit=BYTES, value=1019}, addedPositionalDeletes=null, removedPositionalDeletes=null, totalPositionalDeletes=CounterResult{unit=COUNT, value=0}, addedEqualityDeletes=null, removedEqualityDeletes=null, totalEqualityDeletes=CounterResult{unit=COUNT, value=0}}, metadata={iceberg-version=Apache Iceberg 1.7.1 (commit 4a432839233f2343a9eae8255532f911f06358ef)}}
11:43:21.602 [main] INFO  c.l.c.client.IcebergCatalogClient - Committed 1 records to table users
11:43:21.602 [main] DEBUG c.l.c.client.IcebergCatalogClient - Loading table: test_tenant.users
11:43:21.602 [main] INFO  o.a.i.BaseMetastoreTableOperations - Refreshing table metadata from new version: /test_tenant/users/metadata/00001-a087be88-5fe3-4f30-921c-afc68020fafe.metadata.json
11:43:21.602 [main] INFO  o.a.iceberg.BaseMetastoreCatalog - Table loaded by catalog: test-catalog.test_tenant.users
11:43:21.602 [main] INFO  c.l.c.client.IcebergCatalogClient - Reading records from table: users
11:43:21.602 [main] INFO  org.apache.iceberg.SnapshotScan - Scanning table test-catalog.test_tenant.users snapshot 7170656667138472447 created at 2026-04-15T03:43:21.594+00:00 with filter true
11:43:21.621 [main] INFO  c.l.c.client.IcebergCatalogClient - Read 1 records from table users
11:43:21.621 [main] INFO  o.a.i.metrics.LoggingMetricsReporter - Received metrics report: ScanReport{tableName=test-catalog.test_tenant.users, snapshotId=7170656667138472447, filter=true, schemaId=0, projectedFieldIds=[1, 2, 3], projectedFieldNames=[id, name, email], scanMetrics=ScanMetricsResult{totalPlanningDuration=TimerResult{timeUnit=NANOSECONDS, totalDuration=PT0.0169531S, count=1}, resultDataFiles=CounterResult{unit=COUNT, value=1}, resultDeleteFiles=CounterResult{unit=COUNT, value=0}, totalDataManifests=CounterResult{unit=COUNT, value=1}, totalDeleteManifests=CounterResult{unit=COUNT, value=0}, scannedDataManifests=CounterResult{unit=COUNT, value=1}, skippedDataManifests=CounterResult{unit=COUNT, value=0}, totalFileSizeInBytes=CounterResult{unit=BYTES, value=1019}, totalDeleteFileSizeInBytes=CounterResult{unit=BYTES, value=0}, skippedDataFiles=CounterResult{unit=COUNT, value=0}, skippedDeleteFiles=CounterResult{unit=COUNT, value=0}, scannedDeleteManifests=CounterResult{unit=COUNT, value=0}, skippedDeleteManifests=CounterResult{unit=COUNT, value=0}, indexedDeleteFiles=CounterResult{unit=COUNT, value=0}, equalityDeleteFiles=CounterResult{unit=COUNT, value=0}, positionalDeleteFiles=CounterResult{unit=COUNT, value=0}}, metadata={iceberg-version=Apache Iceberg 1.7.1 (commit 4a432839233f2343a9eae8255532f911f06358ef)}}
11:43:21.621 [main] INFO  c.l.c.client.IcebergCatalogClient - IcebergCatalogClient closed
]]></system-out>
  </testcase>
  <testcase name="should_ThrowException_When_LoadingNonExistentTable" classname="com.lakehouse.catalog.client.IcebergCatalogClientTest" time="0.005">
    <system-out><![CDATA[11:43:21.624 [main] INFO  c.l.c.client.IcebergCatalogClient - IcebergCatalogClient initialized with injected catalog, namespace=test_tenant
11:43:21.625 [main] DEBUG c.l.c.client.IcebergCatalogClient - Loading table: test_tenant.non_existent
11:43:21.628 [main] INFO  c.l.c.client.IcebergCatalogClient - IcebergCatalogClient closed
]]></system-out>
  </testcase>
  <testcase name="should_ReturnTrue_When_TableExists" classname="com.lakehouse.catalog.client.IcebergCatalogClientTest" time="0.006">
    <system-out><![CDATA[11:43:21.630 [main] INFO  c.l.c.client.IcebergCatalogClient - IcebergCatalogClient initialized with injected catalog, namespace=test_tenant
11:43:21.631 [main] INFO  c.l.c.client.IcebergCatalogClient - Creating table: test_tenant.users
11:43:21.631 [main] INFO  o.a.iceberg.BaseMetastoreCatalog - Table properties set at catalog level through catalog properties: {}
11:43:21.631 [main] INFO  o.a.iceberg.BaseMetastoreCatalog - Table properties enforced at catalog level through catalog properties: {}
11:43:21.632 [main] INFO  o.a.i.BaseMetastoreTableOperations - Successfully committed to table test-catalog.test_tenant.users in 0 ms
11:43:21.633 [main] INFO  o.a.i.BaseMetastoreTableOperations - Refreshing table metadata from new version: /test_tenant/users/metadata/00000-49bd1d54-f33a-4aa1-a627-7c43b00f7752.metadata.json
11:43:21.633 [main] INFO  c.l.c.client.IcebergCatalogClient - Table created: test_tenant.users, location=/test_tenant/users
11:43:21.633 [main] INFO  o.a.i.BaseMetastoreTableOperations - Refreshing table metadata from new version: /test_tenant/users/metadata/00000-49bd1d54-f33a-4aa1-a627-7c43b00f7752.metadata.json
11:43:21.633 [main] INFO  o.a.iceberg.BaseMetastoreCatalog - Table loaded by catalog: test-catalog.test_tenant.users
11:43:21.635 [main] INFO  c.l.c.client.IcebergCatalogClient - IcebergCatalogClient closed
]]></system-out>
  </testcase>
  <testcase name="should_CreateTable_When_TableDoesNotExist" classname="com.lakehouse.catalog.client.IcebergCatalogClientTest" time="0.007">
    <system-out><![CDATA[11:43:21.638 [main] INFO  c.l.c.client.IcebergCatalogClient - IcebergCatalogClient initialized with injected catalog, namespace=test_tenant
11:43:21.638 [main] INFO  c.l.c.client.IcebergCatalogClient - Creating table: test_tenant.users
11:43:21.638 [main] INFO  o.a.iceberg.BaseMetastoreCatalog - Table properties set at catalog level through catalog properties: {}
11:43:21.638 [main] INFO  o.a.iceberg.BaseMetastoreCatalog - Table properties enforced at catalog level through catalog properties: {}
11:43:21.641 [main] INFO  o.a.i.BaseMetastoreTableOperations - Successfully committed to table test-catalog.test_tenant.users in 1 ms
11:43:21.641 [main] INFO  o.a.i.BaseMetastoreTableOperations - Refreshing table metadata from new version: /test_tenant/users/metadata/00000-24083612-a1b7-4315-9b0a-5ff4c81d16bc.metadata.json
11:43:21.642 [main] INFO  c.l.c.client.IcebergCatalogClient - Table created: test_tenant.users, location=/test_tenant/users
11:43:21.642 [main] INFO  c.l.c.client.IcebergCatalogClient - IcebergCatalogClient closed
]]></system-out>
  </testcase>
  <testcase name="should_ListTables_When_TablesExist" classname="com.lakehouse.catalog.client.IcebergCatalogClientTest" time="0.015">
    <system-out><![CDATA[11:43:21.645 [main] INFO  c.l.c.client.IcebergCatalogClient - IcebergCatalogClient initialized with injected catalog, namespace=test_tenant
11:43:21.645 [main] INFO  c.l.c.client.IcebergCatalogClient - Creating table: test_tenant.users
11:43:21.645 [main] INFO  o.a.iceberg.BaseMetastoreCatalog - Table properties set at catalog level through catalog properties: {}
11:43:21.645 [main] INFO  o.a.iceberg.BaseMetastoreCatalog - Table properties enforced at catalog level through catalog properties: {}
11:43:21.647 [main] INFO  o.a.i.BaseMetastoreTableOperations - Successfully committed to table test-catalog.test_tenant.users in 1 ms
11:43:21.647 [main] INFO  o.a.i.BaseMetastoreTableOperations - Refreshing table metadata from new version: /test_tenant/users/metadata/00000-5a1f18d5-26cc-4119-95c6-dc2a05417872.metadata.json
11:43:21.648 [main] INFO  c.l.c.client.IcebergCatalogClient - Table created: test_tenant.users, location=/test_tenant/users
11:43:21.648 [main] INFO  c.l.c.client.IcebergCatalogClient - Creating table: test_tenant.events
11:43:21.649 [main] INFO  o.a.iceberg.BaseMetastoreCatalog - Table properties set at catalog level through catalog properties: {}
11:43:21.649 [main] INFO  o.a.iceberg.BaseMetastoreCatalog - Table properties enforced at catalog level through catalog properties: {}
11:43:21.650 [main] INFO  o.a.i.BaseMetastoreTableOperations - Successfully committed to table test-catalog.test_tenant.events in 0 ms
11:43:21.650 [main] INFO  o.a.i.BaseMetastoreTableOperations - Refreshing table metadata from new version: /test_tenant/events/metadata/00000-25e115cc-e63d-4032-bddf-1b4f907dbf56.metadata.json
11:43:21.651 [main] INFO  c.l.c.client.IcebergCatalogClient - Table created: test_tenant.events, location=/test_tenant/events
11:43:21.659 [main] INFO  c.l.c.client.IcebergCatalogClient - IcebergCatalogClient closed
]]></system-out>
  </testcase>
  <testcase name="should_WriteRecordsAsParquet_When_ValidRecordsProvided" classname="com.lakehouse.catalog.client.IcebergCatalogClientTest" time="0.282">
    <system-out><![CDATA[11:43:21.663 [main] INFO  c.l.c.client.IcebergCatalogClient - IcebergCatalogClient initialized with injected catalog, namespace=test_tenant
11:43:21.663 [main] INFO  c.l.c.client.IcebergCatalogClient - Creating table: test_tenant.users
11:43:21.663 [main] INFO  o.a.iceberg.BaseMetastoreCatalog - Table properties set at catalog level through catalog properties: {}
11:43:21.664 [main] INFO  o.a.iceberg.BaseMetastoreCatalog - Table properties enforced at catalog level through catalog properties: {}
11:43:21.665 [main] INFO  o.a.i.BaseMetastoreTableOperations - Successfully committed to table test-catalog.test_tenant.users in 0 ms
11:43:21.666 [main] INFO  o.a.i.BaseMetastoreTableOperations - Refreshing table metadata from new version: /test_tenant/users/metadata/00000-78e42267-de0e-47b2-83e4-3f233876c207.metadata.json
11:43:21.669 [main] INFO  c.l.c.client.IcebergCatalogClient - Table created: test_tenant.users, location=/test_tenant/users
11:43:21.669 [main] DEBUG c.l.c.client.IcebergCatalogClient - Loading table: test_tenant.users
11:43:21.669 [main] INFO  o.a.i.BaseMetastoreTableOperations - Refreshing table metadata from new version: /test_tenant/users/metadata/00000-78e42267-de0e-47b2-83e4-3f233876c207.metadata.json
11:43:21.669 [main] INFO  o.a.iceberg.BaseMetastoreCatalog - Table loaded by catalog: test-catalog.test_tenant.users
11:43:21.669 [main] INFO  c.l.c.client.IcebergCatalogClient - Writing 5 records to table users as Parquet: /test_tenant/users/data/f944c904-2b1e-4860-bfed-eddb29188959.parquet
11:43:21.919 [main] INFO  o.a.i.BaseMetastoreTableOperations - Successfully committed to table test-catalog.test_tenant.users in 1 ms
11:43:21.919 [main] INFO  org.apache.iceberg.SnapshotProducer - Committed snapshot 3312091998876563111 (MergeAppend)
11:43:21.923 [main] INFO  o.a.i.BaseMetastoreTableOperations - Refreshing table metadata from new version: /test_tenant/users/metadata/00001-ae1aaf46-4aa2-4ff4-947b-6e8d90c09996.metadata.json
11:43:21.925 [main] INFO  o.a.i.metrics.LoggingMetricsReporter - Received metrics report: CommitReport{tableName=test-catalog.test_tenant.users, snapshotId=3312091998876563111, sequenceNumber=1, operation=append, commitMetrics=CommitMetricsResult{totalDuration=TimerResult{timeUnit=NANOSECONDS, totalDuration=PT0.2416053S, count=1}, attempts=CounterResult{unit=COUNT, value=1}, addedDataFiles=CounterResult{unit=COUNT, value=1}, removedDataFiles=null, totalDataFiles=CounterResult{unit=COUNT, value=1}, addedDeleteFiles=null, addedEqualityDeleteFiles=null, addedPositionalDeleteFiles=null, removedDeleteFiles=null, removedEqualityDeleteFiles=null, removedPositionalDeleteFiles=null, totalDeleteFiles=CounterResult{unit=COUNT, value=0}, addedRecords=CounterResult{unit=COUNT, value=5}, removedRecords=null, totalRecords=CounterResult{unit=COUNT, value=5}, addedFilesSizeInBytes=CounterResult{unit=BYTES, value=1001}, removedFilesSizeInBytes=null, totalFilesSizeInBytes=CounterResult{unit=BYTES, value=1001}, addedPositionalDeletes=null, removedPositionalDeletes=null, totalPositionalDeletes=CounterResult{unit=COUNT, value=0}, addedEqualityDeletes=null, removedEqualityDeletes=null, totalEqualityDeletes=CounterResult{unit=COUNT, value=0}}, metadata={iceberg-version=Apache Iceberg 1.7.1 (commit 4a432839233f2343a9eae8255532f911f06358ef)}}
11:43:21.925 [main] INFO  c.l.c.client.IcebergCatalogClient - Committed 5 records to table users
11:43:21.925 [main] DEBUG c.l.c.client.IcebergCatalogClient - Loading table: test_tenant.users
11:43:21.925 [main] INFO  o.a.i.BaseMetastoreTableOperations - Refreshing table metadata from new version: /test_tenant/users/metadata/00001-ae1aaf46-4aa2-4ff4-947b-6e8d90c09996.metadata.json
11:43:21.926 [main] INFO  o.a.iceberg.BaseMetastoreCatalog - Table loaded by catalog: test-catalog.test_tenant.users
11:43:21.926 [main] INFO  c.l.c.client.IcebergCatalogClient - Reading records from table: users
11:43:21.926 [main] INFO  org.apache.iceberg.SnapshotScan - Scanning table test-catalog.test_tenant.users snapshot 3312091998876563111 created at 2026-04-15T03:43:21.909+00:00 with filter true
11:43:21.942 [main] INFO  c.l.c.client.IcebergCatalogClient - Read 5 records from table users
11:43:21.942 [main] INFO  o.a.i.metrics.LoggingMetricsReporter - Received metrics report: ScanReport{tableName=test-catalog.test_tenant.users, snapshotId=3312091998876563111, filter=true, schemaId=0, projectedFieldIds=[1, 2, 3], projectedFieldNames=[id, name, email], scanMetrics=ScanMetricsResult{totalPlanningDuration=TimerResult{timeUnit=NANOSECONDS, totalDuration=PT0.0151064S, count=1}, resultDataFiles=CounterResult{unit=COUNT, value=1}, resultDeleteFiles=CounterResult{unit=COUNT, value=0}, totalDataManifests=CounterResult{unit=COUNT, value=1}, totalDeleteManifests=CounterResult{unit=COUNT, value=0}, scannedDataManifests=CounterResult{unit=COUNT, value=1}, skippedDataManifests=CounterResult{unit=COUNT, value=0}, totalFileSizeInBytes=CounterResult{unit=BYTES, value=1001}, totalDeleteFileSizeInBytes=CounterResult{unit=BYTES, value=0}, skippedDataFiles=CounterResult{unit=COUNT, value=0}, skippedDeleteFiles=CounterResult{unit=COUNT, value=0}, scannedDeleteManifests=CounterResult{unit=COUNT, value=0}, skippedDeleteManifests=CounterResult{unit=COUNT, value=0}, indexedDeleteFiles=CounterResult{unit=COUNT, value=0}, equalityDeleteFiles=CounterResult{unit=COUNT, value=0}, positionalDeleteFiles=CounterResult{unit=COUNT, value=0}}, metadata={iceberg-version=Apache Iceberg 1.7.1 (commit 4a432839233f2343a9eae8255532f911f06358ef)}}
11:43:21.943 [main] INFO  c.l.c.client.IcebergCatalogClient - IcebergCatalogClient closed
]]></system-out>
  </testcase>
  <testcase name="should_DropTable_When_TableExists" classname="com.lakehouse.catalog.client.IcebergCatalogClientTest" time="0.023">
    <system-out><![CDATA[11:43:21.945 [main] INFO  c.l.c.client.IcebergCatalogClient - IcebergCatalogClient initialized with injected catalog, namespace=test_tenant
11:43:21.946 [main] INFO  c.l.c.client.IcebergCatalogClient - Creating table: test_tenant.users
11:43:21.947 [main] INFO  o.a.iceberg.BaseMetastoreCatalog - Table properties set at catalog level through catalog properties: {}
11:43:21.947 [main] INFO  o.a.iceberg.BaseMetastoreCatalog - Table properties enforced at catalog level through catalog properties: {}
11:43:21.948 [main] INFO  o.a.i.BaseMetastoreTableOperations - Successfully committed to table test-catalog.test_tenant.users in 1 ms
11:43:21.948 [main] INFO  o.a.i.BaseMetastoreTableOperations - Refreshing table metadata from new version: /test_tenant/users/metadata/00000-fd4f548a-9f0e-4beb-bcb8-5db6bad2fe80.metadata.json
11:43:21.949 [main] INFO  c.l.c.client.IcebergCatalogClient - Table created: test_tenant.users, location=/test_tenant/users
11:43:21.949 [main] INFO  o.a.i.BaseMetastoreTableOperations - Refreshing table metadata from new version: /test_tenant/users/metadata/00000-fd4f548a-9f0e-4beb-bcb8-5db6bad2fe80.metadata.json
11:43:21.949 [main] INFO  o.a.iceberg.BaseMetastoreCatalog - Table loaded by catalog: test-catalog.test_tenant.users
11:43:21.949 [main] INFO  c.l.c.client.IcebergCatalogClient - Dropping table: test_tenant.users, purge=true
11:43:21.949 [main] INFO  o.a.i.BaseMetastoreTableOperations - Refreshing table metadata from new version: /test_tenant/users/metadata/00000-fd4f548a-9f0e-4beb-bcb8-5db6bad2fe80.metadata.json
11:43:21.952 [main] INFO  org.apache.iceberg.CatalogUtil - Manifests to delete: 
11:43:21.967 [main] INFO  c.l.c.client.IcebergCatalogClient - IcebergCatalogClient closed
]]></system-out>
  </testcase>
  <testcase name="should_ReturnExistingTable_When_TableAlreadyExists" classname="com.lakehouse.catalog.client.IcebergCatalogClientTest" time="0.006">
    <system-out><![CDATA[11:43:21.970 [main] INFO  c.l.c.client.IcebergCatalogClient - IcebergCatalogClient initialized with injected catalog, namespace=test_tenant
11:43:21.970 [main] INFO  c.l.c.client.IcebergCatalogClient - Creating table: test_tenant.users
11:43:21.970 [main] INFO  o.a.iceberg.BaseMetastoreCatalog - Table properties set at catalog level through catalog properties: {}
11:43:21.970 [main] INFO  o.a.iceberg.BaseMetastoreCatalog - Table properties enforced at catalog level through catalog properties: {}
11:43:21.971 [main] INFO  o.a.i.BaseMetastoreTableOperations - Successfully committed to table test-catalog.test_tenant.users in 0 ms
11:43:21.971 [main] INFO  o.a.i.BaseMetastoreTableOperations - Refreshing table metadata from new version: /test_tenant/users/metadata/00000-6e4c319d-4033-420b-a2f1-96cdd1e50e45.metadata.json
11:43:21.973 [main] INFO  c.l.c.client.IcebergCatalogClient - Table created: test_tenant.users, location=/test_tenant/users
11:43:21.973 [main] INFO  o.a.i.BaseMetastoreTableOperations - Refreshing table metadata from new version: /test_tenant/users/metadata/00000-6e4c319d-4033-420b-a2f1-96cdd1e50e45.metadata.json
11:43:21.974 [main] INFO  o.a.iceberg.BaseMetastoreCatalog - Table loaded by catalog: test-catalog.test_tenant.users
11:43:21.974 [main] INFO  c.l.c.client.IcebergCatalogClient - Table already exists, loading: test_tenant.users
11:43:21.974 [main] INFO  o.a.i.BaseMetastoreTableOperations - Refreshing table metadata from new version: /test_tenant/users/metadata/00000-6e4c319d-4033-420b-a2f1-96cdd1e50e45.metadata.json
11:43:21.974 [main] INFO  o.a.iceberg.BaseMetastoreCatalog - Table loaded by catalog: test-catalog.test_tenant.users
11:43:21.974 [main] INFO  c.l.c.client.IcebergCatalogClient - IcebergCatalogClient closed
]]></system-out>
  </testcase>
  <testcase name="should_SkipWrite_When_EmptyRecordsList" classname="com.lakehouse.catalog.client.IcebergCatalogClientTest" time="0.006">
    <system-out><![CDATA[11:43:21.976 [main] INFO  c.l.c.client.IcebergCatalogClient - IcebergCatalogClient initialized with injected catalog, namespace=test_tenant
11:43:21.978 [main] INFO  c.l.c.client.IcebergCatalogClient - Creating table: test_tenant.users
11:43:21.978 [main] INFO  o.a.iceberg.BaseMetastoreCatalog - Table properties set at catalog level through catalog properties: {}
11:43:21.978 [main] INFO  o.a.iceberg.BaseMetastoreCatalog - Table properties enforced at catalog level through catalog properties: {}
11:43:21.979 [main] INFO  o.a.i.BaseMetastoreTableOperations - Successfully committed to table test-catalog.test_tenant.users in 1 ms
11:43:21.979 [main] INFO  o.a.i.BaseMetastoreTableOperations - Refreshing table metadata from new version: /test_tenant/users/metadata/00000-e01f7138-1212-4c9d-8221-18f645a1102b.metadata.json
11:43:21.979 [main] INFO  c.l.c.client.IcebergCatalogClient - Table created: test_tenant.users, location=/test_tenant/users
11:43:21.980 [main] WARN  c.l.c.client.IcebergCatalogClient - No records to write to table users
11:43:21.980 [main] DEBUG c.l.c.client.IcebergCatalogClient - Loading table: test_tenant.users
11:43:21.980 [main] INFO  o.a.i.BaseMetastoreTableOperations - Refreshing table metadata from new version: /test_tenant/users/metadata/00000-e01f7138-1212-4c9d-8221-18f645a1102b.metadata.json
11:43:21.980 [main] INFO  o.a.iceberg.BaseMetastoreCatalog - Table loaded by catalog: test-catalog.test_tenant.users
11:43:21.980 [main] INFO  c.l.c.client.IcebergCatalogClient - Reading records from table: users
11:43:21.981 [main] INFO  org.apache.iceberg.SnapshotScan - Scanning empty table test-catalog.test_tenant.users
11:43:21.981 [main] INFO  c.l.c.client.IcebergCatalogClient - Read 0 records from table users
11:43:21.981 [main] INFO  c.l.c.client.IcebergCatalogClient - IcebergCatalogClient closed
]]></system-out>
  </testcase>
  <testcase name="should_CreateNamespace_When_NotExists" classname="com.lakehouse.catalog.client.IcebergCatalogClientTest" time="0.002">
    <system-out><![CDATA[11:43:21.983 [main] INFO  c.l.c.client.IcebergCatalogClient - IcebergCatalogClient initialized with injected catalog, namespace=test_tenant
11:43:21.984 [main] DEBUG c.l.c.client.IcebergCatalogClient - Namespace already exists: test_tenant
11:43:21.984 [main] INFO  c.l.c.client.IcebergCatalogClient - IcebergCatalogClient closed
]]></system-out>
  </testcase>
  <testcase name="should_ReturnEmptyList_When_TableIsEmpty" classname="com.lakehouse.catalog.client.IcebergCatalogClientTest" time="0.009">
    <system-out><![CDATA[11:43:21.986 [main] INFO  c.l.c.client.IcebergCatalogClient - IcebergCatalogClient initialized with injected catalog, namespace=test_tenant
11:43:21.986 [main] INFO  c.l.c.client.IcebergCatalogClient - Creating table: test_tenant.users
11:43:21.986 [main] INFO  o.a.iceberg.BaseMetastoreCatalog - Table properties set at catalog level through catalog properties: {}
11:43:21.987 [main] INFO  o.a.iceberg.BaseMetastoreCatalog - Table properties enforced at catalog level through catalog properties: {}
11:43:21.988 [main] INFO  o.a.i.BaseMetastoreTableOperations - Successfully committed to table test-catalog.test_tenant.users in 1 ms
11:43:21.988 [main] INFO  o.a.i.BaseMetastoreTableOperations - Refreshing table metadata from new version: /test_tenant/users/metadata/00000-85b734b9-46cc-4737-980a-79a31483818c.metadata.json
11:43:21.989 [main] INFO  c.l.c.client.IcebergCatalogClient - Table created: test_tenant.users, location=/test_tenant/users
11:43:21.990 [main] DEBUG c.l.c.client.IcebergCatalogClient - Loading table: test_tenant.users
11:43:21.990 [main] INFO  o.a.i.BaseMetastoreTableOperations - Refreshing table metadata from new version: /test_tenant/users/metadata/00000-85b734b9-46cc-4737-980a-79a31483818c.metadata.json
11:43:21.993 [main] INFO  o.a.iceberg.BaseMetastoreCatalog - Table loaded by catalog: test-catalog.test_tenant.users
11:43:21.993 [main] INFO  c.l.c.client.IcebergCatalogClient - Reading records from table: users
11:43:21.993 [main] INFO  org.apache.iceberg.SnapshotScan - Scanning empty table test-catalog.test_tenant.users
11:43:21.993 [main] INFO  c.l.c.client.IcebergCatalogClient - Read 0 records from table users
11:43:21.993 [main] INFO  c.l.c.client.IcebergCatalogClient - IcebergCatalogClient closed
]]></system-out>
  </testcase>
  <testcase name="should_LoadTable_When_TableExists" classname="com.lakehouse.catalog.client.IcebergCatalogClientTest" time="0.009">
    <system-out><![CDATA[11:43:21.997 [main] INFO  c.l.c.client.IcebergCatalogClient - IcebergCatalogClient initialized with injected catalog, namespace=test_tenant
11:43:21.998 [main] INFO  c.l.c.client.IcebergCatalogClient - Creating table: test_tenant.users
11:43:21.998 [main] INFO  o.a.iceberg.BaseMetastoreCatalog - Table properties set at catalog level through catalog properties: {}
11:43:21.999 [main] INFO  o.a.iceberg.BaseMetastoreCatalog - Table properties enforced at catalog level through catalog properties: {}
11:43:22.002 [main] INFO  o.a.i.BaseMetastoreTableOperations - Successfully committed to table test-catalog.test_tenant.users in 2 ms
11:43:22.002 [main] INFO  o.a.i.BaseMetastoreTableOperations - Refreshing table metadata from new version: /test_tenant/users/metadata/00000-e04713eb-6cdc-4b60-8ee9-bcedb31716bb.metadata.json
11:43:22.002 [main] INFO  c.l.c.client.IcebergCatalogClient - Table created: test_tenant.users, location=/test_tenant/users
11:43:22.003 [main] DEBUG c.l.c.client.IcebergCatalogClient - Loading table: test_tenant.users
11:43:22.003 [main] INFO  o.a.i.BaseMetastoreTableOperations - Refreshing table metadata from new version: /test_tenant/users/metadata/00000-e04713eb-6cdc-4b60-8ee9-bcedb31716bb.metadata.json
11:43:22.003 [main] INFO  o.a.iceberg.BaseMetastoreCatalog - Table loaded by catalog: test-catalog.test_tenant.users
11:43:22.004 [main] INFO  c.l.c.client.IcebergCatalogClient - IcebergCatalogClient closed
]]></system-out>
  </testcase>
  <testcase name="should_WriteAndReadWithSchemaEvolution_When_ColumnAdded" classname="com.lakehouse.catalog.client.IcebergCatalogClientTest" time="0.13">
    <system-out><![CDATA[11:43:22.008 [main] INFO  c.l.c.client.IcebergCatalogClient - IcebergCatalogClient initialized with injected catalog, namespace=test_tenant
11:43:22.010 [main] INFO  c.l.c.client.IcebergCatalogClient - Creating table: test_tenant.users
11:43:22.010 [main] INFO  o.a.iceberg.BaseMetastoreCatalog - Table properties set at catalog level through catalog properties: {}
11:43:22.010 [main] INFO  o.a.iceberg.BaseMetastoreCatalog - Table properties enforced at catalog level through catalog properties: {}
11:43:22.012 [main] INFO  o.a.i.BaseMetastoreTableOperations - Successfully committed to table test-catalog.test_tenant.users in 0 ms
11:43:22.012 [main] INFO  o.a.i.BaseMetastoreTableOperations - Refreshing table metadata from new version: /test_tenant/users/metadata/00000-94281f14-0248-44df-8c37-d9adcefb2a25.metadata.json
11:43:22.013 [main] INFO  c.l.c.client.IcebergCatalogClient - Table created: test_tenant.users, location=/test_tenant/users
11:43:22.013 [main] DEBUG c.l.c.client.IcebergCatalogClient - Loading table: test_tenant.users
11:43:22.013 [main] INFO  o.a.i.BaseMetastoreTableOperations - Refreshing table metadata from new version: /test_tenant/users/metadata/00000-94281f14-0248-44df-8c37-d9adcefb2a25.metadata.json
11:43:22.014 [main] INFO  o.a.iceberg.BaseMetastoreCatalog - Table loaded by catalog: test-catalog.test_tenant.users
11:43:22.014 [main] INFO  c.l.c.client.IcebergCatalogClient - Writing 3 records to table users as Parquet: /test_tenant/users/data/605169d1-92f1-48c0-9086-f6d7c3faf775.parquet
11:43:22.091 [main] INFO  o.a.i.BaseMetastoreTableOperations - Successfully committed to table test-catalog.test_tenant.users in 1 ms
11:43:22.091 [main] INFO  org.apache.iceberg.SnapshotProducer - Committed snapshot 3709540475960157614 (MergeAppend)
11:43:22.095 [main] INFO  o.a.i.BaseMetastoreTableOperations - Refreshing table metadata from new version: /test_tenant/users/metadata/00001-9fe68a99-7de8-4fe4-90f9-dddd4f8d934e.metadata.json
11:43:22.095 [main] INFO  o.a.i.metrics.LoggingMetricsReporter - Received metrics report: CommitReport{tableName=test-catalog.test_tenant.users, snapshotId=3709540475960157614, sequenceNumber=1, operation=append, commitMetrics=CommitMetricsResult{totalDuration=TimerResult{timeUnit=NANOSECONDS, totalDuration=PT0.0688057S, count=1}, attempts=CounterResult{unit=COUNT, value=1}, addedDataFiles=CounterResult{unit=COUNT, value=1}, removedDataFiles=null, totalDataFiles=CounterResult{unit=COUNT, value=1}, addedDeleteFiles=null, addedEqualityDeleteFiles=null, addedPositionalDeleteFiles=null, removedDeleteFiles=null, removedEqualityDeleteFiles=null, removedPositionalDeleteFiles=null, totalDeleteFiles=CounterResult{unit=COUNT, value=0}, addedRecords=CounterResult{unit=COUNT, value=3}, removedRecords=null, totalRecords=CounterResult{unit=COUNT, value=3}, addedFilesSizeInBytes=CounterResult{unit=BYTES, value=982}, removedFilesSizeInBytes=null, totalFilesSizeInBytes=CounterResult{unit=BYTES, value=982}, addedPositionalDeletes=null, removedPositionalDeletes=null, totalPositionalDeletes=CounterResult{unit=COUNT, value=0}, addedEqualityDeletes=null, removedEqualityDeletes=null, totalEqualityDeletes=CounterResult{unit=COUNT, value=0}}, metadata={iceberg-version=Apache Iceberg 1.7.1 (commit 4a432839233f2343a9eae8255532f911f06358ef)}}
11:43:22.096 [main] INFO  c.l.c.client.IcebergCatalogClient - Committed 3 records to table users
11:43:22.096 [main] DEBUG c.l.c.client.IcebergCatalogClient - Loading table: test_tenant.users
11:43:22.096 [main] INFO  o.a.i.BaseMetastoreTableOperations - Refreshing table metadata from new version: /test_tenant/users/metadata/00001-9fe68a99-7de8-4fe4-90f9-dddd4f8d934e.metadata.json
11:43:22.096 [main] INFO  o.a.iceberg.BaseMetastoreCatalog - Table loaded by catalog: test-catalog.test_tenant.users
11:43:22.104 [main] INFO  o.a.i.BaseMetastoreTableOperations - Successfully committed to table test-catalog.test_tenant.users in 0 ms
11:43:22.104 [main] DEBUG c.l.c.client.IcebergCatalogClient - Loading table: test_tenant.users
11:43:22.104 [main] INFO  o.a.i.BaseMetastoreTableOperations - Refreshing table metadata from new version: /test_tenant/users/metadata/00002-b04e5660-622c-40c1-9b26-1f872b2938c1.metadata.json
11:43:22.104 [main] INFO  o.a.iceberg.BaseMetastoreCatalog - Table loaded by catalog: test-catalog.test_tenant.users
11:43:22.104 [main] INFO  c.l.c.client.IcebergCatalogClient - Reading records from table: users
11:43:22.106 [main] INFO  org.apache.iceberg.SnapshotScan - Scanning table test-catalog.test_tenant.users snapshot 3709540475960157614 created at 2026-04-15T03:43:22.089+00:00 with filter true
11:43:22.132 [main] INFO  c.l.c.client.IcebergCatalogClient - Read 3 records from table users
11:43:22.132 [main] INFO  o.a.i.metrics.LoggingMetricsReporter - Received metrics report: ScanReport{tableName=test-catalog.test_tenant.users, snapshotId=3709540475960157614, filter=true, schemaId=1, projectedFieldIds=[1, 2, 3, 4], projectedFieldNames=[id, name, email, age], scanMetrics=ScanMetricsResult{totalPlanningDuration=TimerResult{timeUnit=NANOSECONDS, totalDuration=PT0.0272025S, count=1}, resultDataFiles=CounterResult{unit=COUNT, value=1}, resultDeleteFiles=CounterResult{unit=COUNT, value=0}, totalDataManifests=CounterResult{unit=COUNT, value=1}, totalDeleteManifests=CounterResult{unit=COUNT, value=0}, scannedDataManifests=CounterResult{unit=COUNT, value=1}, skippedDataManifests=CounterResult{unit=COUNT, value=0}, totalFileSizeInBytes=CounterResult{unit=BYTES, value=982}, totalDeleteFileSizeInBytes=CounterResult{unit=BYTES, value=0}, skippedDataFiles=CounterResult{unit=COUNT, value=0}, skippedDeleteFiles=CounterResult{unit=COUNT, value=0}, scannedDeleteManifests=CounterResult{unit=COUNT, value=0}, skippedDeleteManifests=CounterResult{unit=COUNT, value=0}, indexedDeleteFiles=CounterResult{unit=COUNT, value=0}, equalityDeleteFiles=CounterResult{unit=COUNT, value=0}, positionalDeleteFiles=CounterResult{unit=COUNT, value=0}}, metadata={iceberg-version=Apache Iceberg 1.7.1 (commit 4a432839233f2343a9eae8255532f911f06358ef)}}
11:43:22.134 [main] INFO  c.l.c.client.IcebergCatalogClient - IcebergCatalogClient closed
]]></system-out>
  </testcase>
  <testcase name="should_HandleLargeBatch_When_WritingManyRecords" classname="com.lakehouse.catalog.client.IcebergCatalogClientTest" time="0.142">
    <system-out><![CDATA[11:43:22.137 [main] INFO  c.l.c.client.IcebergCatalogClient - IcebergCatalogClient initialized with injected catalog, namespace=test_tenant
11:43:22.137 [main] INFO  c.l.c.client.IcebergCatalogClient - Creating table: test_tenant.users
11:43:22.137 [main] INFO  o.a.iceberg.BaseMetastoreCatalog - Table properties set at catalog level through catalog properties: {}
11:43:22.138 [main] INFO  o.a.iceberg.BaseMetastoreCatalog - Table properties enforced at catalog level through catalog properties: {}
11:43:22.138 [main] INFO  o.a.i.BaseMetastoreTableOperations - Successfully committed to table test-catalog.test_tenant.users in 0 ms
11:43:22.138 [main] INFO  o.a.i.BaseMetastoreTableOperations - Refreshing table metadata from new version: /test_tenant/users/metadata/00000-ef3c74f7-7e7e-4539-9f7f-5b63eb9e3e98.metadata.json
11:43:22.140 [main] INFO  c.l.c.client.IcebergCatalogClient - Table created: test_tenant.users, location=/test_tenant/users
11:43:22.151 [main] DEBUG c.l.c.client.IcebergCatalogClient - Loading table: test_tenant.users
11:43:22.151 [main] INFO  o.a.i.BaseMetastoreTableOperations - Refreshing table metadata from new version: /test_tenant/users/metadata/00000-ef3c74f7-7e7e-4539-9f7f-5b63eb9e3e98.metadata.json
11:43:22.152 [main] INFO  o.a.iceberg.BaseMetastoreCatalog - Table loaded by catalog: test-catalog.test_tenant.users
11:43:22.152 [main] INFO  c.l.c.client.IcebergCatalogClient - Writing 1000 records to table users as Parquet: /test_tenant/users/data/e0289c59-c261-4589-a11b-5e1b4ca3b8bd.parquet
11:43:22.245 [main] INFO  o.a.i.BaseMetastoreTableOperations - Successfully committed to table test-catalog.test_tenant.users in 0 ms
11:43:22.246 [main] INFO  org.apache.iceberg.SnapshotProducer - Committed snapshot 670329261107302578 (MergeAppend)
11:43:22.247 [main] INFO  o.a.i.BaseMetastoreTableOperations - Refreshing table metadata from new version: /test_tenant/users/metadata/00001-09246eaa-ada4-4496-9fc9-3c75d21f5307.metadata.json
11:43:22.249 [main] INFO  o.a.i.metrics.LoggingMetricsReporter - Received metrics report: CommitReport{tableName=test-catalog.test_tenant.users, snapshotId=670329261107302578, sequenceNumber=1, operation=append, commitMetrics=CommitMetricsResult{totalDuration=TimerResult{timeUnit=NANOSECONDS, totalDuration=PT0.0562869S, count=1}, attempts=CounterResult{unit=COUNT, value=1}, addedDataFiles=CounterResult{unit=COUNT, value=1}, removedDataFiles=null, totalDataFiles=CounterResult{unit=COUNT, value=1}, addedDeleteFiles=null, addedEqualityDeleteFiles=null, addedPositionalDeleteFiles=null, removedDeleteFiles=null, removedEqualityDeleteFiles=null, removedPositionalDeleteFiles=null, totalDeleteFiles=CounterResult{unit=COUNT, value=0}, addedRecords=CounterResult{unit=COUNT, value=1000}, removedRecords=null, totalRecords=CounterResult{unit=COUNT, value=1000}, addedFilesSizeInBytes=CounterResult{unit=BYTES, value=6840}, removedFilesSizeInBytes=null, totalFilesSizeInBytes=CounterResult{unit=BYTES, value=6840}, addedPositionalDeletes=null, removedPositionalDeletes=null, totalPositionalDeletes=CounterResult{unit=COUNT, value=0}, addedEqualityDeletes=null, removedEqualityDeletes=null, totalEqualityDeletes=CounterResult{unit=COUNT, value=0}}, metadata={iceberg-version=Apache Iceberg 1.7.1 (commit 4a432839233f2343a9eae8255532f911f06358ef)}}
11:43:22.249 [main] INFO  c.l.c.client.IcebergCatalogClient - Committed 1000 records to table users
11:43:22.249 [main] DEBUG c.l.c.client.IcebergCatalogClient - Loading table: test_tenant.users
11:43:22.249 [main] INFO  o.a.i.BaseMetastoreTableOperations - Refreshing table metadata from new version: /test_tenant/users/metadata/00001-09246eaa-ada4-4496-9fc9-3c75d21f5307.metadata.json
11:43:22.250 [main] INFO  o.a.iceberg.BaseMetastoreCatalog - Table loaded by catalog: test-catalog.test_tenant.users
11:43:22.250 [main] INFO  c.l.c.client.IcebergCatalogClient - Reading records from table: users
11:43:22.250 [main] INFO  org.apache.iceberg.SnapshotScan - Scanning table test-catalog.test_tenant.users snapshot 670329261107302578 created at 2026-04-15T03:43:22.245+00:00 with filter true
11:43:22.275 [main] INFO  c.l.c.client.IcebergCatalogClient - Read 1000 records from table users
11:43:22.275 [main] INFO  o.a.i.metrics.LoggingMetricsReporter - Received metrics report: ScanReport{tableName=test-catalog.test_tenant.users, snapshotId=670329261107302578, filter=true, schemaId=0, projectedFieldIds=[1, 2, 3], projectedFieldNames=[id, name, email], scanMetrics=ScanMetricsResult{totalPlanningDuration=TimerResult{timeUnit=NANOSECONDS, totalDuration=PT0.0251994S, count=1}, resultDataFiles=CounterResult{unit=COUNT, value=1}, resultDeleteFiles=CounterResult{unit=COUNT, value=0}, totalDataManifests=CounterResult{unit=COUNT, value=1}, totalDeleteManifests=CounterResult{unit=COUNT, value=0}, scannedDataManifests=CounterResult{unit=COUNT, value=1}, skippedDataManifests=CounterResult{unit=COUNT, value=0}, totalFileSizeInBytes=CounterResult{unit=BYTES, value=6840}, totalDeleteFileSizeInBytes=CounterResult{unit=BYTES, value=0}, skippedDataFiles=CounterResult{unit=COUNT, value=0}, skippedDeleteFiles=CounterResult{unit=COUNT, value=0}, scannedDeleteManifests=CounterResult{unit=COUNT, value=0}, skippedDeleteManifests=CounterResult{unit=COUNT, value=0}, indexedDeleteFiles=CounterResult{unit=COUNT, value=0}, equalityDeleteFiles=CounterResult{unit=COUNT, value=0}, positionalDeleteFiles=CounterResult{unit=COUNT, value=0}}, metadata={iceberg-version=Apache Iceberg 1.7.1 (commit 4a432839233f2343a9eae8255532f911f06358ef)}}
11:43:22.276 [main] INFO  c.l.c.client.IcebergCatalogClient - IcebergCatalogClient closed
]]></system-out>
  </testcase>
  <testcase name="should_ReturnEmptyList_When_NoTables" classname="com.lakehouse.catalog.client.IcebergCatalogClientTest" time="0.001">
    <system-out><![CDATA[11:43:22.278 [main] INFO  c.l.c.client.IcebergCatalogClient - IcebergCatalogClient initialized with injected catalog, namespace=test_tenant
11:43:22.279 [main] INFO  c.l.c.client.IcebergCatalogClient - IcebergCatalogClient closed
]]></system-out>
  </testcase>
</testsuite>