<?xml version="1.0" encoding="UTF-8"?>
<testsuite xmlns:xsi="http://www.w3.org/2001/XMLSchema-instance" xsi:noNamespaceSchemaLocation="https://maven.apache.org/surefire/maven-surefire-plugin/xsd/surefire-test-report.xsd" version="3.0.2" name="com.lakehouse.catalog.client.IcebergCatalogClientTest" time="1.268" tests="22" errors="0" skipped="0" failures="0">
  <properties>
[...]
</properties>
  <testcase name="should_ReturnFalse_When_TableDoesNotExist" classname="com.lakehouse.catalog.client.IcebergCatalogClientTest" time="0.011">
    <system-out><![CDATA[14:44:03.487 [main] INFO  c.l.c.client.IcebergCatalogClient - IcebergCatalogClient initialized with injected catalog, namespace=test_tenant
14:44:03.490 [main] INFO  c.l.c.client.IcebergCatalogClient - IcebergCatalogClient closed
]]></system-out>
  </testcase>
  <testcase name="should_AppendRecords_When_WrittenMultipleTimes" classname="com.lakehouse.catalog.client.IcebergCatalogClientTest" time="0.573">
    <system-out><![CDATA[14:44:03.514 [main] INFO  c.l.c.client.IcebergCatalogClient - IcebergCatalogClient initialized with injected catalog, namespace=test_tenant
14:44:03.522 [main] INFO  c.l.c.client.IcebergCatalogClient - Creating table: test_tenant.users, partitioned=false, explicitLocation=false
14:44:03.524 [main] INFO  o.a.iceberg.BaseMetastoreCatalog - Table properties set at catalog level through catalog properties: {}
14:44:03.526 [main] INFO  o.a.iceberg.BaseMetastoreCatalog - Table properties enforced at catalog level through catalog properties: {}
14:44:03.531 [main] INFO  o.a.i.BaseMetastoreTableOperations - Successfully committed to table test-catalog.test_tenant.users in 4 ms
14:44:03.531 [main] INFO  o.a.i.BaseMetastoreTableOperations - Refreshing table metadata from new version: /test_tenant/users/metadata/00000-afb847e8-2a48-454b-a209-71cdece3a503.metadata.json
14:44:03.535 [main] INFO  c.l.c.client.IcebergCatalogClient - Table created: test_tenant.users, location=/test_tenant/users
14:44:03.535 [main] DEBUG c.l.c.client.IcebergCatalogClient - Loading table: test_tenant.users
14:44:03.537 [main] INFO  o.a.i.BaseMetastoreTableOperations - Refreshing table metadata from new version: /test_tenant/users/metadata/00000-afb847e8-2a48-454b-a209-71cdece3a503.metadata.json
14:44:03.537 [main] INFO  o.a.iceberg.BaseMetastoreCatalog - Table loaded by catalog: test-catalog.test_tenant.users
14:44:03.537 [main] INFO  c.l.c.client.IcebergCatalogClient - Writing 3 records to table users as Parquet: /test_tenant/users/data/8d3b3e47-2503-4961-b5a8-d8eeae7ed922.parquet
14:44:03.631 [main] INFO  o.a.i.BaseMetastoreTableOperations - Successfully committed to table test-catalog.test_tenant.users in 0 ms
14:44:03.631 [main] INFO  org.apache.iceberg.SnapshotProducer - Committed snapshot 2462899658173342494 (MergeAppend)
14:44:03.638 [main] INFO  o.a.i.BaseMetastoreTableOperations - Refreshing table metadata from new version: /test_tenant/users/metadata/00001-0fcfe733-fa06-4eb4-affe-49b8f3818bfa.metadata.json
14:44:03.639 [main] INFO  o.a.i.metrics.LoggingMetricsReporter - Received metrics report: CommitReport{tableName=test-catalog.test_tenant.users, snapshotId=2462899658173342494, sequenceNumber=1, operation=append, commitMetrics=CommitMetricsResult{totalDuration=TimerResult{timeUnit=NANOSECONDS, totalDuration=PT0.0770044S, count=1}, attempts=CounterResult{unit=COUNT, value=1}, addedDataFiles=CounterResult{unit=COUNT, value=1}, removedDataFiles=null, totalDataFiles=CounterResult{unit=COUNT, value=1}, addedDeleteFiles=null, addedEqualityDeleteFiles=null, addedPositionalDeleteFiles=null, removedDeleteFiles=null, removedEqualityDeleteFiles=null, removedPositionalDeleteFiles=null, totalDeleteFiles=CounterResult{unit=COUNT, value=0}, addedRecords=CounterResult{unit=COUNT, value=3}, removedRecords=null, totalRecords=CounterResult{unit=COUNT, value=3}, addedFilesSizeInBytes=CounterResult{unit=BYTES, value=982}, removedFilesSizeInBytes=null, totalFilesSizeInBytes=CounterResult{unit=BYTES, value=982}, addedPositionalDeletes=null, removedPositionalDeletes=null, totalPositionalDeletes=CounterResult{unit=COUNT, value=0}, addedEqualityDeletes=null, removedEqualityDeletes=null, totalEqualityDeletes=CounterResult{unit=COUNT, value=0}}, metadata={iceberg-version=Apache Iceberg 1.7.1 (commit 4a432839233f2343a9eae8255532f911f06358ef)}}
14:44:03.640 [main] INFO  c.l.c.client.IcebergCatalogClient - Committed 3 records to table users
14:44:03.641 [main] DEBUG c.l.c.client.IcebergCatalogClient - Loading table: test_tenant.users
14:44:03.641 [main] INFO  o.a.i.BaseMetastoreTableOperations - Refreshing table metadata from new version: /test_tenant/users/metadata/00001-0fcfe733-fa06-4eb4-affe-49b8f3818bfa.metadata.json
14:44:03.641 [main] INFO  o.a.iceberg.BaseMetastoreCatalog - Table loaded by catalog: test-catalog.test_tenant.users
14:44:03.643 [main] INFO  c.l.c.client.IcebergCatalogClient - Writing 2 records to table users as Parquet: /test_tenant/users/data/4f055b6f-2f93-4079-8b3c-f344dac5d80c.parquet
14:44:03.797 [main] INFO  o.a.i.BaseMetastoreTableOperations - Successfully committed to table test-catalog.test_tenant.users in 4 ms
14:44:03.797 [main] INFO  org.apache.iceberg.SnapshotProducer - Committed snapshot 5090770968430189841 (MergeAppend)
14:44:03.811 [main] INFO  o.a.i.BaseMetastoreTableOperations - Refreshing table metadata from new version: /test_tenant/users/metadata/00002-10e86a99-93ba-4878-9f88-ce0610eba8e9.metadata.json
14:44:03.813 [main] INFO  o.a.i.metrics.LoggingMetricsReporter - Received metrics report: CommitReport{tableName=test-catalog.test_tenant.users, snapshotId=5090770968430189841, sequenceNumber=2, operation=append, commitMetrics=CommitMetricsResult{totalDuration=TimerResult{timeUnit=NANOSECONDS, totalDuration=PT0.1413186S, count=1}, attempts=CounterResult{unit=COUNT, value=1}, addedDataFiles=CounterResult{unit=COUNT, value=1}, removedDataFiles=null, totalDataFiles=CounterResult{unit=COUNT, value=2}, addedDeleteFiles=null, addedEqualityDeleteFiles=null, addedPositionalDeleteFiles=null, removedDeleteFiles=null, removedEqualityDeleteFiles=null, removedPositionalDeleteFiles=null, totalDeleteFiles=CounterResult{unit=COUNT, value=0}, addedRecords=CounterResult{unit=COUNT, value=2}, removedRecords=null, totalRecords=CounterResult{unit=COUNT, value=5}, addedFilesSizeInBytes=CounterResult{unit=BYTES, value=973}, removedFilesSizeInBytes=null, totalFilesSizeInBytes=CounterResult{unit=BYTES, value=1955}, addedPositionalDeletes=null, removedPositionalDeletes=null, totalPositionalDeletes=CounterResult{unit=COUNT, value=0}, addedEqualityDeletes=null, removedEqualityDeletes=null, totalEqualityDeletes=CounterResult{unit=COUNT, value=0}}, metadata={iceberg-version=Apache Iceberg 1.7.1 (commit 4a432839233f2343a9eae8255532f911f06358ef)}}
14:44:03.813 [main] INFO  c.l.c.client.IcebergCatalogClient - Committed 2 records to table users
14:44:03.813 [main] DEBUG c.l.c.client.IcebergCatalogClient - Loading table: test_tenant.users
14:44:03.813 [main] INFO  o.a.i.BaseMetastoreTableOperations - Refreshing table metadata from new version: /test_tenant/users/metadata/00002-10e86a99-93ba-4878-9f88-ce0610eba8e9.metadata.json
14:44:03.815 [main] INFO  o.a.iceberg.BaseMetastoreCatalog - Table loaded by catalog: test-catalog.test_tenant.users
14:44:03.815 [main] INFO  c.l.c.client.IcebergCatalogClient - Reading records from table: users
14:44:03.845 [main] INFO  org.apache.iceberg.SnapshotScan - Scanning table test-catalog.test_tenant.users snapshot 5090770968430189841 created at 2026-05-11T06:44:03.792+00:00 with filter true
14:44:04.045 [main] INFO  c.l.c.client.IcebergCatalogClient - Read 5 records from table users
14:44:04.051 [main] INFO  o.a.i.metrics.LoggingMetricsReporter - Received metrics report: ScanReport{tableName=test-catalog.test_tenant.users, snapshotId=5090770968430189841, filter=true, schemaId=0, projectedFieldIds=[1, 2, 3], projectedFieldNames=[id, name, email], scanMetrics=ScanMetricsResult{totalPlanningDuration=TimerResult{timeUnit=NANOSECONDS, totalDuration=PT0.1942845S, count=1}, resultDataFiles=CounterResult{unit=COUNT, value=2}, resultDeleteFiles=CounterResult{unit=COUNT, value=0}, totalDataManifests=CounterResult{unit=COUNT, value=2}, totalDeleteManifests=CounterResult{unit=COUNT, value=0}, scannedDataManifests=CounterResult{unit=COUNT, value=2}, skippedDataManifests=CounterResult{unit=COUNT, value=0}, totalFileSizeInBytes=CounterResult{unit=BYTES, value=1955}, totalDeleteFileSizeInBytes=CounterResult{unit=BYTES, value=0}, skippedDataFiles=CounterResult{unit=COUNT, value=0}, skippedDeleteFiles=CounterResult{unit=COUNT, value=0}, scannedDeleteManifests=CounterResult{unit=COUNT, value=0}, skippedDeleteManifests=CounterResult{unit=COUNT, value=0}, indexedDeleteFiles=CounterResult{unit=COUNT, value=0}, equalityDeleteFiles=CounterResult{unit=COUNT, value=0}, positionalDeleteFiles=CounterResult{unit=COUNT, value=0}}, metadata={iceberg-version=Apache Iceberg 1.7.1 (commit 4a432839233f2343a9eae8255532f911f06358ef)}}
14:44:04.066 [main] INFO  c.l.c.client.IcebergCatalogClient - IcebergCatalogClient closed
]]></system-out>
  </testcase>
  <testcase name="should_SkipWrite_When_NullRecordsList" classname="com.lakehouse.catalog.client.IcebergCatalogClientTest" time="0.012">
    <system-out><![CDATA[14:44:04.070 [main] INFO  c.l.c.client.IcebergCatalogClient - IcebergCatalogClient initialized with injected catalog, namespace=test_tenant
14:44:04.070 [main] INFO  c.l.c.client.IcebergCatalogClient - Creating table: test_tenant.users, partitioned=false, explicitLocation=false
14:44:04.072 [main] INFO  o.a.iceberg.BaseMetastoreCatalog - Table properties set at catalog level through catalog properties: {}
14:44:04.072 [main] INFO  o.a.iceberg.BaseMetastoreCatalog - Table properties enforced at catalog level through catalog properties: {}
14:44:04.072 [main] INFO  o.a.i.BaseMetastoreTableOperations - Successfully committed to table test-catalog.test_tenant.users in 0 ms
14:44:04.072 [main] INFO  o.a.i.BaseMetastoreTableOperations - Refreshing table metadata from new version: /test_tenant/users/metadata/00000-f9a5caac-e3a6-4e4a-9133-d63207a179b0.metadata.json
14:44:04.075 [main] INFO  c.l.c.client.IcebergCatalogClient - Table created: test_tenant.users, location=/test_tenant/users
14:44:04.075 [main] WARN  c.l.c.client.IcebergCatalogClient - No records to write to table users
14:44:04.075 [main] DEBUG c.l.c.client.IcebergCatalogClient - Loading table: test_tenant.users
14:44:04.075 [main] INFO  o.a.i.BaseMetastoreTableOperations - Refreshing table metadata from new version: /test_tenant/users/metadata/00000-f9a5caac-e3a6-4e4a-9133-d63207a179b0.metadata.json
14:44:04.076 [main] INFO  o.a.iceberg.BaseMetastoreCatalog - Table loaded by catalog: test-catalog.test_tenant.users
14:44:04.076 [main] INFO  c.l.c.client.IcebergCatalogClient - Reading records from table: users
14:44:04.076 [main] INFO  org.apache.iceberg.SnapshotScan - Scanning empty table test-catalog.test_tenant.users
14:44:04.076 [main] INFO  c.l.c.client.IcebergCatalogClient - Read 0 records from table users
14:44:04.076 [main] INFO  c.l.c.client.IcebergCatalogClient - IcebergCatalogClient closed
]]></system-out>
  </testcase>
  <testcase name="should_ReadRecordsWithCorrectValues_When_DataWritten" classname="com.lakehouse.catalog.client.IcebergCatalogClientTest" time="0.107">
    <system-out><![CDATA[14:44:04.084 [main] INFO  c.l.c.client.IcebergCatalogClient - IcebergCatalogClient initialized with injected catalog, namespace=test_tenant
14:44:04.084 [main] INFO  c.l.c.client.IcebergCatalogClient - Creating table: test_tenant.users, partitioned=false, explicitLocation=false
14:44:04.084 [main] INFO  o.a.iceberg.BaseMetastoreCatalog - Table properties set at catalog level through catalog properties: {}
14:44:04.084 [main] INFO  o.a.iceberg.BaseMetastoreCatalog - Table properties enforced at catalog level through catalog properties: {}
14:44:04.087 [main] INFO  o.a.i.BaseMetastoreTableOperations - Successfully committed to table test-catalog.test_tenant.users in 3 ms
14:44:04.087 [main] INFO  o.a.i.BaseMetastoreTableOperations - Refreshing table metadata from new version: /test_tenant/users/metadata/00000-1e64192e-6c65-4821-84d6-21b7dfa78b17.metadata.json
14:44:04.088 [main] INFO  c.l.c.client.IcebergCatalogClient - Table created: test_tenant.users, location=/test_tenant/users
14:44:04.088 [main] DEBUG c.l.c.client.IcebergCatalogClient - Loading table: test_tenant.users
14:44:04.088 [main] INFO  o.a.i.BaseMetastoreTableOperations - Refreshing table metadata from new version: /test_tenant/users/metadata/00000-1e64192e-6c65-4821-84d6-21b7dfa78b17.metadata.json
14:44:04.089 [main] INFO  o.a.iceberg.BaseMetastoreCatalog - Table loaded by catalog: test-catalog.test_tenant.users
14:44:04.089 [main] INFO  c.l.c.client.IcebergCatalogClient - Writing 1 records to table users as Parquet: /test_tenant/users/data/163a4f59-0567-4d74-82dc-598b115152c9.parquet
14:44:04.161 [main] INFO  o.a.i.BaseMetastoreTableOperations - Successfully committed to table test-catalog.test_tenant.users in 1 ms
14:44:04.161 [main] INFO  org.apache.iceberg.SnapshotProducer - Committed snapshot 3794557692448996596 (MergeAppend)
14:44:04.163 [main] INFO  o.a.i.BaseMetastoreTableOperations - Refreshing table metadata from new version: /test_tenant/users/metadata/00001-fd4a01ae-12e3-4452-8de5-ae972a005cf9.metadata.json
14:44:04.163 [main] INFO  o.a.i.metrics.LoggingMetricsReporter - Received metrics report: CommitReport{tableName=test-catalog.test_tenant.users, snapshotId=3794557692448996596, sequenceNumber=1, operation=append, commitMetrics=CommitMetricsResult{totalDuration=TimerResult{timeUnit=NANOSECONDS, totalDuration=PT0.065644S, count=1}, attempts=CounterResult{unit=COUNT, value=1}, addedDataFiles=CounterResult{unit=COUNT, value=1}, removedDataFiles=null, totalDataFiles=CounterResult{unit=COUNT, value=1}, addedDeleteFiles=null, addedEqualityDeleteFiles=null, addedPositionalDeleteFiles=null, removedDeleteFiles=null, removedEqualityDeleteFiles=null, removedPositionalDeleteFiles=null, totalDeleteFiles=CounterResult{unit=COUNT, value=0}, addedRecords=CounterResult{unit=COUNT, value=1}, removedRecords=null, totalRecords=CounterResult{unit=COUNT, value=1}, addedFilesSizeInBytes=CounterResult{unit=BYTES, value=1019}, removedFilesSizeInBytes=null, totalFilesSizeInBytes=CounterResult{unit=BYTES, value=1019}, addedPositionalDeletes=null, removedPositionalDeletes=null, totalPositionalDeletes=CounterResult{unit=COUNT, value=0}, addedEqualityDeletes=null, removedEqualityDeletes=null, totalEqualityDeletes=CounterResult{unit=COUNT, value=0}}, metadata={iceberg-version=Apache Iceberg 1.7.1 (commit 4a432839233f2343a9eae8255532f911f06358ef)}}
14:44:04.163 [main] INFO  c.l.c.client.IcebergCatalogClient - Committed 1 records to table users
14:44:04.163 [main] DEBUG c.l.c.client.IcebergCatalogClient - Loading table: test_tenant.users
14:44:04.163 [main] INFO  o.a.i.BaseMetastoreTableOperations - Refreshing table metadata from new version: /test_tenant/users/metadata/00001-fd4a01ae-12e3-4452-8de5-ae972a005cf9.metadata.json
14:44:04.163 [main] INFO  o.a.iceberg.BaseMetastoreCatalog - Table loaded by catalog: test-catalog.test_tenant.users
14:44:04.163 [main] INFO  c.l.c.client.IcebergCatalogClient - Reading records from table: users
14:44:04.170 [main] INFO  org.apache.iceberg.SnapshotScan - Scanning table test-catalog.test_tenant.users snapshot 3794557692448996596 created at 2026-05-11T06:44:04.159+00:00 with filter true
14:44:04.183 [main] INFO  c.l.c.client.IcebergCatalogClient - Read 1 records from table users
14:44:04.183 [main] INFO  o.a.i.metrics.LoggingMetricsReporter - Received metrics report: ScanReport{tableName=test-catalog.test_tenant.users, snapshotId=3794557692448996596, filter=true, schemaId=0, projectedFieldIds=[1, 2, 3], projectedFieldNames=[id, name, email], scanMetrics=ScanMetricsResult{totalPlanningDuration=TimerResult{timeUnit=NANOSECONDS, totalDuration=PT0.01626S, count=1}, resultDataFiles=CounterResult{unit=COUNT, value=1}, resultDeleteFiles=CounterResult{unit=COUNT, value=0}, totalDataManifests=CounterResult{unit=COUNT, value=1}, totalDeleteManifests=CounterResult{unit=COUNT, value=0}, scannedDataManifests=CounterResult{unit=COUNT, value=1}, skippedDataManifests=CounterResult{unit=COUNT, value=0}, totalFileSizeInBytes=CounterResult{unit=BYTES, value=1019}, totalDeleteFileSizeInBytes=CounterResult{unit=BYTES, value=0}, skippedDataFiles=CounterResult{unit=COUNT, value=0}, skippedDeleteFiles=CounterResult{unit=COUNT, value=0}, scannedDeleteManifests=CounterResult{unit=COUNT, value=0}, skippedDeleteManifests=CounterResult{unit=COUNT, value=0}, indexedDeleteFiles=CounterResult{unit=COUNT, value=0}, equalityDeleteFiles=CounterResult{unit=COUNT, value=0}, positionalDeleteFiles=CounterResult{unit=COUNT, value=0}}, metadata={iceberg-version=Apache Iceberg 1.7.1 (commit 4a432839233f2343a9eae8255532f911f06358ef)}}
14:44:04.187 [main] INFO  c.l.c.client.IcebergCatalogClient - IcebergCatalogClient closed
]]></system-out>
  </testcase>
  <testcase name="should_ThrowException_When_LoadingNonExistentTable" classname="com.lakehouse.catalog.client.IcebergCatalogClientTest" time="0.01">
    <system-out><![CDATA[14:44:04.193 [main] INFO  c.l.c.client.IcebergCatalogClient - IcebergCatalogClient initialized with injected catalog, namespace=test_tenant
14:44:04.196 [main] DEBUG c.l.c.client.IcebergCatalogClient - Loading table: test_tenant.non_existent
14:44:04.198 [main] INFO  c.l.c.client.IcebergCatalogClient - IcebergCatalogClient closed
]]></system-out>
  </testcase>
  <testcase name="should_ReturnTrue_When_TableExists" classname="com.lakehouse.catalog.client.IcebergCatalogClientTest" time="0.011">
    <system-out><![CDATA[14:44:04.202 [main] INFO  c.l.c.client.IcebergCatalogClient - IcebergCatalogClient initialized with injected catalog, namespace=test_tenant
14:44:04.202 [main] INFO  c.l.c.client.IcebergCatalogClient - Creating table: test_tenant.users, partitioned=false, explicitLocation=false
14:44:04.205 [main] INFO  o.a.iceberg.BaseMetastoreCatalog - Table properties set at catalog level through catalog properties: {}
14:44:04.205 [main] INFO  o.a.iceberg.BaseMetastoreCatalog - Table properties enforced at catalog level through catalog properties: {}
14:44:04.206 [main] INFO  o.a.i.BaseMetastoreTableOperations - Successfully committed to table test-catalog.test_tenant.users in 0 ms
14:44:04.206 [main] INFO  o.a.i.BaseMetastoreTableOperations - Refreshing table metadata from new version: /test_tenant/users/metadata/00000-7caefb6d-a2e9-4b43-b662-0f109c312c5f.metadata.json
14:44:04.206 [main] INFO  c.l.c.client.IcebergCatalogClient - Table created: test_tenant.users, location=/test_tenant/users
14:44:04.206 [main] INFO  o.a.i.BaseMetastoreTableOperations - Refreshing table metadata from new version: /test_tenant/users/metadata/00000-7caefb6d-a2e9-4b43-b662-0f109c312c5f.metadata.json
14:44:04.206 [main] INFO  o.a.iceberg.BaseMetastoreCatalog - Table loaded by catalog: test-catalog.test_tenant.users
14:44:04.210 [main] INFO  c.l.c.client.IcebergCatalogClient - IcebergCatalogClient closed
]]></system-out>
  </testcase>
  <testcase name="should_CreateTable_When_TableDoesNotExist" classname="com.lakehouse.catalog.client.IcebergCatalogClientTest" time="0.008">
    <system-out><![CDATA[14:44:04.213 [main] INFO  c.l.c.client.IcebergCatalogClient - IcebergCatalogClient initialized with injected catalog, namespace=test_tenant
14:44:04.215 [main] INFO  c.l.c.client.IcebergCatalogClient - Creating table: test_tenant.users, partitioned=false, explicitLocation=false
14:44:04.216 [main] INFO  o.a.iceberg.BaseMetastoreCatalog - Table properties set at catalog level through catalog properties: {}
14:44:04.216 [main] INFO  o.a.iceberg.BaseMetastoreCatalog - Table properties enforced at catalog level through catalog properties: {}
14:44:04.217 [main] INFO  o.a.i.BaseMetastoreTableOperations - Successfully committed to table test-catalog.test_tenant.users in 0 ms
14:44:04.217 [main] INFO  o.a.i.BaseMetastoreTableOperations - Refreshing table metadata from new version: /test_tenant/users/metadata/00000-e95b894a-e94d-421e-a302-a9b5d49c596e.metadata.json
14:44:04.219 [main] INFO  c.l.c.client.IcebergCatalogClient - Table created: test_tenant.users, location=/test_tenant/users
14:44:04.219 [main] INFO  c.l.c.client.IcebergCatalogClient - IcebergCatalogClient closed
]]></system-out>
  </testcase>
  <testcase name="should_ListTables_When_TablesExist" classname="com.lakehouse.catalog.client.IcebergCatalogClientTest" time="0.017">
    <system-out><![CDATA[14:44:04.224 [main] INFO  c.l.c.client.IcebergCatalogClient - IcebergCatalogClient initialized with injected catalog, namespace=test_tenant
14:44:04.225 [main] INFO  c.l.c.client.IcebergCatalogClient - Creating table: test_tenant.users, partitioned=false, explicitLocation=false
14:44:04.225 [main] INFO  o.a.iceberg.BaseMetastoreCatalog - Table properties set at catalog level through catalog properties: {}
14:44:04.225 [main] INFO  o.a.iceberg.BaseMetastoreCatalog - Table properties enforced at catalog level through catalog properties: {}
14:44:04.228 [main] INFO  o.a.i.BaseMetastoreTableOperations - Successfully committed to table test-catalog.test_tenant.users in 2 ms
14:44:04.228 [main] INFO  o.a.i.BaseMetastoreTableOperations - Refreshing table metadata from new version: /test_tenant/users/metadata/00000-0ca26f45-4a86-4f1b-9cb5-10a49cbc6be0.metadata.json
14:44:04.228 [main] INFO  c.l.c.client.IcebergCatalogClient - Table created: test_tenant.users, location=/test_tenant/users
14:44:04.228 [main] INFO  c.l.c.client.IcebergCatalogClient - Creating table: test_tenant.events, partitioned=false, explicitLocation=false
14:44:04.228 [main] INFO  o.a.iceberg.BaseMetastoreCatalog - Table properties set at catalog level through catalog properties: {}
14:44:04.231 [main] INFO  o.a.iceberg.BaseMetastoreCatalog - Table properties enforced at catalog level through catalog properties: {}
14:44:04.231 [main] INFO  o.a.i.BaseMetastoreTableOperations - Successfully committed to table test-catalog.test_tenant.events in 0 ms
14:44:04.231 [main] INFO  o.a.i.BaseMetastoreTableOperations - Refreshing table metadata from new version: /test_tenant/events/metadata/00000-3a11ff96-a77d-450e-a129-ffd8df0ecc23.metadata.json
14:44:04.231 [main] INFO  c.l.c.client.IcebergCatalogClient - Table created: test_tenant.events, location=/test_tenant/events
14:44:04.238 [main] INFO  c.l.c.client.IcebergCatalogClient - IcebergCatalogClient closed
]]></system-out>
  </testcase>
  <testcase name="should_WriteRecordsAsParquet_When_ValidRecordsProvided" classname="com.lakehouse.catalog.client.IcebergCatalogClientTest" time="0.123">
    <system-out><![CDATA[14:44:04.244 [main] INFO  c.l.c.client.IcebergCatalogClient - IcebergCatalogClient initialized with injected catalog, namespace=test_tenant
14:44:04.245 [main] INFO  c.l.c.client.IcebergCatalogClient - Creating table: test_tenant.users, partitioned=false, explicitLocation=false
14:44:04.245 [main] INFO  o.a.iceberg.BaseMetastoreCatalog - Table properties set at catalog level through catalog properties: {}
14:44:04.245 [main] INFO  o.a.iceberg.BaseMetastoreCatalog - Table properties enforced at catalog level through catalog properties: {}
14:44:04.248 [main] INFO  o.a.i.BaseMetastoreTableOperations - Successfully committed to table test-catalog.test_tenant.users in 3 ms
14:44:04.248 [main] INFO  o.a.i.BaseMetastoreTableOperations - Refreshing table metadata from new version: /test_tenant/users/metadata/00000-2c5b26d6-509d-47f7-860b-35d34749ba8d.metadata.json
14:44:04.249 [main] INFO  c.l.c.client.IcebergCatalogClient - Table created: test_tenant.users, location=/test_tenant/users
14:44:04.249 [main] DEBUG c.l.c.client.IcebergCatalogClient - Loading table: test_tenant.users
14:44:04.250 [main] INFO  o.a.i.BaseMetastoreTableOperations - Refreshing table metadata from new version: /test_tenant/users/metadata/00000-2c5b26d6-509d-47f7-860b-35d34749ba8d.metadata.json
14:44:04.250 [main] INFO  o.a.iceberg.BaseMetastoreCatalog - Table loaded by catalog: test-catalog.test_tenant.users
14:44:04.250 [main] INFO  c.l.c.client.IcebergCatalogClient - Writing 5 records to table users as Parquet: /test_tenant/users/data/ccd3dff1-c2b8-43cf-8c4f-4bfda12f9426.parquet
14:44:04.314 [main] INFO  o.a.i.BaseMetastoreTableOperations - Successfully committed to table test-catalog.test_tenant.users in 0 ms
14:44:04.314 [main] INFO  org.apache.iceberg.SnapshotProducer - Committed snapshot 8392191122921888874 (MergeAppend)
14:44:04.319 [main] INFO  o.a.i.BaseMetastoreTableOperations - Refreshing table metadata from new version: /test_tenant/users/metadata/00001-9469a82f-42f8-4b46-8407-201d266a82b9.metadata.json
14:44:04.321 [main] INFO  o.a.i.metrics.LoggingMetricsReporter - Received metrics report: CommitReport{tableName=test-catalog.test_tenant.users, snapshotId=8392191122921888874, sequenceNumber=1, operation=append, commitMetrics=CommitMetricsResult{totalDuration=TimerResult{timeUnit=NANOSECONDS, totalDuration=PT0.058795S, count=1}, attempts=CounterResult{unit=COUNT, value=1}, addedDataFiles=CounterResult{unit=COUNT, value=1}, removedDataFiles=null, totalDataFiles=CounterResult{unit=COUNT, value=1}, addedDeleteFiles=null, addedEqualityDeleteFiles=null, addedPositionalDeleteFiles=null, removedDeleteFiles=null, removedEqualityDeleteFiles=null, removedPositionalDeleteFiles=null, totalDeleteFiles=CounterResult{unit=COUNT, value=0}, addedRecords=CounterResult{unit=COUNT, value=5}, removedRecords=null, totalRecords=CounterResult{unit=COUNT, value=5}, addedFilesSizeInBytes=CounterResult{unit=BYTES, value=1001}, removedFilesSizeInBytes=null, totalFilesSizeInBytes=CounterResult{unit=BYTES, value=1001}, addedPositionalDeletes=null, removedPositionalDeletes=null, totalPositionalDeletes=CounterResult{unit=COUNT, value=0}, addedEqualityDeletes=null, removedEqualityDeletes=null, totalEqualityDeletes=CounterResult{unit=COUNT, value=0}}, metadata={iceberg-version=Apache Iceberg 1.7.1 (commit 4a432839233f2343a9eae8255532f911f06358ef)}}
14:44:04.321 [main] INFO  c.l.c.client.IcebergCatalogClient - Committed 5 records to table users
14:44:04.321 [main] DEBUG c.l.c.client.IcebergCatalogClient - Loading table: test_tenant.users
14:44:04.321 [main] INFO  o.a.i.BaseMetastoreTableOperations - Refreshing table metadata from new version: /test_tenant/users/metadata/00001-9469a82f-42f8-4b46-8407-201d266a82b9.metadata.json
14:44:04.322 [main] INFO  o.a.iceberg.BaseMetastoreCatalog - Table loaded by catalog: test-catalog.test_tenant.users
14:44:04.322 [main] INFO  c.l.c.client.IcebergCatalogClient - Reading records from table: users
14:44:04.322 [main] INFO  org.apache.iceberg.SnapshotScan - Scanning table test-catalog.test_tenant.users snapshot 8392191122921888874 created at 2026-05-11T06:44:04.313+00:00 with filter true
14:44:04.359 [main] INFO  c.l.c.client.IcebergCatalogClient - Read 5 records from table users
14:44:04.361 [main] INFO  o.a.i.metrics.LoggingMetricsReporter - Received metrics report: ScanReport{tableName=test-catalog.test_tenant.users, snapshotId=8392191122921888874, filter=true, schemaId=0, projectedFieldIds=[1, 2, 3], projectedFieldNames=[id, name, email], scanMetrics=ScanMetricsResult{totalPlanningDuration=TimerResult{timeUnit=NANOSECONDS, totalDuration=PT0.0372828S, count=1}, resultDataFiles=CounterResult{unit=COUNT, value=1}, resultDeleteFiles=CounterResult{unit=COUNT, value=0}, totalDataManifests=CounterResult{unit=COUNT, value=1}, totalDeleteManifests=CounterResult{unit=COUNT, value=0}, scannedDataManifests=CounterResult{unit=COUNT, value=1}, skippedDataManifests=CounterResult{unit=COUNT, value=0}, totalFileSizeInBytes=CounterResult{unit=BYTES, value=1001}, totalDeleteFileSizeInBytes=CounterResult{unit=BYTES, value=0}, skippedDataFiles=CounterResult{unit=COUNT, value=0}, skippedDeleteFiles=CounterResult{unit=COUNT, value=0}, scannedDeleteManifests=CounterResult{unit=COUNT, value=0}, skippedDeleteManifests=CounterResult{unit=COUNT, value=0}, indexedDeleteFiles=CounterResult{unit=COUNT, value=0}, equalityDeleteFiles=CounterResult{unit=COUNT, value=0}, positionalDeleteFiles=CounterResult{unit=COUNT, value=0}}, metadata={iceberg-version=Apache Iceberg 1.7.1 (commit 4a432839233f2343a9eae8255532f911f06358ef)}}
14:44:04.361 [main] INFO  c.l.c.client.IcebergCatalogClient - IcebergCatalogClient closed
]]></system-out>
  </testcase>
  <testcase name="should_CreatePartitionedTable_When_BucketSpecProvided" classname="com.lakehouse.catalog.client.IcebergCatalogClientTest" time="0.008">
    <system-out><![CDATA[14:44:04.367 [main] INFO  c.l.c.client.IcebergCatalogClient - IcebergCatalogClient initialized with injected catalog, namespace=test_tenant
14:44:04.368 [main] INFO  c.l.c.client.IcebergCatalogClient - Creating table: test_tenant.events_bucketed, partitioned=true, explicitLocation=false
14:44:04.368 [main] INFO  o.a.iceberg.BaseMetastoreCatalog - Table properties set at catalog level through catalog properties: {}
14:44:04.368 [main] INFO  o.a.iceberg.BaseMetastoreCatalog - Table properties enforced at catalog level through catalog properties: {}
14:44:04.370 [main] INFO  o.a.i.BaseMetastoreTableOperations - Successfully committed to table test-catalog.test_tenant.events_bucketed in 0 ms
14:44:04.370 [main] INFO  o.a.i.BaseMetastoreTableOperations - Refreshing table metadata from new version: /test_tenant/events_bucketed/metadata/00000-23dcfafe-2a77-45b7-9288-d14e9c4d0a18.metadata.json
14:44:04.371 [main] INFO  c.l.c.client.IcebergCatalogClient - Table created: test_tenant.events_bucketed, location=/test_tenant/events_bucketed
14:44:04.371 [main] INFO  c.l.c.client.IcebergCatalogClient - IcebergCatalogClient closed
]]></system-out>
  </testcase>
  <testcase name="should_DropTable_When_TableExists" classname="com.lakehouse.catalog.client.IcebergCatalogClientTest" time="0.03">
    <system-out><![CDATA[14:44:04.379 [main] INFO  c.l.c.client.IcebergCatalogClient - IcebergCatalogClient initialized with injected catalog, namespace=test_tenant
14:44:04.379 [main] INFO  c.l.c.client.IcebergCatalogClient - Creating table: test_tenant.users, partitioned=false, explicitLocation=false
14:44:04.380 [main] INFO  o.a.iceberg.BaseMetastoreCatalog - Table properties set at catalog level through catalog properties: {}
14:44:04.380 [main] INFO  o.a.iceberg.BaseMetastoreCatalog - Table properties enforced at catalog level through catalog properties: {}
14:44:04.382 [main] INFO  o.a.i.BaseMetastoreTableOperations - Successfully committed to table test-catalog.test_tenant.users in 2 ms
14:44:04.383 [main] INFO  o.a.i.BaseMetastoreTableOperations - Refreshing table metadata from new version: /test_tenant/users/metadata/00000-c8d413f2-a94d-461f-a067-d8c9df8f3ce5.metadata.json
14:44:04.384 [main] INFO  c.l.c.client.IcebergCatalogClient - Table created: test_tenant.users, location=/test_tenant/users
14:44:04.384 [main] INFO  o.a.i.BaseMetastoreTableOperations - Refreshing table metadata from new version: /test_tenant/users/metadata/00000-c8d413f2-a94d-461f-a067-d8c9df8f3ce5.metadata.json
14:44:04.385 [main] INFO  o.a.iceberg.BaseMetastoreCatalog - Table loaded by catalog: test-catalog.test_tenant.users
14:44:04.385 [main] INFO  c.l.c.client.IcebergCatalogClient - Dropping table: test_tenant.users, purge=true
14:44:04.385 [main] INFO  o.a.i.BaseMetastoreTableOperations - Refreshing table metadata from new version: /test_tenant/users/metadata/00000-c8d413f2-a94d-461f-a067-d8c9df8f3ce5.metadata.json
14:44:04.388 [main] INFO  org.apache.iceberg.CatalogUtil - Manifests to delete: 
14:44:04.404 [main] INFO  c.l.c.client.IcebergCatalogClient - IcebergCatalogClient closed
]]></system-out>
  </testcase>
  <testcase name="should_ReturnExistingTable_When_TableAlreadyExists" classname="com.lakehouse.catalog.client.IcebergCatalogClientTest" time="0.015">
    <system-out><![CDATA[14:44:04.413 [main] INFO  c.l.c.client.IcebergCatalogClient - IcebergCatalogClient initialized with injected catalog, namespace=test_tenant
14:44:04.413 [main] INFO  c.l.c.client.IcebergCatalogClient - Creating table: test_tenant.users, partitioned=false, explicitLocation=false
14:44:04.414 [main] INFO  o.a.iceberg.BaseMetastoreCatalog - Table properties set at catalog level through catalog properties: {}
14:44:04.414 [main] INFO  o.a.iceberg.BaseMetastoreCatalog - Table properties enforced at catalog level through catalog properties: {}
14:44:04.416 [main] INFO  o.a.i.BaseMetastoreTableOperations - Successfully committed to table test-catalog.test_tenant.users in 1 ms
14:44:04.416 [main] INFO  o.a.i.BaseMetastoreTableOperations - Refreshing table metadata from new version: /test_tenant/users/metadata/00000-37594fc6-188d-48c1-b0c6-ad3f515e198a.metadata.json
14:44:04.417 [main] INFO  c.l.c.client.IcebergCatalogClient - Table created: test_tenant.users, location=/test_tenant/users
14:44:04.417 [main] INFO  o.a.i.BaseMetastoreTableOperations - Refreshing table metadata from new version: /test_tenant/users/metadata/00000-37594fc6-188d-48c1-b0c6-ad3f515e198a.metadata.json
14:44:04.419 [main] INFO  o.a.iceberg.BaseMetastoreCatalog - Table loaded by catalog: test-catalog.test_tenant.users
14:44:04.419 [main] INFO  c.l.c.client.IcebergCatalogClient - Table already exists, loading: test_tenant.users
14:44:04.419 [main] INFO  o.a.i.BaseMetastoreTableOperations - Refreshing table metadata from new version: /test_tenant/users/metadata/00000-37594fc6-188d-48c1-b0c6-ad3f515e198a.metadata.json
14:44:04.419 [main] INFO  o.a.iceberg.BaseMetastoreCatalog - Table loaded by catalog: test-catalog.test_tenant.users
14:44:04.420 [main] INFO  c.l.c.client.IcebergCatalogClient - IcebergCatalogClient closed
]]></system-out>
  </testcase>
  <testcase name="should_CreateTable_When_BuildTableFluentApiUsed" classname="com.lakehouse.catalog.client.IcebergCatalogClientTest" time="0.01">
    <system-out><![CDATA[14:44:04.424 [main] INFO  c.l.c.client.IcebergCatalogClient - IcebergCatalogClient initialized with injected catalog, namespace=test_tenant
14:44:04.425 [main] INFO  o.a.iceberg.BaseMetastoreCatalog - Table properties set at catalog level through catalog properties: {}
14:44:04.425 [main] INFO  o.a.iceberg.BaseMetastoreCatalog - Table properties enforced at catalog level through catalog properties: {}
14:44:04.428 [main] INFO  o.a.i.BaseMetastoreTableOperations - Successfully committed to table test-catalog.test_tenant.fluent_users in 0 ms
14:44:04.428 [main] INFO  o.a.i.BaseMetastoreTableOperations - Refreshing table metadata from new version: /test_tenant/fluent_users/metadata/00000-98991104-0997-4fc7-9e07-18a4c4f0ea80.metadata.json
14:44:04.430 [main] INFO  o.a.iceberg.BaseMetastoreCatalog - Table loaded by catalog: test-catalog.test_tenant.fluent_users
14:44:04.430 [main] INFO  o.a.i.BaseMetastoreTableOperations - Refreshing table metadata from new version: /test_tenant/fluent_users/metadata/00000-98991104-0997-4fc7-9e07-18a4c4f0ea80.metadata.json
14:44:04.430 [main] INFO  c.l.c.client.IcebergCatalogClient - IcebergCatalogClient closed
]]></system-out>
  </testcase>
  <testcase name="should_SkipWrite_When_EmptyRecordsList" classname="com.lakehouse.catalog.client.IcebergCatalogClientTest" time="0.009">
    <system-out><![CDATA[14:44:04.434 [main] INFO  c.l.c.client.IcebergCatalogClient - IcebergCatalogClient initialized with injected catalog, namespace=test_tenant
14:44:04.434 [main] INFO  c.l.c.client.IcebergCatalogClient - Creating table: test_tenant.users, partitioned=false, explicitLocation=false
14:44:04.434 [main] INFO  o.a.iceberg.BaseMetastoreCatalog - Table properties set at catalog level through catalog properties: {}
14:44:04.434 [main] INFO  o.a.iceberg.BaseMetastoreCatalog - Table properties enforced at catalog level through catalog properties: {}
14:44:04.437 [main] INFO  o.a.i.BaseMetastoreTableOperations - Successfully committed to table test-catalog.test_tenant.users in 0 ms
14:44:04.437 [main] INFO  o.a.i.BaseMetastoreTableOperations - Refreshing table metadata from new version: /test_tenant/users/metadata/00000-c0e2705c-dfbb-4d1d-8545-05178ed10fee.metadata.json
14:44:04.437 [main] INFO  c.l.c.client.IcebergCatalogClient - Table created: test_tenant.users, location=/test_tenant/users
14:44:04.437 [main] WARN  c.l.c.client.IcebergCatalogClient - No records to write to table users
14:44:04.437 [main] DEBUG c.l.c.client.IcebergCatalogClient - Loading table: test_tenant.users
14:44:04.437 [main] INFO  o.a.i.BaseMetastoreTableOperations - Refreshing table metadata from new version: /test_tenant/users/metadata/00000-c0e2705c-dfbb-4d1d-8545-05178ed10fee.metadata.json
14:44:04.439 [main] INFO  o.a.iceberg.BaseMetastoreCatalog - Table loaded by catalog: test-catalog.test_tenant.users
14:44:04.439 [main] INFO  c.l.c.client.IcebergCatalogClient - Reading records from table: users
14:44:04.439 [main] INFO  org.apache.iceberg.SnapshotScan - Scanning empty table test-catalog.test_tenant.users
14:44:04.439 [main] INFO  c.l.c.client.IcebergCatalogClient - Read 0 records from table users
14:44:04.439 [main] INFO  c.l.c.client.IcebergCatalogClient - IcebergCatalogClient closed
]]></system-out>
  </testcase>
  <testcase name="should_CreateNamespace_When_NotExists" classname="com.lakehouse.catalog.client.IcebergCatalogClientTest" time="0.006">
    <system-out><![CDATA[14:44:04.447 [main] INFO  c.l.c.client.IcebergCatalogClient - IcebergCatalogClient initialized with injected catalog, namespace=test_tenant
14:44:04.449 [main] DEBUG c.l.c.client.IcebergCatalogClient - Namespace already exists: test_tenant
14:44:04.449 [main] INFO  c.l.c.client.IcebergCatalogClient - IcebergCatalogClient closed
]]></system-out>
  </testcase>
  <testcase name="should_ReturnEmptyList_When_TableIsEmpty" classname="com.lakehouse.catalog.client.IcebergCatalogClientTest" time="0.01">
    <system-out><![CDATA[14:44:04.453 [main] INFO  c.l.c.client.IcebergCatalogClient - IcebergCatalogClient initialized with injected catalog, namespace=test_tenant
14:44:04.455 [main] INFO  c.l.c.client.IcebergCatalogClient - Creating table: test_tenant.users, partitioned=false, explicitLocation=false
14:44:04.455 [main] INFO  o.a.iceberg.BaseMetastoreCatalog - Table properties set at catalog level through catalog properties: {}
14:44:04.455 [main] INFO  o.a.iceberg.BaseMetastoreCatalog - Table properties enforced at catalog level through catalog properties: {}
14:44:04.456 [main] INFO  o.a.i.BaseMetastoreTableOperations - Successfully committed to table test-catalog.test_tenant.users in 0 ms
14:44:04.456 [main] INFO  o.a.i.BaseMetastoreTableOperations - Refreshing table metadata from new version: /test_tenant/users/metadata/00000-d7d46709-7184-41db-9602-524333537d02.metadata.json
14:44:04.457 [main] INFO  c.l.c.client.IcebergCatalogClient - Table created: test_tenant.users, location=/test_tenant/users
14:44:04.457 [main] DEBUG c.l.c.client.IcebergCatalogClient - Loading table: test_tenant.users
14:44:04.457 [main] INFO  o.a.i.BaseMetastoreTableOperations - Refreshing table metadata from new version: /test_tenant/users/metadata/00000-d7d46709-7184-41db-9602-524333537d02.metadata.json
14:44:04.457 [main] INFO  o.a.iceberg.BaseMetastoreCatalog - Table loaded by catalog: test-catalog.test_tenant.users
14:44:04.457 [main] INFO  c.l.c.client.IcebergCatalogClient - Reading records from table: users
14:44:04.457 [main] INFO  org.apache.iceberg.SnapshotScan - Scanning empty table test-catalog.test_tenant.users
14:44:04.457 [main] INFO  c.l.c.client.IcebergCatalogClient - Read 0 records from table users
14:44:04.457 [main] INFO  c.l.c.client.IcebergCatalogClient - IcebergCatalogClient closed
]]></system-out>
  </testcase>
  <testcase name="should_CreateTableAtExplicitLocation_When_LocationProvided" classname="com.lakehouse.catalog.client.IcebergCatalogClientTest" time="0.013">
    <system-out><![CDATA[14:44:04.464 [main] INFO  c.l.c.client.IcebergCatalogClient - IcebergCatalogClient initialized with injected catalog, namespace=test_tenant
14:44:04.465 [main] INFO  c.l.c.client.IcebergCatalogClient - Creating table: test_tenant.explicit_loc_tbl, partitioned=false, explicitLocation=true
14:44:04.465 [main] INFO  o.a.iceberg.BaseMetastoreCatalog - Table properties set at catalog level through catalog properties: {}
14:44:04.466 [main] INFO  o.a.iceberg.BaseMetastoreCatalog - Table properties enforced at catalog level through catalog properties: {}
14:44:04.467 [main] INFO  o.a.i.BaseMetastoreTableOperations - Successfully committed to table test-catalog.test_tenant.explicit_loc_tbl in 1 ms
14:44:04.467 [main] INFO  o.a.i.BaseMetastoreTableOperations - Refreshing table metadata from new version: file:///C:/Users/HW/AppData/Local/Temp/junit-10316341302777406817/explicit_table_loc/metadata/00000-988927c6-6716-4b89-abfc-4ef8f8287e1f.metadata.json
14:44:04.468 [main] INFO  c.l.c.client.IcebergCatalogClient - Table created: test_tenant.explicit_loc_tbl, location=file:///C:/Users/HW/AppData/Local/Temp/junit-10316341302777406817/explicit_table_loc
14:44:04.473 [main] INFO  c.l.c.client.IcebergCatalogClient - IcebergCatalogClient closed
]]></system-out>
  </testcase>
  <testcase name="should_LoadTable_When_TableExists" classname="com.lakehouse.catalog.client.IcebergCatalogClientTest" time="0.008">
    <system-out><![CDATA[14:44:04.479 [main] INFO  c.l.c.client.IcebergCatalogClient - IcebergCatalogClient initialized with injected catalog, namespace=test_tenant
14:44:04.480 [main] INFO  c.l.c.client.IcebergCatalogClient - Creating table: test_tenant.users, partitioned=false, explicitLocation=false
14:44:04.480 [main] INFO  o.a.iceberg.BaseMetastoreCatalog - Table properties set at catalog level through catalog properties: {}
14:44:04.480 [main] INFO  o.a.iceberg.BaseMetastoreCatalog - Table properties enforced at catalog level through catalog properties: {}
14:44:04.481 [main] INFO  o.a.i.BaseMetastoreTableOperations - Successfully committed to table test-catalog.test_tenant.users in 1 ms
14:44:04.481 [main] INFO  o.a.i.BaseMetastoreTableOperations - Refreshing table metadata from new version: /test_tenant/users/metadata/00000-d1e79d6d-68aa-4ebf-a520-6c70fd5d9abb.metadata.json
14:44:04.481 [main] INFO  c.l.c.client.IcebergCatalogClient - Table created: test_tenant.users, location=/test_tenant/users
14:44:04.481 [main] DEBUG c.l.c.client.IcebergCatalogClient - Loading table: test_tenant.users
14:44:04.481 [main] INFO  o.a.i.BaseMetastoreTableOperations - Refreshing table metadata from new version: /test_tenant/users/metadata/00000-d1e79d6d-68aa-4ebf-a520-6c70fd5d9abb.metadata.json
14:44:04.481 [main] INFO  o.a.iceberg.BaseMetastoreCatalog - Table loaded by catalog: test-catalog.test_tenant.users
14:44:04.483 [main] INFO  c.l.c.client.IcebergCatalogClient - IcebergCatalogClient closed
]]></system-out>
  </testcase>
  <testcase name="should_WriteAndReadWithSchemaEvolution_When_ColumnAdded" classname="com.lakehouse.catalog.client.IcebergCatalogClientTest" time="0.104">
    <system-out><![CDATA[14:44:04.490 [main] INFO  c.l.c.client.IcebergCatalogClient - IcebergCatalogClient initialized with injected catalog, namespace=test_tenant
14:44:04.490 [main] INFO  c.l.c.client.IcebergCatalogClient - Creating table: test_tenant.users, partitioned=false, explicitLocation=false
14:44:04.490 [main] INFO  o.a.iceberg.BaseMetastoreCatalog - Table properties set at catalog level through catalog properties: {}
14:44:04.490 [main] INFO  o.a.iceberg.BaseMetastoreCatalog - Table properties enforced at catalog level through catalog properties: {}
14:44:04.494 [main] INFO  o.a.i.BaseMetastoreTableOperations - Successfully committed to table test-catalog.test_tenant.users in 1 ms
14:44:04.494 [main] INFO  o.a.i.BaseMetastoreTableOperations - Refreshing table metadata from new version: /test_tenant/users/metadata/00000-1e4acce6-fa54-4631-99d9-9b1e259813bf.metadata.json
14:44:04.496 [main] INFO  c.l.c.client.IcebergCatalogClient - Table created: test_tenant.users, location=/test_tenant/users
14:44:04.496 [main] DEBUG c.l.c.client.IcebergCatalogClient - Loading table: test_tenant.users
14:44:04.496 [main] INFO  o.a.i.BaseMetastoreTableOperations - Refreshing table metadata from new version: /test_tenant/users/metadata/00000-1e4acce6-fa54-4631-99d9-9b1e259813bf.metadata.json
14:44:04.498 [main] INFO  o.a.iceberg.BaseMetastoreCatalog - Table loaded by catalog: test-catalog.test_tenant.users
14:44:04.499 [main] INFO  c.l.c.client.IcebergCatalogClient - Writing 3 records to table users as Parquet: /test_tenant/users/data/b99f2b7e-a20e-4940-80de-24214c5d2860.parquet
14:44:04.560 [main] INFO  o.a.i.BaseMetastoreTableOperations - Successfully committed to table test-catalog.test_tenant.users in 0 ms
14:44:04.560 [main] INFO  org.apache.iceberg.SnapshotProducer - Committed snapshot 6183057909873238894 (MergeAppend)
14:44:04.564 [main] INFO  o.a.i.BaseMetastoreTableOperations - Refreshing table metadata from new version: /test_tenant/users/metadata/00001-e3957b82-7acf-4747-8990-09eb406aef9e.metadata.json
14:44:04.566 [main] INFO  o.a.i.metrics.LoggingMetricsReporter - Received metrics report: CommitReport{tableName=test-catalog.test_tenant.users, snapshotId=6183057909873238894, sequenceNumber=1, operation=append, commitMetrics=CommitMetricsResult{totalDuration=TimerResult{timeUnit=NANOSECONDS, totalDuration=PT0.058183S, count=1}, attempts=CounterResult{unit=COUNT, value=1}, addedDataFiles=CounterResult{unit=COUNT, value=1}, removedDataFiles=null, totalDataFiles=CounterResult{unit=COUNT, value=1}, addedDeleteFiles=null, addedEqualityDeleteFiles=null, addedPositionalDeleteFiles=null, removedDeleteFiles=null, removedEqualityDeleteFiles=null, removedPositionalDeleteFiles=null, totalDeleteFiles=CounterResult{unit=COUNT, value=0}, addedRecords=CounterResult{unit=COUNT, value=3}, removedRecords=null, totalRecords=CounterResult{unit=COUNT, value=3}, addedFilesSizeInBytes=CounterResult{unit=BYTES, value=982}, removedFilesSizeInBytes=null, totalFilesSizeInBytes=CounterResult{unit=BYTES, value=982}, addedPositionalDeletes=null, removedPositionalDeletes=null, totalPositionalDeletes=CounterResult{unit=COUNT, value=0}, addedEqualityDeletes=null, removedEqualityDeletes=null, totalEqualityDeletes=CounterResult{unit=COUNT, value=0}}, metadata={iceberg-version=Apache Iceberg 1.7.1 (commit 4a432839233f2343a9eae8255532f911f06358ef)}}
14:44:04.566 [main] INFO  c.l.c.client.IcebergCatalogClient - Committed 3 records to table users
14:44:04.566 [main] DEBUG c.l.c.client.IcebergCatalogClient - Loading table: test_tenant.users
14:44:04.567 [main] INFO  o.a.i.BaseMetastoreTableOperations - Refreshing table metadata from new version: /test_tenant/users/metadata/00001-e3957b82-7acf-4747-8990-09eb406aef9e.metadata.json
14:44:04.567 [main] INFO  o.a.iceberg.BaseMetastoreCatalog - Table loaded by catalog: test-catalog.test_tenant.users
14:44:04.574 [main] INFO  o.a.i.BaseMetastoreTableOperations - Successfully committed to table test-catalog.test_tenant.users in 2 ms
14:44:04.574 [main] DEBUG c.l.c.client.IcebergCatalogClient - Loading table: test_tenant.users
14:44:04.574 [main] INFO  o.a.i.BaseMetastoreTableOperations - Refreshing table metadata from new version: /test_tenant/users/metadata/00002-37126ad5-ab9b-41ee-a7fc-8e7df420bfe2.metadata.json
14:44:04.574 [main] INFO  o.a.iceberg.BaseMetastoreCatalog - Table loaded by catalog: test-catalog.test_tenant.users
14:44:04.574 [main] INFO  c.l.c.client.IcebergCatalogClient - Reading records from table: users
14:44:04.574 [main] INFO  org.apache.iceberg.SnapshotScan - Scanning table test-catalog.test_tenant.users snapshot 6183057909873238894 created at 2026-05-11T06:44:04.560+00:00 with filter true
14:44:04.590 [main] INFO  c.l.c.client.IcebergCatalogClient - Read 3 records from table users
14:44:04.590 [main] INFO  o.a.i.metrics.LoggingMetricsReporter - Received metrics report: ScanReport{tableName=test-catalog.test_tenant.users, snapshotId=6183057909873238894, filter=true, schemaId=1, projectedFieldIds=[1, 2, 3, 4], projectedFieldNames=[id, name, email, age], scanMetrics=ScanMetricsResult{totalPlanningDuration=TimerResult{timeUnit=NANOSECONDS, totalDuration=PT0.0147992S, count=1}, resultDataFiles=CounterResult{unit=COUNT, value=1}, resultDeleteFiles=CounterResult{unit=COUNT, value=0}, totalDataManifests=CounterResult{unit=COUNT, value=1}, totalDeleteManifests=CounterResult{unit=COUNT, value=0}, scannedDataManifests=CounterResult{unit=COUNT, value=1}, skippedDataManifests=CounterResult{unit=COUNT, value=0}, totalFileSizeInBytes=CounterResult{unit=BYTES, value=982}, totalDeleteFileSizeInBytes=CounterResult{unit=BYTES, value=0}, skippedDataFiles=CounterResult{unit=COUNT, value=0}, skippedDeleteFiles=CounterResult{unit=COUNT, value=0}, scannedDeleteManifests=CounterResult{unit=COUNT, value=0}, skippedDeleteManifests=CounterResult{unit=COUNT, value=0}, indexedDeleteFiles=CounterResult{unit=COUNT, value=0}, equalityDeleteFiles=CounterResult{unit=COUNT, value=0}, positionalDeleteFiles=CounterResult{unit=COUNT, value=0}}, metadata={iceberg-version=Apache Iceberg 1.7.1 (commit 4a432839233f2343a9eae8255532f911f06358ef)}}
14:44:04.591 [main] INFO  c.l.c.client.IcebergCatalogClient - IcebergCatalogClient closed
]]></system-out>
  </testcase>
  <testcase name="should_CreateTableWithProperties_When_PropertiesMapProvided" classname="com.lakehouse.catalog.client.IcebergCatalogClientTest" time="0.007">
    <system-out><![CDATA[14:44:04.596 [main] INFO  c.l.c.client.IcebergCatalogClient - IcebergCatalogClient initialized with injected catalog, namespace=test_tenant
14:44:04.597 [main] INFO  c.l.c.client.IcebergCatalogClient - Creating table: test_tenant.users_with_props, partitioned=false, explicitLocation=false
14:44:04.597 [main] INFO  o.a.iceberg.BaseMetastoreCatalog - Table properties set at catalog level through catalog properties: {}
14:44:04.597 [main] INFO  o.a.iceberg.BaseMetastoreCatalog - Table properties enforced at catalog level through catalog properties: {}
14:44:04.599 [main] INFO  o.a.i.BaseMetastoreTableOperations - Successfully committed to table test-catalog.test_tenant.users_with_props in 0 ms
14:44:04.599 [main] INFO  o.a.i.BaseMetastoreTableOperations - Refreshing table metadata from new version: /test_tenant/users_with_props/metadata/00000-9d798615-b2c5-4a31-b46a-2ab5d5a71507.metadata.json
14:44:04.599 [main] INFO  c.l.c.client.IcebergCatalogClient - Table created: test_tenant.users_with_props, location=/test_tenant/users_with_props
14:44:04.599 [main] INFO  c.l.c.client.IcebergCatalogClient - IcebergCatalogClient closed
]]></system-out>
  </testcase>
  <testcase name="should_HandleLargeBatch_When_WritingManyRecords" classname="com.lakehouse.catalog.client.IcebergCatalogClientTest" time="0.139">
    <system-out><![CDATA[14:44:04.602 [main] INFO  c.l.c.client.IcebergCatalogClient - IcebergCatalogClient initialized with injected catalog, namespace=test_tenant
14:44:04.604 [main] INFO  c.l.c.client.IcebergCatalogClient - Creating table: test_tenant.users, partitioned=false, explicitLocation=false
14:44:04.604 [main] INFO  o.a.iceberg.BaseMetastoreCatalog - Table properties set at catalog level through catalog properties: {}
14:44:04.604 [main] INFO  o.a.iceberg.BaseMetastoreCatalog - Table properties enforced at catalog level through catalog properties: {}
14:44:04.605 [main] INFO  o.a.i.BaseMetastoreTableOperations - Successfully committed to table test-catalog.test_tenant.users in 0 ms
14:44:04.608 [main] INFO  o.a.i.BaseMetastoreTableOperations - Refreshing table metadata from new version: /test_tenant/users/metadata/00000-c5e63081-3358-49b6-814f-30688f6d579f.metadata.json
14:44:04.609 [main] INFO  c.l.c.client.IcebergCatalogClient - Table created: test_tenant.users, location=/test_tenant/users
14:44:04.620 [main] DEBUG c.l.c.client.IcebergCatalogClient - Loading table: test_tenant.users
14:44:04.620 [main] INFO  o.a.i.BaseMetastoreTableOperations - Refreshing table metadata from new version: /test_tenant/users/metadata/00000-c5e63081-3358-49b6-814f-30688f6d579f.metadata.json
14:44:04.621 [main] INFO  o.a.iceberg.BaseMetastoreCatalog - Table loaded by catalog: test-catalog.test_tenant.users
14:44:04.621 [main] INFO  c.l.c.client.IcebergCatalogClient - Writing 1000 records to table users as Parquet: /test_tenant/users/data/7acf35d7-e423-4d62-855d-4d1a67d2825e.parquet
14:44:04.707 [main] INFO  o.a.i.BaseMetastoreTableOperations - Successfully committed to table test-catalog.test_tenant.users in 0 ms
14:44:04.707 [main] INFO  org.apache.iceberg.SnapshotProducer - Committed snapshot 1258726682279116082 (MergeAppend)
14:44:04.711 [main] INFO  o.a.i.BaseMetastoreTableOperations - Refreshing table metadata from new version: /test_tenant/users/metadata/00001-e6bccf64-7666-41fc-9778-0c9811b37c7e.metadata.json
14:44:04.711 [main] INFO  o.a.i.metrics.LoggingMetricsReporter - Received metrics report: CommitReport{tableName=test-catalog.test_tenant.users, snapshotId=1258726682279116082, sequenceNumber=1, operation=append, commitMetrics=CommitMetricsResult{totalDuration=TimerResult{timeUnit=NANOSECONDS, totalDuration=PT0.046264S, count=1}, attempts=CounterResult{unit=COUNT, value=1}, addedDataFiles=CounterResult{unit=COUNT, value=1}, removedDataFiles=null, totalDataFiles=CounterResult{unit=COUNT, value=1}, addedDeleteFiles=null, addedEqualityDeleteFiles=null, addedPositionalDeleteFiles=null, removedDeleteFiles=null, removedEqualityDeleteFiles=null, removedPositionalDeleteFiles=null, totalDeleteFiles=CounterResult{unit=COUNT, value=0}, addedRecords=CounterResult{unit=COUNT, value=1000}, removedRecords=null, totalRecords=CounterResult{unit=COUNT, value=1000}, addedFilesSizeInBytes=CounterResult{unit=BYTES, value=6840}, removedFilesSizeInBytes=null, totalFilesSizeInBytes=CounterResult{unit=BYTES, value=6840}, addedPositionalDeletes=null, removedPositionalDeletes=null, totalPositionalDeletes=CounterResult{unit=COUNT, value=0}, addedEqualityDeletes=null, removedEqualityDeletes=null, totalEqualityDeletes=CounterResult{unit=COUNT, value=0}}, metadata={iceberg-version=Apache Iceberg 1.7.1 (commit 4a432839233f2343a9eae8255532f911f06358ef)}}
14:44:04.711 [main] INFO  c.l.c.client.IcebergCatalogClient - Committed 1000 records to table users
14:44:04.711 [main] DEBUG c.l.c.client.IcebergCatalogClient - Loading table: test_tenant.users
14:44:04.712 [main] INFO  o.a.i.BaseMetastoreTableOperations - Refreshing table metadata from new version: /test_tenant/users/metadata/00001-e6bccf64-7666-41fc-9778-0c9811b37c7e.metadata.json
14:44:04.712 [main] INFO  o.a.iceberg.BaseMetastoreCatalog - Table loaded by catalog: test-catalog.test_tenant.users
14:44:04.712 [main] INFO  c.l.c.client.IcebergCatalogClient - Reading records from table: users
14:44:04.712 [main] INFO  org.apache.iceberg.SnapshotScan - Scanning table test-catalog.test_tenant.users snapshot 1258726682279116082 created at 2026-05-11T06:44:04.707+00:00 with filter true
14:44:04.737 [main] INFO  c.l.c.client.IcebergCatalogClient - Read 1000 records from table users
14:44:04.737 [main] INFO  o.a.i.metrics.LoggingMetricsReporter - Received metrics report: ScanReport{tableName=test-catalog.test_tenant.users, snapshotId=1258726682279116082, filter=true, schemaId=0, projectedFieldIds=[1, 2, 3], projectedFieldNames=[id, name, email], scanMetrics=ScanMetricsResult{totalPlanningDuration=TimerResult{timeUnit=NANOSECONDS, totalDuration=PT0.0249164S, count=1}, resultDataFiles=CounterResult{unit=COUNT, value=1}, resultDeleteFiles=CounterResult{unit=COUNT, value=0}, totalDataManifests=CounterResult{unit=COUNT, value=1}, totalDeleteManifests=CounterResult{unit=COUNT, value=0}, scannedDataManifests=CounterResult{unit=COUNT, value=1}, skippedDataManifests=CounterResult{unit=COUNT, value=0}, totalFileSizeInBytes=CounterResult{unit=BYTES, value=6840}, totalDeleteFileSizeInBytes=CounterResult{unit=BYTES, value=0}, skippedDataFiles=CounterResult{unit=COUNT, value=0}, skippedDeleteFiles=CounterResult{unit=COUNT, value=0}, scannedDeleteManifests=CounterResult{unit=COUNT, value=0}, skippedDeleteManifests=CounterResult{unit=COUNT, value=0}, indexedDeleteFiles=CounterResult{unit=COUNT, value=0}, equalityDeleteFiles=CounterResult{unit=COUNT, value=0}, positionalDeleteFiles=CounterResult{unit=COUNT, value=0}}, metadata={iceberg-version=Apache Iceberg 1.7.1 (commit 4a432839233f2343a9eae8255532f911f06358ef)}}
14:44:04.738 [main] INFO  c.l.c.client.IcebergCatalogClient - IcebergCatalogClient closed
]]></system-out>
  </testcase>
  <testcase name="should_ReturnEmptyList_When_NoTables" classname="com.lakehouse.catalog.client.IcebergCatalogClientTest" time="0.006">
    <system-out><![CDATA[14:44:04.744 [main] INFO  c.l.c.client.IcebergCatalogClient - IcebergCatalogClient initialized with injected catalog, namespace=test_tenant
14:44:04.745 [main] INFO  c.l.c.client.IcebergCatalogClient - IcebergCatalogClient closed
]]></system-out>
  </testcase>
</testsuite>